#
# A fatal error has been detected by the Java Runtime Environment:
#
#  EXCEPTION_ACCESS_VIOLATION (0xc0000005) at pc=0x000001ad1f908846, pid=15000, tid=10196
#
# JRE version: Java(TM) SE Runtime Environment (21.0.6+8) (build 21.0.6+8-LTS-188)
# Java VM: Java HotSpot(TM) 64-Bit Server VM (21.0.6+8-LTS-188, mixed mode, sharing, tiered, compressed oops, compressed class ptrs, g1 gc, windows-amd64)
# Problematic frame:
# J 8512 c1 com.google.common.collect.RegularImmutableMap$Values.get(I)Ljava/lang/Object; (15 bytes) @ 0x000001ad1f908846 [0x000001ad1f9087c0+0x0000000000000086]
#
# No core dump will be written. Minidumps are not enabled by default on client versions of Windows
#
# If you would like to submit a bug report, please visit:
#   https://bugreport.java.com/bugreport/crash.jsp
#

---------------  S U M M A R Y ------------

Command Line: -XX:MaxMetaspaceSize=4G -XX:ReservedCodeCacheSize=512m -XX:+HeapDumpOnOutOfMemoryError --add-opens=java.base/java.util=ALL-UNNAMED --add-opens=java.base/java.lang=ALL-UNNAMED --add-opens=java.base/java.lang.invoke=ALL-UNNAMED --add-opens=java.prefs/java.util.prefs=ALL-UNNAMED --add-exports=jdk.compiler/com.sun.tools.javac.api=ALL-UNNAMED --add-exports=jdk.compiler/com.sun.tools.javac.util=ALL-UNNAMED --add-opens=java.base/java.nio.charset=ALL-UNNAMED --add-opens=java.base/java.net=ALL-UNNAMED --add-opens=java.base/java.util.concurrent.atomic=ALL-UNNAMED -Xmx8G -Dfile.encoding=utf8 -Duser.country=US -Duser.language=en -Duser.variant -javaagent:C:\Users\domen\.gradle\wrapper\dists\gradle-8.10.2-all\7iv73wktx1xtkvlq19urqw1wm\gradle-8.10.2\lib\agents\gradle-instrumentation-agent-8.10.2.jar org.gradle.launcher.daemon.bootstrap.GradleDaemon 8.10.2

Host: AMD Ryzen 5 1400 Quad-Core Processor           , 8 cores, 23G,  Windows 10 , 64 bit Build 19041 (10.0.19041.5794)
Time: Sat May 31 08:02:41 2025 W. Europe Daylight Time elapsed time: 31.373792 seconds (0d 0h 0m 31s)

---------------  T H R E A D  ---------------

Current thread (0x000001ad4c92a9a0):  JavaThread "Daemon worker"        [_thread_in_Java, id=10196, stack(0x0000001a48500000,0x0000001a48600000) (1024K)]

Stack: [0x0000001a48500000,0x0000001a48600000],  sp=0x0000001a485f7050,  free space=988k
Native frames: (J=compiled Java code, j=interpreted, Vv=VM code, C=native code)
C  0x000001ad1f908846

The last pc belongs to nmethod (printed below).

siginfo: EXCEPTION_ACCESS_VIOLATION (0xc0000005), reading address 0x00000000181a4ab3


Registers:
RAX=0x000001ad4e180388, RBX=0x000001ad8e8969b8, RCX=0x0000000000000001, RDX=0x00000000181a4ab3
RSP=0x0000001a485f7050, RBP=0x0000001a485f7348, RSI=0x000001ad91b01850, RDI=0x0000000000000514
R8 =0x0000000000000000, R9 =0x00000006006b85f0, R10=0x000001ad4d000000, R11=0x0000000000000002
R12=0x0000000000000000, R13=0x0000000000000258, R14=0x000001ad4d010f38, R15=0x000001ad4c92a9a0
RIP=0x000001ad1f908846, EFLAGS=0x0000000000010212


Register to memory mapping:

RAX=0x000001ad4e180388 is a pointer to class: 
com.google.common.collect.RegularImmutableMap$Values {0x000001ad4e180390}
 - instance size:     2
 - klass size:        199
 - access:            final synchronized 
 - flags:             rewritten has_nonstatic_fields should_verify_class has_nonstatic_concrete_methods has_localvariable_table has_miranda_methods 
 - state:             fully_initialized
 - name:              'com/google/common/collect/RegularImmutableMap$Values'
 - super:             'com/google/common/collect/ImmutableList'
 - sub:               
 - arrays:            null
 - methods:           Array<T>(0x000001ad8e896858)
 - method ordering:   Array<T>(0x000001ad4db32348)
 - default_methods:   Array<T>(0x000001ad8e896bb0)
 - default vtable indices:   Array<T>(0x000001ad8e896c10)
 - local interfaces:  Array<T>(0x000001ad4d613f68)
 - trans. interfaces: Array<T>(0x000001ad8e598ef8)
 - constants:         constant pool [63] {0x000001ad8e8965e8} for 'com/google/common/collect/RegularImmutableMap$Values' cache=0x000001ad8ee98f48
 - class loader data:  loader data: 0x000001ad4cb5b340 for instance a 'org/gradle/internal/classloader/VisitableURLClassLoader'{0x00000006004011c0}
 - source file:       'RegularImmutableMap.java'
 - generic signature: '<K:Ljava/lang/Object;V:Ljava/lang/Object;>Lcom/google/common/collect/ImmutableList<TV;>;'
 - inner classes:     Array<T>(0x000001ad8e896b68)
 - nest members:     Array<T>(0x000001ad4d613ef0)
 - permitted subclasses:     Array<T>(0x000001ad4d613ef0)
 - java mirror:       a 'java/lang/Class'{0x000000060170c608} = 'com/google/common/collect/RegularImmutableMap$Values'
 - vtable length      53  (start addr: 0x000001ad4e180548)
 - itable length      89 (start addr: 0x000001ad4e1806f0)
 - ---- static fields (0 words):
 - ---- non-static fields (1 words):
 - final 'map' 'Lcom/google/common/collect/RegularImmutableMap;' @12 
 - non-static oop maps: 12-12 
RBX={method} {0x000001ad8e8969c0} 'get' '(I)Ljava/lang/Object;' in 'com/google/common/collect/RegularImmutableMap$Values'
RCX=0x0000000000000001 is an unknown value
RDX=0x00000000181a4ab3 is an unknown value
RSP=0x0000001a485f7050 is pointing into the stack for thread: 0x000001ad4c92a9a0
RBP=0x0000001a485f7348 is pointing into the stack for thread: 0x000001ad4c92a9a0
RSI=0x000001ad91b01850 is pointing into metadata
RDI=0x0000000000000514 is an unknown value
R8 =0x0 is null
R9 =0x00000006006b85f0 is an oop: java.lang.String 
{0x00000006006b85f0} - klass: 'java/lang/String'
 - string: "index"
 - ---- fields (total size 3 words):
 - private 'hash' 'I' @12  100346066 (0x05fb28d2)
 - private final 'coder' 'B' @16  0 (0x00)
 - private 'hashIsZero' 'Z' @17  false (0x00)
 - injected 'flags' 'B' @18  0 (0x00)
 - private final 'value' '[B' @20  [B{0x00000006006b8938} (0xc00d7127)
R10=0x000001ad4d000000 is pointing into metadata
R11=0x0000000000000002 is an unknown value
R12=0x0 is null
R13=0x0000000000000258 is an unknown value
R14=0x000001ad4d010f38 is a pointer to class: 
java.util.Iterator {0x000001ad4d010f40}
 - instance size:     2
 - klass size:        62
 - access:            public interface abstract 
 - flags:             rewritten has_nonstatic_concrete_methods declares_nonstatic_concrete_methods is_shared_boot_class has_localvariable_table 
 - state:             fully_initialized
 - name:              'java/util/Iterator'
 - super:             'java/lang/Object'
 - sub:               
 - nof implementors:  2
 - arrays:            'java/util/Iterator'[]
 - methods:           Array<T>(0x000001ad4d62a328)
 - method ordering:   Array<T>(0x000001ad4d62a350)
 - default_methods:   Array<T>(0x0000000000000000)
 - local interfaces:  Array<T>(0x000001ad4d613f68)
 - trans. interfaces: Array<T>(0x000001ad4d613f68)
 - constants:         constant pool [53] {0x000001ad4d62a140} for 'java/util/Iterator' cache=0x000001ad4d453478
 - class loader data:  loader data: 0x000001ad4c074df0 of 'bootstrap'
 - source file:       'Iterator.java'
 - generic signature: '<E:Ljava/lang/Object;>Ljava/lang/Object;'
 - inner classes:     Array<T>(0x000001ad4d613ef0)
 - nest members:     Array<T>(0x000001ad4d613ef0)
 - permitted subclasses:     Array<T>(0x000001ad4d613ef0)
 - java mirror:       a 'java/lang/Class'{0x00000006004acc98} = 'java/util/Iterator'
 - vtable length      5  (start addr: 0x000001ad4d0110f8)
 - itable length      0 (start addr: 0x000001ad4d011120)
 - ---- static fields (0 words):
 - ---- non-static fields (0 words):
 - non-static oop maps: 
R15=0x000001ad4c92a9a0 is a thread

Top of Stack: (sp=0x0000001a485f7050)
0x0000001a485f7050:   000000060692ace0 000000060692ad58
0x0000001a485f7060:   0000001a485f7060 000001ad8e695a13
0x0000001a485f7070:   0000001a485f7348 000001ad20212f54
0x0000001a485f7080:   000000060692ad68 000000060692ad58
0x0000001a485f7090:   0000000200000000 0000000000000000
0x0000001a485f70a0:   0000001a485f7348 000001ad2fd42680
0x0000001a485f70b0:   000001ad1fdb2254 0000000000000000
0x0000001a485f70c0:   0000001a485f7348 000001ad1fdb23c4
0x0000001a485f70d0:   0000001a485f7100 0000000000000000
0x0000001a485f70e0:   0000ecaafdb406fb 00007ffda761a60a
0x0000001a485f70f0:   0000000600000001 0000000602b77fb8
0x0000001a485f7100:   00000006024f36c8 00000006068e9bc0
0x0000001a485f7110:   0000000600c0c390 0000000600412578
0x0000001a485f7120:   0000000000000000 0000001a485f7170
0x0000001a485f7130:   000000060692ace0 000001ad00000002
0x0000001a485f7140:   000000060692ad20 000000060692ad68
0x0000001a485f7150:   0000000000000000 000000060692ad08
0x0000001a485f7160:   0000001a485f7348 000001ad1ff86f1c
0x0000001a485f7170:   000000060692ad08 0000000606927720
0x0000001a485f7180:   000001ad2f4d36e0 000001ad4c92a9a0
0x0000001a485f7190:   0000000000000028 0000000000000028
0x0000001a485f71a0:   0000000000000000 00000006069277b8
0x0000001a485f71b0:   0000000606922d88 000001ad4d001240
0x0000001a485f71c0:   0000000606927710 000001ad2fb8b4bf
0x0000001a485f71d0:   0000000606926bd0 000001ad4c92a9a0
0x0000001a485f71e0:   0000001a485f7260 000001ad2f4a8860
0x0000001a485f71f0:   000001ad2f4a8860 0000000606922ce0
0x0000001a485f7200:   000000000000003d 0000000000000028
0x0000001a485f7210:   0000000606919ed8 0000001a485f7218
0x0000001a485f7220:   0000001a485f72d8 00000006069127b8
0x0000001a485f7230:   000000060692a740 00000006068e9bc0
0x0000001a485f7240:   000000060692a6c8 000000060692ace0 

Instructions: (pc=0x000001ad1f908846)
0x000001ad1f908746:   00 00 18 00 00 00 40 21 00 00 00 00 00 00 02 00
0x000001ad1f908756:   00 00 ff ff ff ff ff ff ff ff 03 04 00 00 00 00
0x000001ad1f908766:   00 00 08 00 00 00 00 00 00 00 14 30 22 31 05 60
0x000001ad1f908776:   51 60 0a 78 9b 11 05 80 0d 58 0e 60 17 31 0a 31
0x000001ad1f908786:   05 31 05 31 0e 31 05 31 51 78 05 40 11 31 27 31
0x000001ad1f908796:   06 00 01 7c e3 fe 05 28 00 60 0a 31 05 31 03 7c
0x000001ad1f9087a6:   b4 a7 a0 46 fd 7f 05 38 0e 30 01 7c 32 ff 0d 48
0x000001ad1f9087b6:   0c 31 00 00 00 00 00 00 00 00 44 8b 52 08 49 bb
0x000001ad1f9087c6:   00 00 00 4d ad 01 00 00 4d 03 d3 4c 3b d0 0f 85
0x000001ad1f9087d6:   a6 5f be 0f 66 0f 1f 44 00 00 89 84 24 00 80 ff
0x000001ad1f9087e6:   ff 55 48 83 ec 20 41 81 7f 20 09 00 00 00 74 05
0x000001ad1f9087f6:   e8 65 c5 bc 0f 48 be 50 18 b0 91 ad 01 00 00 8b
0x000001ad1f908806:   be cc 00 00 00 83 c7 02 89 be cc 00 00 00 81 e7
0x000001ad1f908816:   fe 07 00 00 85 ff 0f 84 e5 00 00 00 8b 52 0c 48
0x000001ad1f908826:   c1 e2 03 8b 52 20 48 c1 e2 03 44 3b 42 0c 0f 83
0x000001ad1f908836:   fd 00 00 00 4d 63 c0 42 8b 54 82 10 48 c1 e2 03
0x000001ad1f908846:   48 3b 02 48 8b f2 48 bf 50 18 b0 91 ad 01 00 00
0x000001ad1f908856:   8b 76 08 49 ba 00 00 00 4d ad 01 00 00 49 03 f2
0x000001ad1f908866:   48 3b b7 20 01 00 00 75 0d 48 83 87 28 01 00 00
0x000001ad1f908876:   01 e9 60 00 00 00 48 3b b7 30 01 00 00 75 0d 48
0x000001ad1f908886:   83 87 38 01 00 00 01 e9 4a 00 00 00 48 83 bf 20
0x000001ad1f908896:   01 00 00 00 75 17 48 89 b7 20 01 00 00 48 c7 87
0x000001ad1f9088a6:   28 01 00 00 01 00 00 00 e9 29 00 00 00 48 83 bf
0x000001ad1f9088b6:   30 01 00 00 00 75 17 48 89 b7 30 01 00 00 48 c7
0x000001ad1f9088c6:   87 38 01 00 00 01 00 00 00 e9 08 00 00 00 48 83
0x000001ad1f9088d6:   87 10 01 00 00 01 90 48 b8 c0 55 06 96 ad 01 00
0x000001ad1f9088e6:   00 e8 a4 53 cb 0f 0f 1f 84 00 dc 02 00 00 48 83
0x000001ad1f9088f6:   c4 20 5d 49 3b a7 48 04 00 00 0f 87 44 00 00 00
0x000001ad1f908906:   c3 49 ba b8 69 89 8e ad 01 00 00 4c 89 54 24 08
0x000001ad1f908916:   48 c7 04 24 ff ff ff ff e8 5d d3 ca 0f e9 fa fe
0x000001ad1f908926:   ff ff e8 53 82 ca 0f e8 4e 82 ca 0f e8 49 82 ca
0x000001ad1f908936:   0f 4c 89 04 24 48 89 54 24 08 e8 3b 79 ca 0f e8 


Stack slot to memory mapping:

stack at sp + 0 slots: 0x000000060692ace0 is an oop: com.google.common.collect.RegularImmutableMap 
{0x000000060692ace0} - klass: 'com/google/common/collect/RegularImmutableMap'
 - ---- fields (total size 5 words):
 - private transient 'entrySet' 'Lcom/google/common/collect/ImmutableSet;' @12  null (0x00000000)
 - private transient 'keySet' 'Lcom/google/common/collect/ImmutableSet;' @16  null (0x00000000)
 - private transient 'values' 'Lcom/google/common/collect/ImmutableCollection;' @20  a 'com/google/common/collect/RegularImmutableMap$Values'{0x000000060692ad58} (0xc0d255ab)
 - private transient 'multimapView' 'Lcom/google/common/collect/ImmutableSetMultimap;' @24  null (0x00000000)
 - private final transient 'mask' 'I' @28  1 (0x00000001)
 - final transient 'entries' '[Ljava/util/Map$Entry;' @32  a 'com/google/common/collect/ImmutableMapEntry'[2] {0x000000060692ac98} (0xc0d25593)
 - private final transient 'table' '[Lcom/google/common/collect/ImmutableMapEntry;' @36  a 'com/google/common/collect/ImmutableMapEntry'[2] {0x000000060692acb0} (0xc0d25596)
stack at sp + 1 slots: 0x000000060692ad58 is an oop: com.google.common.collect.RegularImmutableMap$Values 
{0x000000060692ad58} - klass: 'com/google/common/collect/RegularImmutableMap$Values'
 - ---- fields (total size 2 words):
 - final 'map' 'Lcom/google/common/collect/RegularImmutableMap;' @12  a 'com/google/common/collect/RegularImmutableMap'{0x000000060692ace0} (0xc0d2559c)
stack at sp + 2 slots: 0x0000001a485f7060 is pointing into the stack for thread: 0x000001ad4c92a9a0
stack at sp + 3 slots: 0x000001ad8e695a13 is pointing into metadata
stack at sp + 4 slots: 0x0000001a485f7348 is pointing into the stack for thread: 0x000001ad4c92a9a0
stack at sp + 5 slots: 0x000001ad20212f54 is at entry_point+276 in (nmethod*)0x000001ad20212c90
Compiled method (c1)   31508 5940       3       com.google.common.collect.ImmutableList$1::get (9 bytes)
 total in heap  [0x000001ad20212c90,0x000001ad202130b0] = 1056
 relocation     [0x000001ad20212df0,0x000001ad20212e30] = 64
 main code      [0x000001ad20212e40,0x000001ad20212fd8] = 408
 stub code      [0x000001ad20212fd8,0x000001ad20213020] = 72
 oops           [0x000001ad20213020,0x000001ad20213028] = 8
 metadata       [0x000001ad20213028,0x000001ad20213030] = 8
 scopes data    [0x000001ad20213030,0x000001ad20213048] = 24
 scopes pcs     [0x000001ad20213048,0x000001ad20213098] = 80
 dependencies   [0x000001ad20213098,0x000001ad202130a0] = 8
 nul chk table  [0x000001ad202130a0,0x000001ad202130b0] = 16
stack at sp + 6 slots: 0x000000060692ad68 is an oop: com.google.common.collect.ImmutableList$1 
{0x000000060692ad68} - klass: 'com/google/common/collect/ImmutableList$1'
 - ---- fields (total size 3 words):
 - private final 'size' 'I' @12  2 (0x00000002)
 - private 'position' 'I' @16  1 (0x00000001)
 - final synthetic 'this$0' 'Lcom/google/common/collect/ImmutableList;' @20  a 'com/google/common/collect/RegularImmutableMap$Values'{0x000000060692ad58} (0xc0d255ab)
stack at sp + 7 slots: 0x000000060692ad58 is an oop: com.google.common.collect.RegularImmutableMap$Values 
{0x000000060692ad58} - klass: 'com/google/common/collect/RegularImmutableMap$Values'
 - ---- fields (total size 2 words):
 - final 'map' 'Lcom/google/common/collect/RegularImmutableMap;' @12  a 'com/google/common/collect/RegularImmutableMap'{0x000000060692ace0} (0xc0d2559c)


Compiled method (c1)   31515 8512       3       com.google.common.collect.RegularImmutableMap$Values::get (15 bytes)
 total in heap  [0x000001ad1f908610,0x000001ad1f908ac8] = 1208
 relocation     [0x000001ad1f908770,0x000001ad1f9087b8] = 72
 main code      [0x000001ad1f9087c0,0x000001ad1f908988] = 456
 stub code      [0x000001ad1f908988,0x000001ad1f9089d0] = 72
 oops           [0x000001ad1f9089d0,0x000001ad1f9089d8] = 8
 metadata       [0x000001ad1f9089d8,0x000001ad1f9089e0] = 8
 scopes data    [0x000001ad1f9089e0,0x000001ad1f908a08] = 40
 scopes pcs     [0x000001ad1f908a08,0x000001ad1f908a98] = 144
 dependencies   [0x000001ad1f908a98,0x000001ad1f908aa0] = 8
 nul chk table  [0x000001ad1f908aa0,0x000001ad1f908ac8] = 40

[Constant Pool (empty)]

[MachCode]
[Entry Point]
  # {method} {0x000001ad8e8969c0} 'get' '(I)Ljava/lang/Object;' in 'com/google/common/collect/RegularImmutableMap$Values'
  # this:     rdx:rdx   = 'com/google/common/collect/RegularImmutableMap$Values'
  # parm0:    r8        = int
  #           [sp+0x30]  (sp of caller)
  0x000001ad1f9087c0: 448b 5208 | 49bb 0000 | 004d ad01 | 0000 4d03 | d34c 3bd0 

  0x000001ad1f9087d4: ;   {runtime_call ic_miss_stub}
  0x000001ad1f9087d4: 0f85 a65f | be0f 660f | 1f44 0000 
[Verified Entry Point]
  0x000001ad1f9087e0: 8984 2400 | 80ff ff55 | 4883 ec20 | 4181 7f20 | 0900 0000 

  0x000001ad1f9087f4: ;   {runtime_call StubRoutines (final stubs)}
  0x000001ad1f9087f4: 7405 e865 

  0x000001ad1f9087f8: ;   {metadata(method data for {method} {0x000001ad8e8969c0} 'get' '(I)Ljava/lang/Object;' in 'com/google/common/collect/RegularImmutableMap$Values')}
  0x000001ad1f9087f8: c5bc 0f48 | be50 18b0 | 91ad 0100 | 008b becc | 0000 0083 | c702 89be | cc00 0000 | 81e7 fe07 
  0x000001ad1f908818: 0000 85ff | 0f84 e500 | 0000 8b52 | 0c48 c1e2 | 038b 5220 | 48c1 e203 

  0x000001ad1f908830: ; implicit exception: dispatches to 0x000001ad1f90892d
  0x000001ad1f908830: 443b 420c | 0f83 fd00 | 0000 4d63 | c042 8b54 | 8210 48c1 | e203 483b | 0248 8bf2 

  0x000001ad1f90884c: ;   {metadata(method data for {method} {0x000001ad8e8969c0} 'get' '(I)Ljava/lang/Object;' in 'com/google/common/collect/RegularImmutableMap$Values')}
  0x000001ad1f90884c: 48bf 5018 | b091 ad01 | 0000 8b76 | 0849 ba00 | 0000 4dad | 0100 0049 | 03f2 483b | b720 0100 
  0x000001ad1f90886c: 0075 0d48 | 8387 2801 | 0000 01e9 | 6000 0000 | 483b b730 | 0100 0075 | 0d48 8387 | 3801 0000 
  0x000001ad1f90888c: 01e9 4a00 | 0000 4883 | bf20 0100 | 0000 7517 | 4889 b720 | 0100 0048 | c787 2801 | 0000 0100 
  0x000001ad1f9088ac: 0000 e929 | 0000 0048 | 83bf 3001 | 0000 0075 | 1748 89b7 | 3001 0000 | 48c7 8738 | 0100 0001 
  0x000001ad1f9088cc: 0000 00e9 | 0800 0000 | 4883 8710 | 0100 0001 | 9048 b8c0 | 5506 96ad 

  0x000001ad1f9088e4: ;   {virtual_call}
  0x000001ad1f9088e4: 0100 00e8 

  0x000001ad1f9088e8: ; ImmutableOopMap {}
                      ;*invokeinterface getValue {reexecute=0 rethrow=0 return_oop=0}
                      ; - com.google.common.collect.RegularImmutableMap$Values::get@9 (line 384)
  0x000001ad1f9088e8: a453 cb0f 

  0x000001ad1f9088ec: ;   {other}
  0x000001ad1f9088ec: 0f1f 8400 | dc02 0000 | 4883 c420 

  0x000001ad1f9088f8: ;   {poll_return}
  0x000001ad1f9088f8: 5d49 3ba7 | 4804 0000 | 0f87 4400 

  0x000001ad1f908904: ;   {metadata({method} {0x000001ad8e8969c0} 'get' '(I)Ljava/lang/Object;' in 'com/google/common/collect/RegularImmutableMap$Values')}
  0x000001ad1f908904: 0000 c349 | bab8 6989 | 8ead 0100 | 004c 8954 | 2408 48c7 | 0424 ffff 

  0x000001ad1f90891c: ;   {runtime_call counter_overflow Runtime1 stub}
  0x000001ad1f90891c: ffff e85d 

  0x000001ad1f908920: ; ImmutableOopMap {rdx=Oop }
                      ;*synchronization entry
                      ; - com.google.common.collect.RegularImmutableMap$Values::get@-1 (line 384)
  0x000001ad1f908920: d3ca 0fe9 | fafe ffff 

  0x000001ad1f908928: ;   {runtime_call throw_null_pointer_exception Runtime1 stub}
  0x000001ad1f908928: e853 82ca 

  0x000001ad1f90892c: ; ImmutableOopMap {}
                      ;*getfield entries {reexecute=1 rethrow=0 return_oop=0}
                      ; - (reexecute) com.google.common.collect.RegularImmutableMap$Values::get@4 (line 384)
                      ;   {runtime_call throw_null_pointer_exception Runtime1 stub}
  0x000001ad1f90892c: 0fe8 4e82 

  0x000001ad1f908930: ; ImmutableOopMap {rdx=Oop }
                      ;*aaload {reexecute=0 rethrow=0 return_oop=0}
                      ; - com.google.common.collect.RegularImmutableMap$Values::get@8 (line 384)
                      ;   {runtime_call throw_null_pointer_exception Runtime1 stub}
  0x000001ad1f908930: ca0f e849 

  0x000001ad1f908934: ; ImmutableOopMap {rdx=Oop }
                      ;*aaload {reexecute=0 rethrow=0 return_oop=0}
                      ; - com.google.common.collect.RegularImmutableMap$Values::get@8 (line 384)
  0x000001ad1f908934: 82ca 0f4c | 8904 2448 | 8954 2408 

  0x000001ad1f908940: ;   {runtime_call throw_range_check_failed Runtime1 stub}
  0x000001ad1f908940: e83b 79ca 

  0x000001ad1f908944: ; ImmutableOopMap {rdx=Oop }
                      ;*aaload {reexecute=0 rethrow=0 return_oop=0}
                      ; - com.google.common.collect.RegularImmutableMap$Values::get@8 (line 384)
                      ;   {runtime_call throw_null_pointer_exception Runtime1 stub}
  0x000001ad1f908944: 0fe8 3682 

  0x000001ad1f908948: ; ImmutableOopMap {rdx=Oop }
                      ;*invokeinterface getValue {reexecute=0 rethrow=0 return_oop=0}
                      ; - com.google.common.collect.RegularImmutableMap$Values::get@9 (line 384)
                      ;   {internal_word}
  0x000001ad1f908948: ca0f 49ba | f988 901f | ad01 0000 | 4d89 9760 

  0x000001ad1f908958: ;   {runtime_call SafepointBlob}
  0x000001ad1f908958: 0400 00e9 | a0cd be0f | 498b 87f8 | 0400 0049 | c787 f804 | 0000 0000 | 0000 49c7 | 8700 0500 
  0x000001ad1f908978: 0000 0000 | 0048 83c4 

  0x000001ad1f908980: ;   {runtime_call unwind_exception Runtime1 stub}
  0x000001ad1f908980: 205d e9f9 | 72ca 0ff4 
[Stub Code]
  0x000001ad1f908988: ;   {no_reloc}
  0x000001ad1f908988: 0f1f 4400 

  0x000001ad1f90898c: ;   {static_stub}
  0x000001ad1f90898c: 0048 bb00 | 0000 0000 

  0x000001ad1f908994: ;   {runtime_call}
  0x000001ad1f908994: 0000 00e9 | fbff ffff 
[Exception Handler]
  0x000001ad1f90899c: ;   {runtime_call handle_exception_from_callee Runtime1 stub}
  0x000001ad1f90899c: e8df 9fca 

  0x000001ad1f9089a0: ;   {external_word}
  0x000001ad1f9089a0: 0f48 b9a0 | 46b4 a7fd | 7f00 0048 

  0x000001ad1f9089ac: ;   {runtime_call}
  0x000001ad1f9089ac: 83e4 f048 | b8b0 287c | a7fd 7f00 | 00ff d0f4 
[Deopt Handler Code]
  0x000001ad1f9089bc: ;   {section_word}
  0x000001ad1f9089bc: 49ba bc89 | 901f ad01 | 0000 4152 

  0x000001ad1f9089c8: ;   {runtime_call DeoptimizationBlob}
  0x000001ad1f9089c8: e9d3 bfbe | 0ff4 f4f4 
[/MachCode]


---------------  P R O C E S S  ---------------

Threads class SMR info:
_java_thread_list=0x000001ad94fb8ec0, length=65, elements={
0x000001ad172e8330, 0x000001ad4c1cdb40, 0x000001ad4c1cea00, 0x000001ad4c1d2d40,
0x000001ad4c1d3940, 0x000001ad4c1d4ce0, 0x000001ad4c1d9580, 0x000001ad4c1dcab0,
0x000001ad4c1df8b0, 0x000001ad4c92b030, 0x000001ad4c927bb0, 0x000001ad4c9295f0,
0x000001ad4c928240, 0x000001ad4c9288d0, 0x000001ad4c928f60, 0x000001ad4c92a310,
0x000001ad4c929c80, 0x000001ad4c92a9a0, 0x000001ad9396c190, 0x000001ad9396ceb0,
0x000001ad939709c0, 0x000001ad9396c820, 0x000001ad93970330, 0x000001ad9396e8f0,
0x000001ad93971050, 0x000001ad9396d540, 0x000001ad939716e0, 0x000001ad9396bb00,
0x000001ad9396ef80, 0x000001ad93971d70, 0x000001ad9396dbd0, 0x000001ad93972400,
0x000001ad9396e260, 0x000001ad9396f610, 0x000001ad9396fca0, 0x000001ad96572be0,
0x000001ad96572550, 0x000001ad9656dd20, 0x000001ad96573270, 0x000001ad9656ea40,
0x000001ad96573f90, 0x000001ad96571830, 0x000001ad96574620, 0x000001ad9656d690,
0x000001ad9656e3b0, 0x000001ad9656f0d0, 0x000001ad9656f760, 0x000001ad9656fdf0,
0x000001ad96570480, 0x000001ad96570b10, 0x000001ad965711a0, 0x000001ad962e7d60,
0x000001ad962e83f0, 0x000001ad962e76d0, 0x000001ad962e4f70, 0x000001ad962e5600,
0x000001ad962e1af0, 0x000001ad962e2180, 0x000001ad962e2810, 0x000001ad962e6320,
0x000001ad962e3bc0, 0x000001ad962e2ea0, 0x000001ad962e69b0, 0x000001ad962e7040,
0x000001ad95753260
}

Java Threads: ( => current thread )
  0x000001ad172e8330 JavaThread "main"                              [_thread_blocked, id=22860, stack(0x0000001a46500000,0x0000001a46600000) (1024K)]
  0x000001ad4c1cdb40 JavaThread "Reference Handler"          daemon [_thread_blocked, id=1216, stack(0x0000001a46d00000,0x0000001a46e00000) (1024K)]
  0x000001ad4c1cea00 JavaThread "Finalizer"                  daemon [_thread_blocked, id=10276, stack(0x0000001a46e00000,0x0000001a46f00000) (1024K)]
  0x000001ad4c1d2d40 JavaThread "Signal Dispatcher"          daemon [_thread_blocked, id=892, stack(0x0000001a46f00000,0x0000001a47000000) (1024K)]
  0x000001ad4c1d3940 JavaThread "Attach Listener"            daemon [_thread_blocked, id=14256, stack(0x0000001a47000000,0x0000001a47100000) (1024K)]
  0x000001ad4c1d4ce0 JavaThread "Service Thread"             daemon [_thread_blocked, id=22924, stack(0x0000001a47100000,0x0000001a47200000) (1024K)]
  0x000001ad4c1d9580 JavaThread "Monitor Deflation Thread"   daemon [_thread_blocked, id=11732, stack(0x0000001a47200000,0x0000001a47300000) (1024K)]
  0x000001ad4c1dcab0 JavaThread "C2 CompilerThread0"         daemon [_thread_blocked, id=12204, stack(0x0000001a47300000,0x0000001a47400000) (1024K)]
  0x000001ad4c1df8b0 JavaThread "C1 CompilerThread0"         daemon [_thread_blocked, id=19628, stack(0x0000001a47400000,0x0000001a47500000) (1024K)]
  0x000001ad4c92b030 JavaThread "Common-Cleaner"             daemon [_thread_blocked, id=23336, stack(0x0000001a47500000,0x0000001a47600000) (1024K)]
  0x000001ad4c927bb0 JavaThread "Notification Thread"        daemon [_thread_blocked, id=5112, stack(0x0000001a47600000,0x0000001a47700000) (1024K)]
  0x000001ad4c9295f0 JavaThread "Daemon health stats"               [_thread_blocked, id=4572, stack(0x0000001a47f00000,0x0000001a48000000) (1024K)]
  0x000001ad4c928240 JavaThread "Incoming local TCP Connector on port 64646"        [_thread_in_native, id=7460, stack(0x0000001a47700000,0x0000001a47800000) (1024K)]
  0x000001ad4c9288d0 JavaThread "Daemon periodic checks"            [_thread_blocked, id=23332, stack(0x0000001a48000000,0x0000001a48100000) (1024K)]
  0x000001ad4c928f60 JavaThread "Daemon"                            [_thread_blocked, id=21920, stack(0x0000001a48200000,0x0000001a48300000) (1024K)]
  0x000001ad4c92a310 JavaThread "Handler for socket connection from /127.0.0.1:64646 to /127.0.0.1:64648"        [_thread_in_native, id=21376, stack(0x0000001a48300000,0x0000001a48400000) (1024K)]
  0x000001ad4c929c80 JavaThread "Cancel handler"                    [_thread_blocked, id=22864, stack(0x0000001a48400000,0x0000001a48500000) (1024K)]
=>0x000001ad4c92a9a0 JavaThread "Daemon worker"                     [_thread_in_Java, id=10196, stack(0x0000001a48500000,0x0000001a48600000) (1024K)]
  0x000001ad9396c190 JavaThread "Asynchronous log dispatcher for DefaultDaemonConnection: socket connection from /127.0.0.1:64646 to /127.0.0.1:64648"        [_thread_blocked, id=20008, stack(0x0000001a48600000,0x0000001a48700000) (1024K)]
  0x000001ad9396ceb0 JavaThread "Stdin handler"                     [_thread_blocked, id=21604, stack(0x0000001a48700000,0x0000001a48800000) (1024K)]
  0x000001ad939709c0 JavaThread "Daemon client event forwarder"        [_thread_blocked, id=18748, stack(0x0000001a48800000,0x0000001a48900000) (1024K)]
  0x000001ad9396c820 JavaThread "Cache worker for journal cache (C:\Users\domen\.gradle\caches\journal-1)"        [_thread_blocked, id=22572, stack(0x0000001a48100000,0x0000001a48200000) (1024K)]
  0x000001ad93970330 JavaThread "File lock request listener"        [_thread_in_native, id=22412, stack(0x0000001a48900000,0x0000001a48a00000) (1024K)]
  0x000001ad9396e8f0 JavaThread "Cache worker for file hash cache (C:\Users\domen\.gradle\caches\8.10.2\fileHashes)"        [_thread_blocked, id=14796, stack(0x0000001a48a00000,0x0000001a48b00000) (1024K)]
  0x000001ad93971050 JavaThread "Cache worker for file hash cache (C:\Users\domen\Desktop\DietiEstates25\GUI\dietiestate25\android\.gradle\8.10.2\fileHashes)"        [_thread_blocked, id=16964, stack(0x0000001a48e00000,0x0000001a48f00000) (1024K)]
  0x000001ad9396d540 JavaThread "Cache worker for Build Output Cleanup Cache (C:\Users\domen\Desktop\DietiEstates25\GUI\dietiestate25\android\.gradle\buildOutputCleanup)"        [_thread_blocked, id=21456, stack(0x0000001a48f00000,0x0000001a49000000) (1024K)]
  0x000001ad939716e0 JavaThread "File watcher server"        daemon [_thread_in_native, id=10508, stack(0x0000001a48b00000,0x0000001a48c00000) (1024K)]
  0x000001ad9396bb00 JavaThread "File watcher consumer"      daemon [_thread_blocked, id=21784, stack(0x0000001a48d00000,0x0000001a48e00000) (1024K)]
  0x000001ad9396ef80 JavaThread "jar transforms"                    [_thread_blocked, id=23444, stack(0x0000001a49100000,0x0000001a49200000) (1024K)]
  0x000001ad93971d70 JavaThread "jar transforms Thread 2"           [_thread_blocked, id=3312, stack(0x0000001a49200000,0x0000001a49300000) (1024K)]
  0x000001ad9396dbd0 JavaThread "jar transforms Thread 3"           [_thread_blocked, id=2764, stack(0x0000001a49300000,0x0000001a49400000) (1024K)]
  0x000001ad93972400 JavaThread "Cache worker for checksums cache (C:\Users\domen\Desktop\DietiEstates25\GUI\dietiestate25\android\.gradle\8.10.2\checksums)"        [_thread_blocked, id=2924, stack(0x0000001a49500000,0x0000001a49600000) (1024K)]
  0x000001ad9396e260 JavaThread "Cache worker for file content cache (C:\Users\domen\.gradle\caches\8.10.2\fileContent)"        [_thread_blocked, id=22044, stack(0x0000001a49600000,0x0000001a49700000) (1024K)]
  0x000001ad9396f610 JavaThread "Cache worker for cache directory md-rule (C:\Users\domen\.gradle\caches\8.10.2\md-rule)"        [_thread_blocked, id=18088, stack(0x0000001a49700000,0x0000001a49800000) (1024K)]
  0x000001ad9396fca0 JavaThread "Cache worker for cache directory md-supplier (C:\Users\domen\.gradle\caches\8.10.2\md-supplier)"        [_thread_blocked, id=5968, stack(0x0000001a49800000,0x0000001a49900000) (1024K)]
  0x000001ad96572be0 JavaThread "jar transforms Thread 4"           [_thread_blocked, id=22520, stack(0x0000001a49900000,0x0000001a49a00000) (1024K)]
  0x000001ad96572550 JavaThread "jar transforms Thread 5"           [_thread_blocked, id=4252, stack(0x0000001a49a00000,0x0000001a49b00000) (1024K)]
  0x000001ad9656dd20 JavaThread "jar transforms Thread 6"           [_thread_blocked, id=8556, stack(0x0000001a49b00000,0x0000001a49c00000) (1024K)]
  0x000001ad96573270 JavaThread "jar transforms Thread 7"           [_thread_blocked, id=14264, stack(0x0000001a49c00000,0x0000001a49d00000) (1024K)]
  0x000001ad9656ea40 JavaThread "jar transforms Thread 8"           [_thread_blocked, id=7820, stack(0x0000001a49d00000,0x0000001a49e00000) (1024K)]
  0x000001ad96573f90 JavaThread "Cache worker for Build Output Cleanup Cache (C:\src\flutter\packages\flutter_tools\gradle\.gradle\buildOutputCleanup)"        [_thread_blocked, id=15064, stack(0x0000001a49400000,0x0000001a49500000) (1024K)]
  0x000001ad96571830 JavaThread "Unconstrained build operations"        [_thread_blocked, id=13692, stack(0x0000001a49000000,0x0000001a49100000) (1024K)]
  0x000001ad96574620 JavaThread "Unconstrained build operations Thread 2"        [_thread_blocked, id=22848, stack(0x0000001a49e00000,0x0000001a49f00000) (1024K)]
  0x000001ad9656d690 JavaThread "Unconstrained build operations Thread 3"        [_thread_blocked, id=21428, stack(0x0000001a49f00000,0x0000001a4a000000) (1024K)]
  0x000001ad9656e3b0 JavaThread "Unconstrained build operations Thread 4"        [_thread_blocked, id=14752, stack(0x0000001a4a000000,0x0000001a4a100000) (1024K)]
  0x000001ad9656f0d0 JavaThread "Unconstrained build operations Thread 5"        [_thread_blocked, id=23388, stack(0x0000001a4a100000,0x0000001a4a200000) (1024K)]
  0x000001ad9656f760 JavaThread "Unconstrained build operations Thread 6"        [_thread_blocked, id=1120, stack(0x0000001a4a200000,0x0000001a4a300000) (1024K)]
  0x000001ad9656fdf0 JavaThread "Unconstrained build operations Thread 7"        [_thread_blocked, id=21152, stack(0x0000001a4a300000,0x0000001a4a400000) (1024K)]
  0x000001ad96570480 JavaThread "Unconstrained build operations Thread 8"        [_thread_blocked, id=13408, stack(0x0000001a4a400000,0x0000001a4a500000) (1024K)]
  0x000001ad96570b10 JavaThread "Unconstrained build operations Thread 9"        [_thread_blocked, id=2560, stack(0x0000001a4a500000,0x0000001a4a600000) (1024K)]
  0x000001ad965711a0 JavaThread "Unconstrained build operations Thread 10"        [_thread_blocked, id=22616, stack(0x0000001a4a600000,0x0000001a4a700000) (1024K)]
  0x000001ad962e7d60 JavaThread "Unconstrained build operations Thread 11"        [_thread_blocked, id=8, stack(0x0000001a4a700000,0x0000001a4a800000) (1024K)]
  0x000001ad962e83f0 JavaThread "Unconstrained build operations Thread 12"        [_thread_blocked, id=16832, stack(0x0000001a4a800000,0x0000001a4a900000) (1024K)]
  0x000001ad962e76d0 JavaThread "Unconstrained build operations Thread 13"        [_thread_blocked, id=23448, stack(0x0000001a4a900000,0x0000001a4aa00000) (1024K)]
  0x000001ad962e4f70 JavaThread "Unconstrained build operations Thread 14"        [_thread_blocked, id=22672, stack(0x0000001a4aa00000,0x0000001a4ab00000) (1024K)]
  0x000001ad962e5600 JavaThread "Unconstrained build operations Thread 15"        [_thread_blocked, id=552, stack(0x0000001a4ab00000,0x0000001a4ac00000) (1024K)]
  0x000001ad962e1af0 JavaThread "Unconstrained build operations Thread 16"        [_thread_blocked, id=19416, stack(0x0000001a4ac00000,0x0000001a4ad00000) (1024K)]
  0x000001ad962e2180 JavaThread "Unconstrained build operations Thread 17"        [_thread_blocked, id=5996, stack(0x0000001a4ad00000,0x0000001a4ae00000) (1024K)]
  0x000001ad962e2810 JavaThread "Unconstrained build operations Thread 18"        [_thread_blocked, id=6796, stack(0x0000001a4ae00000,0x0000001a4af00000) (1024K)]
  0x000001ad962e6320 JavaThread "Unconstrained build operations Thread 19"        [_thread_blocked, id=22440, stack(0x0000001a4af00000,0x0000001a4b000000) (1024K)]
  0x000001ad962e3bc0 JavaThread "Unconstrained build operations Thread 20"        [_thread_blocked, id=14592, stack(0x0000001a4b000000,0x0000001a4b100000) (1024K)]
  0x000001ad962e2ea0 JavaThread "Unconstrained build operations Thread 21"        [_thread_blocked, id=22912, stack(0x0000001a4b100000,0x0000001a4b200000) (1024K)]
  0x000001ad962e69b0 JavaThread "Memory manager"                    [_thread_blocked, id=4896, stack(0x0000001a4b300000,0x0000001a4b400000) (1024K)]
  0x000001ad962e7040 JavaThread "build event listener"              [_thread_blocked, id=17012, stack(0x0000001a4b200000,0x0000001a4b300000) (1024K)]
  0x000001ad95753260 JavaThread "C2 CompilerThread1"         daemon [_thread_blocked, id=24508, stack(0x0000001a4b400000,0x0000001a4b500000) (1024K)]
Total: 65

Other Threads:
  0x000001ad4c1b7f20 VMThread "VM Thread"                           [id=20932, stack(0x0000001a46c00000,0x0000001a46d00000) (1024K)]
  0x000001ad4c1a6580 WatcherThread "VM Periodic Task Thread"        [id=676, stack(0x0000001a46b00000,0x0000001a46c00000) (1024K)]
  0x000001ad17390ae0 WorkerThread "GC Thread#0"                     [id=2508, stack(0x0000001a46600000,0x0000001a46700000) (1024K)]
  0x000001ad4cc4f2a0 WorkerThread "GC Thread#1"                     [id=21080, stack(0x0000001a47800000,0x0000001a47900000) (1024K)]
  0x000001ad92112920 WorkerThread "GC Thread#2"                     [id=11700, stack(0x0000001a47900000,0x0000001a47a00000) (1024K)]
  0x000001ad92112cc0 WorkerThread "GC Thread#3"                     [id=12228, stack(0x0000001a47a00000,0x0000001a47b00000) (1024K)]
  0x000001ad4cb72970 WorkerThread "GC Thread#4"                     [id=10256, stack(0x0000001a47b00000,0x0000001a47c00000) (1024K)]
  0x000001ad4cb73120 WorkerThread "GC Thread#5"                     [id=808, stack(0x0000001a47c00000,0x0000001a47d00000) (1024K)]
  0x000001ad921536e0 WorkerThread "GC Thread#6"                     [id=1792, stack(0x0000001a47d00000,0x0000001a47e00000) (1024K)]
  0x000001ad92152fa0 WorkerThread "GC Thread#7"                     [id=3600, stack(0x0000001a47e00000,0x0000001a47f00000) (1024K)]
  0x000001ad173a2b80 ConcurrentGCThread "G1 Main Marker"            [id=1304, stack(0x0000001a46700000,0x0000001a46800000) (1024K)]
  0x000001ad173a3580 WorkerThread "G1 Conc#0"                       [id=1480, stack(0x0000001a46800000,0x0000001a46900000) (1024K)]
  0x000001ad96469290 WorkerThread "G1 Conc#1"                       [id=23200, stack(0x0000001a48c00000,0x0000001a48d00000) (1024K)]
  0x000001ad4c075de0 ConcurrentGCThread "G1 Refine#0"               [id=2316, stack(0x0000001a46900000,0x0000001a46a00000) (1024K)]
  0x000001ad4c077860 ConcurrentGCThread "G1 Service"                [id=22972, stack(0x0000001a46a00000,0x0000001a46b00000) (1024K)]
Total: 15

Threads with active compile tasks:
Total: 0

VM state: not at safepoint (normal execution)

VM Mutex/Monitor currently owned by a thread: None

Heap address: 0x0000000600000000, size: 8192 MB, Compressed Oops mode: Zero based, Oop shift amount: 3

CDS archive(s) mapped at: [0x000001ad4d000000-0x000001ad4dc90000-0x000001ad4dc90000), size 13172736, SharedBaseAddress: 0x000001ad4d000000, ArchiveRelocationMode: 1.
Compressed class space mapped at: 0x000001ad4e000000-0x000001ad8e000000, reserved size: 1073741824
Narrow klass base: 0x000001ad4d000000, Narrow klass shift: 0, Narrow klass range: 0x100000000

GC Precious Log:
 CardTable entry size: 512
 Card Set container configuration: InlinePtr #cards 4 size 8 Array Of Cards #cards 32 size 80 Howl #buckets 8 coarsen threshold 7372 Howl Bitmap #cards 1024 size 144 coarsen threshold 921 Card regions per heap region 1 cards per card region 8192
 CPUs: 8 total, 8 available
 Memory: 24512M
 Large Page Support: Disabled
 NUMA Support: Disabled
 Compressed Oops: Enabled (Zero based)
 Heap Region Size: 4M
 Heap Min Capacity: 8M
 Heap Initial Capacity: 384M
 Heap Max Capacity: 8G
 Pre-touch: Disabled
 Parallel Workers: 8
 Concurrent Workers: 2
 Concurrent Refinement Workers: 8
 Periodic GC: Disabled

Heap:
 garbage-first heap   total 131072K, used 91209K [0x0000000600000000, 0x0000000800000000)
  region size 4096K, 8 young (32768K), 2 survivors (8192K)
 Metaspace       used 71960K, committed 74112K, reserved 1114112K
  class space    used 10137K, committed 11200K, reserved 1048576K

Heap Regions: E=young(eden), S=young(survivor), O=old, HS=humongous(starts), HC=humongous(continues), CS=collection set, F=free, TAMS=top-at-mark-start, PB=parsable bottom
|   0|0x0000000600000000, 0x0000000600400000, 0x0000000600400000|100%|HS|  |TAMS 0x0000000600000000| PB 0x0000000600000000| Complete 
|   1|0x0000000600400000, 0x0000000600800000, 0x0000000600800000|100%| O|  |TAMS 0x0000000600400000| PB 0x0000000600400000| Untracked 
|   2|0x0000000600800000, 0x0000000600c00000, 0x0000000600c00000|100%| O|  |TAMS 0x0000000600800000| PB 0x0000000600800000| Untracked 
|   3|0x0000000600c00000, 0x0000000601000000, 0x0000000601000000|100%| O|  |TAMS 0x0000000600c00000| PB 0x0000000600c00000| Untracked 
|   4|0x0000000601000000, 0x0000000601400000, 0x0000000601400000|100%| O|  |TAMS 0x0000000601000000| PB 0x0000000601000000| Untracked 
|   5|0x0000000601400000, 0x0000000601800000, 0x0000000601800000|100%| O|  |TAMS 0x0000000601400000| PB 0x0000000601400000| Untracked 
|   6|0x0000000601800000, 0x0000000601c00000, 0x0000000601c00000|100%| O|  |TAMS 0x0000000601800000| PB 0x0000000601800000| Untracked 
|   7|0x0000000601c00000, 0x0000000602000000, 0x0000000602000000|100%| O|  |TAMS 0x0000000601c00000| PB 0x0000000601c00000| Untracked 
|   8|0x0000000602000000, 0x0000000602400000, 0x0000000602400000|100%| O|  |TAMS 0x0000000602000000| PB 0x0000000602000000| Untracked 
|   9|0x0000000602400000, 0x0000000602800000, 0x0000000602800000|100%| O|  |TAMS 0x0000000602400000| PB 0x0000000602400000| Untracked 
|  10|0x0000000602800000, 0x0000000602c00000, 0x0000000602c00000|100%| O|  |TAMS 0x0000000602800000| PB 0x0000000602800000| Untracked 
|  11|0x0000000602c00000, 0x0000000603000000, 0x0000000603000000|100%| O|Cm|TAMS 0x0000000602c00000| PB 0x0000000602c00000| Complete 
|  12|0x0000000603000000, 0x0000000603400000, 0x0000000603400000|100%|HS|  |TAMS 0x0000000603000000| PB 0x0000000603000000| Complete 
|  13|0x0000000603400000, 0x0000000603800000, 0x0000000603800000|100%|HS|  |TAMS 0x0000000603400000| PB 0x0000000603400000| Complete 
|  14|0x0000000603800000, 0x0000000603c00000, 0x0000000603c00000|100%| O|  |TAMS 0x0000000603800000| PB 0x0000000603800000| Untracked 
|  15|0x0000000603c00000, 0x0000000603f0aec8, 0x0000000604000000| 76%| O|  |TAMS 0x0000000603c00000| PB 0x0000000603c00000| Untracked 
|  16|0x0000000604000000, 0x0000000604000000, 0x0000000604400000|  0%| F|  |TAMS 0x0000000604000000| PB 0x0000000604000000| Untracked 
|  17|0x0000000604400000, 0x0000000604400000, 0x0000000604800000|  0%| F|  |TAMS 0x0000000604400000| PB 0x0000000604400000| Untracked 
|  18|0x0000000604800000, 0x0000000604800000, 0x0000000604c00000|  0%| F|  |TAMS 0x0000000604800000| PB 0x0000000604800000| Untracked 
|  19|0x0000000604c00000, 0x0000000604c00000, 0x0000000605000000|  0%| F|  |TAMS 0x0000000604c00000| PB 0x0000000604c00000| Untracked 
|  20|0x0000000605000000, 0x00000006052076c0, 0x0000000605400000| 50%| S|CS|TAMS 0x0000000605000000| PB 0x0000000605000000| Complete 
|  21|0x0000000605400000, 0x0000000605800000, 0x0000000605800000|100%| S|CS|TAMS 0x0000000605400000| PB 0x0000000605400000| Complete 
|  22|0x0000000605800000, 0x0000000605800000, 0x0000000605c00000|  0%| F|  |TAMS 0x0000000605800000| PB 0x0000000605800000| Untracked 
|  23|0x0000000605c00000, 0x0000000605c00000, 0x0000000606000000|  0%| F|  |TAMS 0x0000000605c00000| PB 0x0000000605c00000| Untracked 
|  24|0x0000000606000000, 0x0000000606000000, 0x0000000606400000|  0%| F|  |TAMS 0x0000000606000000| PB 0x0000000606000000| Untracked 
|  25|0x0000000606400000, 0x0000000606400000, 0x0000000606800000|  0%| F|  |TAMS 0x0000000606400000| PB 0x0000000606400000| Untracked 
|  26|0x0000000606800000, 0x0000000606964e38, 0x0000000606c00000| 34%| E|  |TAMS 0x0000000606800000| PB 0x0000000606800000| Complete 
|  69|0x0000000611400000, 0x0000000611800000, 0x0000000611800000|100%| E|CS|TAMS 0x0000000611400000| PB 0x0000000611400000| Complete 
|  70|0x0000000611800000, 0x0000000611c00000, 0x0000000611c00000|100%| E|CS|TAMS 0x0000000611800000| PB 0x0000000611800000| Complete 
|  71|0x0000000611c00000, 0x0000000612000000, 0x0000000612000000|100%| E|CS|TAMS 0x0000000611c00000| PB 0x0000000611c00000| Complete 
|  72|0x0000000612000000, 0x0000000612400000, 0x0000000612400000|100%| E|CS|TAMS 0x0000000612000000| PB 0x0000000612000000| Complete 
|  95|0x0000000617c00000, 0x0000000618000000, 0x0000000618000000|100%| E|CS|TAMS 0x0000000617c00000| PB 0x0000000617c00000| Complete 

Card table byte_map: [0x000001ad40cd0000,0x000001ad41cd0000] _byte_map_base: 0x000001ad3dcd0000

Marking Bits: (CMBitMap*) 0x000001ad173920f0
 Bits: [0x000001ad41cd0000, 0x000001ad49cd0000)

Polling page: 0x000001ad152b0000

Metaspace:

Usage:
  Non-class:     60.37 MB used.
      Class:      9.90 MB used.
       Both:     70.27 MB used.

Virtual space:
  Non-class space:       64.00 MB reserved,      61.44 MB ( 96%) committed,  1 nodes.
      Class space:        1.00 GB reserved,      10.94 MB (  1%) committed,  1 nodes.
             Both:        1.06 GB reserved,      72.38 MB (  7%) committed. 

Chunk freelists:
   Non-Class:  2.23 MB
       Class:  5.00 MB
        Both:  7.23 MB

MaxMetaspaceSize: 4.00 GB
CompressedClassSpaceSize: 1.00 GB
Initial GC threshold: 21.00 MB
Current GC threshold: 113.69 MB
CDS: on
 - commit_granule_bytes: 65536.
 - commit_granule_words: 8192.
 - virtual_space_node_default_size: 8388608.
 - enlarge_chunks_in_place: 1.
 - use_allocation_guard: 0.


Internal statistics:

num_allocs_failed_limit: 15.
num_arena_births: 3782.
num_arena_deaths: 0.
num_vsnodes_births: 2.
num_vsnodes_deaths: 0.
num_space_committed: 1158.
num_space_uncommitted: 0.
num_chunks_returned_to_freelist: 15.
num_chunks_taken_from_freelist: 7317.
num_chunk_merges: 6.
num_chunk_splits: 4607.
num_chunks_enlarged: 2723.
num_inconsistent_stats: 0.

CodeHeap 'non-profiled nmethods': size=259264Kb used=4449Kb max_used=4689Kb free=254814Kb
 bounds [0x000001ad2fa40000, 0x000001ad2fee0000, 0x000001ad3f770000]
CodeHeap 'profiled nmethods': size=259264Kb used=14534Kb max_used=14785Kb free=244729Kb
 bounds [0x000001ad1f770000, 0x000001ad20600000, 0x000001ad2f4a0000]
CodeHeap 'non-nmethods': size=5760Kb used=2816Kb max_used=2862Kb free=2943Kb
 bounds [0x000001ad2f4a0000, 0x000001ad2f780000, 0x000001ad2fa40000]
 total_blobs=8531 nmethods=7603 adapters=832
 compilation: enabled
              stopped_count=0, restarted_count=0
 full_count=0

Compilation events (20 events):
Event: 31.357 Thread 0x000001ad4c1df8b0 nmethod 8933 0x000001ad1ff3c810 code [0x000001ad1ff3cfe0, 0x000001ad1ff42778]
Event: 31.357 Thread 0x000001ad4c1df8b0 8934       3       com.google.common.collect.Multimaps$CustomSetMultimap::createCollection (5 bytes)
Event: 31.358 Thread 0x000001ad4c1df8b0 nmethod 8934 0x000001ad1ff3bf90 code [0x000001ad1ff3c160, 0x000001ad1ff3c4a0]
Event: 31.358 Thread 0x000001ad4c1df8b0 8935       3       com.google.common.collect.Multimaps$CustomSetMultimap::createCollection (13 bytes)
Event: 31.358 Thread 0x000001ad4c1df8b0 nmethod 8935 0x000001ad1febc310 code [0x000001ad1febc4c0, 0x000001ad1febc7a8]
Event: 31.358 Thread 0x000001ad4c1df8b0 8936       3       com.google.common.collect.MultimapBuilder$LinkedHashSetSupplier::get (5 bytes)
Event: 31.358 Thread 0x000001ad4c1df8b0 nmethod 8936 0x000001ad1febbc10 code [0x000001ad1febbe20, 0x000001ad1febc190]
Event: 31.358 Thread 0x000001ad4c1df8b0 8938       3       com.google.common.collect.Platform::newLinkedHashSetWithExpectedSize (5 bytes)
Event: 31.359 Thread 0x000001ad4c1df8b0 nmethod 8938 0x000001ad1febb610 code [0x000001ad1febb800, 0x000001ad1febba90]
Event: 31.359 Thread 0x000001ad4c1df8b0 8940       3       org.gradle.internal.reflect.annotations.impl.DefaultPropertyAnnotationMetadata::<init> (44 bytes)
Event: 31.361 Thread 0x000001ad4c1df8b0 nmethod 8940 0x000001ad1ff85810 code [0x000001ad1ff85bc0, 0x000001ad1ff878c0]
Event: 31.362 Thread 0x000001ad4c1df8b0 8937       3       com.google.common.collect.MultimapBuilder$LinkedHashSetSupplier::get (8 bytes)
Event: 31.362 Thread 0x000001ad4c1df8b0 nmethod 8937 0x000001ad1febaf90 code [0x000001ad1febb180, 0x000001ad1febb490]
Event: 31.362 Thread 0x000001ad4c1df8b0 8941       3       org.gradle.internal.reflect.annotations.impl.DefaultTypeAnnotationMetadataStore$PropertyAnnotationMetadataBuilder::inheritAnnotations (35 bytes)
Event: 31.363 Thread 0x000001ad4c1df8b0 nmethod 8941 0x000001ad20135390 code [0x000001ad201355e0, 0x000001ad20135f08]
Event: 31.363 Thread 0x000001ad4c1df8b0 8942       3       org.gradle.internal.reflect.annotations.impl.DefaultTypeAnnotationMetadataStore$PropertyAnnotationMetadataBuilder$$Lambda/0x000001ad4e697b80::<init> (10 bytes)
Event: 31.363 Thread 0x000001ad4c1df8b0 nmethod 8942 0x000001ad1fdb1810 code [0x000001ad1fdb19c0, 0x000001ad1fdb1b80]
Event: 31.363 Thread 0x000001ad4c1df8b0 8947       3       sun.reflect.annotation.AnnotationInvocationHandler::hashCodeImpl (69 bytes)
Event: 31.363 Thread 0x000001ad4c1df8b0 nmethod 8947 0x000001ad20134590 code [0x000001ad201347e0, 0x000001ad201350e8]
Event: 31.363 Thread 0x000001ad4c1df8b0 8946       3       com.google.common.collect.ImmutableSortedSet$Builder::add (79 bytes)

GC Heap History (20 events):
Event: 10.685 GC heap before
{Heap before GC invocations=6 (full 0):
 garbage-first heap   total 131072K, used 62344K [0x0000000600000000, 0x0000000800000000)
  region size 4096K, 14 young (57344K), 5 survivors (20480K)
 Metaspace       used 34786K, committed 36096K, reserved 1114112K
  class space    used 5074K, committed 5760K, reserved 1048576K
}
Event: 10.700 GC heap after
{Heap after GC invocations=7 (full 0):
 garbage-first heap   total 131072K, used 32791K [0x0000000600000000, 0x0000000800000000)
  region size 4096K, 3 young (12288K), 3 survivors (12288K)
 Metaspace       used 34786K, committed 36096K, reserved 1114112K
  class space    used 5074K, committed 5760K, reserved 1048576K
}
Event: 10.745 GC heap before
{Heap before GC invocations=7 (full 0):
 garbage-first heap   total 131072K, used 32791K [0x0000000600000000, 0x0000000800000000)
  region size 4096K, 4 young (16384K), 3 survivors (12288K)
 Metaspace       used 35008K, committed 36416K, reserved 1114112K
  class space    used 5093K, committed 5824K, reserved 1048576K
}
Event: 10.753 GC heap after
{Heap after GC invocations=8 (full 0):
 garbage-first heap   total 131072K, used 32251K [0x0000000600000000, 0x0000000800000000)
  region size 4096K, 1 young (4096K), 1 survivors (4096K)
 Metaspace       used 35008K, committed 36416K, reserved 1114112K
  class space    used 5093K, committed 5824K, reserved 1048576K
}
Event: 12.243 GC heap before
{Heap before GC invocations=9 (full 0):
 garbage-first heap   total 131072K, used 101883K [0x0000000600000000, 0x0000000800000000)
  region size 4096K, 19 young (77824K), 1 survivors (4096K)
 Metaspace       used 41578K, committed 43072K, reserved 1114112K
  class space    used 5786K, committed 6528K, reserved 1048576K
}
Event: 12.252 GC heap after
{Heap after GC invocations=10 (full 0):
 garbage-first heap   total 131072K, used 38031K [0x0000000600000000, 0x0000000800000000)
  region size 4096K, 3 young (12288K), 3 survivors (12288K)
 Metaspace       used 41578K, committed 43072K, reserved 1114112K
  class space    used 5786K, committed 6528K, reserved 1048576K
}
Event: 13.689 GC heap before
{Heap before GC invocations=10 (full 0):
 garbage-first heap   total 131072K, used 99471K [0x0000000600000000, 0x0000000800000000)
  region size 4096K, 18 young (73728K), 3 survivors (12288K)
 Metaspace       used 45566K, committed 47232K, reserved 1114112K
  class space    used 6413K, committed 7232K, reserved 1048576K
}
Event: 13.699 GC heap after
{Heap after GC invocations=11 (full 0):
 garbage-first heap   total 131072K, used 40667K [0x0000000600000000, 0x0000000800000000)
  region size 4096K, 3 young (12288K), 3 survivors (12288K)
 Metaspace       used 45566K, committed 47232K, reserved 1114112K
  class space    used 6413K, committed 7232K, reserved 1048576K
}
Event: 15.693 GC heap before
{Heap before GC invocations=11 (full 0):
 garbage-first heap   total 131072K, used 98011K [0x0000000600000000, 0x0000000800000000)
  region size 4096K, 18 young (73728K), 3 survivors (12288K)
 Metaspace       used 51404K, committed 53248K, reserved 1114112K
  class space    used 7240K, committed 8192K, reserved 1048576K
}
Event: 15.706 GC heap after
{Heap after GC invocations=12 (full 0):
 garbage-first heap   total 131072K, used 43564K [0x0000000600000000, 0x0000000800000000)
  region size 4096K, 2 young (8192K), 2 survivors (8192K)
 Metaspace       used 51404K, committed 53248K, reserved 1114112K
  class space    used 7240K, committed 8192K, reserved 1048576K
}
Event: 22.475 GC heap before
{Heap before GC invocations=12 (full 0):
 garbage-first heap   total 131072K, used 105004K [0x0000000600000000, 0x0000000800000000)
  region size 4096K, 17 young (69632K), 2 survivors (8192K)
 Metaspace       used 55151K, committed 57024K, reserved 1114112K
  class space    used 7793K, committed 8704K, reserved 1048576K
}
Event: 22.486 GC heap after
{Heap after GC invocations=13 (full 0):
 garbage-first heap   total 131072K, used 48299K [0x0000000600000000, 0x0000000800000000)
  region size 4096K, 3 young (12288K), 3 survivors (12288K)
 Metaspace       used 55151K, committed 57024K, reserved 1114112K
  class space    used 7793K, committed 8704K, reserved 1048576K
}
Event: 24.721 GC heap before
{Heap before GC invocations=13 (full 0):
 garbage-first heap   total 131072K, used 85163K [0x0000000600000000, 0x0000000800000000)
  region size 4096K, 14 young (57344K), 3 survivors (12288K)
 Metaspace       used 59510K, committed 61440K, reserved 1114112K
  class space    used 8421K, committed 9408K, reserved 1048576K
}
Event: 24.735 GC heap after
{Heap after GC invocations=14 (full 0):
 garbage-first heap   total 131072K, used 53209K [0x0000000600000000, 0x0000000800000000)
  region size 4096K, 2 young (8192K), 2 survivors (8192K)
 Metaspace       used 59510K, committed 61440K, reserved 1114112K
  class space    used 8421K, committed 9408K, reserved 1048576K
}
Event: 26.337 GC heap before
{Heap before GC invocations=15 (full 0):
 garbage-first heap   total 131072K, used 114649K [0x0000000600000000, 0x0000000800000000)
  region size 4096K, 15 young (61440K), 2 survivors (8192K)
 Metaspace       used 64459K, committed 66496K, reserved 1114112K
  class space    used 9085K, committed 10112K, reserved 1048576K
}
Event: 26.344 GC heap after
{Heap after GC invocations=16 (full 0):
 garbage-first heap   total 131072K, used 64702K [0x0000000600000000, 0x0000000800000000)
  region size 4096K, 1 young (4096K), 1 survivors (4096K)
 Metaspace       used 64459K, committed 66496K, reserved 1114112K
  class space    used 9085K, committed 10112K, reserved 1048576K
}
Event: 27.677 GC heap before
{Heap before GC invocations=16 (full 0):
 garbage-first heap   total 131072K, used 113854K [0x0000000600000000, 0x0000000800000000)
  region size 4096K, 13 young (53248K), 1 survivors (4096K)
 Metaspace       used 67713K, committed 69824K, reserved 1114112K
  class space    used 9493K, committed 10560K, reserved 1048576K
}
Event: 27.683 GC heap after
{Heap after GC invocations=17 (full 0):
 garbage-first heap   total 131072K, used 66740K [0x0000000600000000, 0x0000000800000000)
  region size 4096K, 2 young (8192K), 2 survivors (8192K)
 Metaspace       used 67713K, committed 69824K, reserved 1114112K
  class space    used 9493K, committed 10560K, reserved 1048576K
}
Event: 29.301 GC heap before
{Heap before GC invocations=18 (full 0):
 garbage-first heap   total 131072K, used 107700K [0x0000000600000000, 0x0000000800000000)
  region size 4096K, 12 young (49152K), 2 survivors (8192K)
 Metaspace       used 70103K, committed 72256K, reserved 1114112K
  class space    used 9846K, committed 10944K, reserved 1048576K
}
Event: 29.312 GC heap after
{Heap after GC invocations=19 (full 0):
 garbage-first heap   total 131072K, used 70729K [0x0000000600000000, 0x0000000800000000)
  region size 4096K, 2 young (8192K), 2 survivors (8192K)
 Metaspace       used 70103K, committed 72256K, reserved 1114112K
  class space    used 9846K, committed 10944K, reserved 1048576K
}

Dll operation events (15 events):
Event: 0.027 Loaded shared library C:\Program Files\Java\jdk-21\bin\java.dll
Event: 0.093 Loaded shared library C:\Program Files\Java\jdk-21\bin\jsvml.dll
Event: 0.203 Loaded shared library C:\Program Files\Java\jdk-21\bin\zip.dll
Event: 0.210 Loaded shared library C:\Program Files\Java\jdk-21\bin\instrument.dll
Event: 0.220 Loaded shared library C:\Program Files\Java\jdk-21\bin\net.dll
Event: 0.226 Loaded shared library C:\Program Files\Java\jdk-21\bin\nio.dll
Event: 0.231 Loaded shared library C:\Program Files\Java\jdk-21\bin\zip.dll
Event: 0.917 Loaded shared library C:\Program Files\Java\jdk-21\bin\jimage.dll
Event: 1.405 Loaded shared library C:\Program Files\Java\jdk-21\bin\verify.dll
Event: 1.730 Loaded shared library C:\Users\domen\.gradle\native\c067742578af261105cb4f569cf0c3c89f3d7b1fecec35dd04571415982c5e48\windows-amd64\native-platform.dll
Event: 1.741 Loaded shared library C:\Users\domen\.gradle\native\100fb08df4bc3b14c8652ba06237920a3bd2aa13389f12d3474272988ae205f9\windows-amd64\native-platform-file-events.dll
Event: 3.939 Loaded shared library C:\Program Files\Java\jdk-21\bin\management.dll
Event: 3.943 Loaded shared library C:\Program Files\Java\jdk-21\bin\management_ext.dll
Event: 4.423 Loaded shared library C:\Program Files\Java\jdk-21\bin\extnet.dll
Event: 4.707 Loaded shared library C:\Program Files\Java\jdk-21\bin\sunmscapi.dll

Deoptimization events (20 events):
Event: 30.103 Thread 0x000001ad939709c0 Uncommon trap: trap_request=0xffffff45 fr.pc=0x000001ad2fe7500c relative=0x000000000000114c
Event: 30.103 Thread 0x000001ad939709c0 Uncommon trap: reason=unstable_if action=reinterpret pc=0x000001ad2fe7500c method=java.io.ObjectOutputStream$HandleTable.assign(Ljava/lang/Object;)I @ 24 c2
Event: 30.103 Thread 0x000001ad939709c0 DEOPT PACKING pc=0x000001ad2fe7500c sp=0x0000001a488fdec0
Event: 30.103 Thread 0x000001ad939709c0 DEOPT UNPACKING pc=0x000001ad2f4f46a2 sp=0x0000001a488fddb8 mode 2
Event: 30.108 Thread 0x000001ad939709c0 Uncommon trap: trap_request=0xffffff45 fr.pc=0x000001ad2fe977ec relative=0x000000000000272c
Event: 30.108 Thread 0x000001ad939709c0 Uncommon trap: reason=unstable_if action=reinterpret pc=0x000001ad2fe977ec method=java.io.ObjectStreamClass.writeNonProxy(Ljava/io/ObjectOutputStream;)V @ 22 c2
Event: 30.108 Thread 0x000001ad939709c0 DEOPT PACKING pc=0x000001ad2fe977ec sp=0x0000001a488fdc20
Event: 30.108 Thread 0x000001ad939709c0 DEOPT UNPACKING pc=0x000001ad2f4f46a2 sp=0x0000001a488fdc08 mode 2
Event: 30.110 Thread 0x000001ad939709c0 Uncommon trap: trap_request=0xffffff45 fr.pc=0x000001ad2fdfc348 relative=0x0000000000000368
Event: 30.110 Thread 0x000001ad939709c0 Uncommon trap: reason=unstable_if action=reinterpret pc=0x000001ad2fdfc348 method=java.io.ObjectOutputStream$HandleTable.assign(Ljava/lang/Object;)I @ 24 c2
Event: 30.110 Thread 0x000001ad939709c0 DEOPT PACKING pc=0x000001ad2fdfc348 sp=0x0000001a488fddb0
Event: 30.110 Thread 0x000001ad939709c0 DEOPT UNPACKING pc=0x000001ad2f4f46a2 sp=0x0000001a488fdd78 mode 2
Event: 30.110 Thread 0x000001ad939709c0 Uncommon trap: trap_request=0xffffff45 fr.pc=0x000001ad2fdd6f38 relative=0x0000000000000718
Event: 30.110 Thread 0x000001ad939709c0 Uncommon trap: reason=unstable_if action=reinterpret pc=0x000001ad2fdd6f38 method=com.esotericsoftware.kryo.io.Output.writeBytes([BII)V @ 61 c2
Event: 30.110 Thread 0x000001ad939709c0 DEOPT PACKING pc=0x000001ad2fdd6f38 sp=0x0000001a488fdcb0
Event: 30.110 Thread 0x000001ad939709c0 DEOPT UNPACKING pc=0x000001ad2f4f46a2 sp=0x0000001a488fdb48 mode 2
Event: 30.656 Thread 0x000001ad4c92a9a0 Uncommon trap: trap_request=0xffffff6e fr.pc=0x000001ad2fa60800 relative=0x0000000000000160
Event: 30.656 Thread 0x000001ad4c92a9a0 Uncommon trap: reason=loop_limit_check action=maybe_recompile pc=0x000001ad2fa60800 method=java.lang.StringLatin1.lastIndexOf([BII)I @ 19 c2
Event: 30.656 Thread 0x000001ad4c92a9a0 DEOPT PACKING pc=0x000001ad2fa60800 sp=0x0000001a485f7170
Event: 30.656 Thread 0x000001ad4c92a9a0 DEOPT UNPACKING pc=0x000001ad2f4f46a2 sp=0x0000001a485f70f0 mode 2

Classes loaded (20 events):
Event: 29.428 Loading class java/util/function/IntUnaryOperator
Event: 29.428 Loading class java/util/function/IntUnaryOperator done
Event: 29.428 Loading class java/util/function/IntToLongFunction
Event: 29.428 Loading class java/util/function/IntToLongFunction done
Event: 29.439 Loading class java/util/ArraysBeanInfo
Event: 29.439 Loading class java/util/ArraysBeanInfo done
Event: 29.441 Loading class java/util/ArraysBeanInfo
Event: 29.441 Loading class java/util/ArraysBeanInfo done
Event: 29.441 Loading class java/util/ArraysCustomizer
Event: 29.441 Loading class java/util/ArraysCustomizer done
Event: 29.442 Loading class java/util/ArraysCustomizer
Event: 29.442 Loading class java/util/ArraysCustomizer done
Event: 30.065 Loading class java/util/Comparators$NaturalOrderComparator
Event: 30.065 Loading class java/util/Comparators$NaturalOrderComparator done
Event: 30.095 Loading class java/util/stream/SortedOps$RefSortingSink
Event: 30.095 Loading class java/util/stream/SortedOps$RefSortingSink done
Event: 30.107 Loading class java/time/Ser
Event: 30.107 Loading class java/time/Ser done
Event: 30.163 Loading class java/lang/AbstractMethodError
Event: 30.164 Loading class java/lang/AbstractMethodError done

Classes unloaded (0 events):
No events

Classes redefined (0 events):
No events

Internal exceptions (20 events):
Event: 27.508 Thread 0x000001ad4c92a9a0 Exception <a 'java/lang/ClassNotFoundException'{0x000000060578eba0}: org/jetbrains/kotlin/gradle/targets/js/npm/DefaultPeerNpmDependencyExtensionCustomizer> (0x000000060578eba0) 
thrown [s\open\src\hotspot\share\classfile\systemDictionary.cpp, line 312]
Event: 27.536 Thread 0x000001ad4c92a9a0 Exception <a 'java/lang/ClassNotFoundException'{0x00000006057e9138}: org/jetbrains/kotlin/gradle/targets/js/npm/DefaultPeerNpmDependencyExtension$delegate$1BeanInfo> (0x00000006057e9138) 
thrown [s\open\src\hotspot\share\classfile\systemDictionary.cpp, line 312]
Event: 27.538 Thread 0x000001ad4c92a9a0 Exception <a 'java/lang/ClassNotFoundException'{0x00000006057f9568}: org/jetbrains/kotlin/gradle/targets/js/npm/DefaultPeerNpmDependencyExtension$delegate$1Customizer> (0x00000006057f9568) 
thrown [s\open\src\hotspot\share\classfile\systemDictionary.cpp, line 312]
Event: 27.609 Thread 0x000001ad4c92a9a0 Exception <a 'java/lang/NoSuchMethodError'{0x0000000605154470}: static Lorg/jetbrains/kotlin/gradle/plugin/internal/DefaultIdeaSyncDetector$createIdeaPropertiesEvaluator$1;.<clinit>()V> (0x0000000605154470) 
thrown [s\open\src\hotspot\share\prims\jni.cpp, line 1111]
Event: 28.062 Thread 0x000001ad4c92a9a0 Exception <a 'java/lang/NoSuchMethodError'{0x00000006121e3cd0}: 'int java.lang.invoke.DirectMethodHandle$Holder.invokeSpecialIFC(java.lang.Object, java.lang.Object, java.lang.Object, java.lang.Object, java.lang.Object)'> (0x00000006121e3cd0) 
thrown [s\open\src\hotspot\share\interpreter\linkResolver.cpp, line 773]
Event: 29.355 Thread 0x000001ad4c92a9a0 Implicit null exception at 0x000001ad2fdc36dd to 0x000001ad2fdc3be4
Event: 29.355 Thread 0x000001ad4c92a9a0 Implicit null exception at 0x000001ad2fdc29df to 0x000001ad2fdc2ec8
Event: 29.441 Thread 0x000001ad4c92a9a0 Exception <a 'java/lang/ClassNotFoundException'{0x0000000617dbadd0}: java/util/ArraysBeanInfo> (0x0000000617dbadd0) 
thrown [s\open\src\hotspot\share\classfile\systemDictionary.cpp, line 312]
Event: 29.442 Thread 0x000001ad4c92a9a0 Exception <a 'java/lang/ClassNotFoundException'{0x0000000617dc4bc0}: java/util/ArraysCustomizer> (0x0000000617dc4bc0) 
thrown [s\open\src\hotspot\share\classfile\systemDictionary.cpp, line 312]
Event: 29.459 Thread 0x000001ad4c92a9a0 Exception <a 'java/lang/ClassNotFoundException'{0x0000000617e787f0}: ProtobufPatchPluginBeanInfo> (0x0000000617e787f0) 
thrown [s\open\src\hotspot\share\classfile\systemDictionary.cpp, line 312]
Event: 29.460 Thread 0x000001ad4c92a9a0 Exception <a 'java/lang/ClassNotFoundException'{0x0000000617e860d8}: ProtobufPatchPluginCustomizer> (0x0000000617e860d8) 
thrown [s\open\src\hotspot\share\classfile\systemDictionary.cpp, line 312]
Event: 29.473 Thread 0x000001ad4c92a9a0 Exception <a 'java/lang/ClassNotFoundException'{0x0000000617ef05a8}: groovy/lang/ReferenceBeanInfo> (0x0000000617ef05a8) 
thrown [s\open\src\hotspot\share\classfile\systemDictionary.cpp, line 312]
Event: 29.475 Thread 0x000001ad4c92a9a0 Exception <a 'java/lang/ClassNotFoundException'{0x0000000617f087d0}: groovy/lang/ReferenceCustomizer> (0x0000000617f087d0) 
thrown [s\open\src\hotspot\share\classfile\systemDictionary.cpp, line 312]
Event: 30.093 Thread 0x000001ad4c92a9a0 Exception <a 'java/lang/NoSuchMethodError'{0x0000000611c58cc8}: 'long java.lang.invoke.DirectMethodHandle$Holder.invokeVirtual(java.lang.Object, java.lang.Object)'> (0x0000000611c58cc8) 
thrown [s\open\src\hotspot\share\interpreter\linkResolver.cpp, line 773]
Event: 30.101 Thread 0x000001ad939709c0 Exception <a 'java/lang/NoSuchMethodError'{0x0000000611cd8a98}: static Lorg/gradle/internal/build/event/types/DefaultProjectConfigurationSuccessResult;.<clinit>()V> (0x0000000611cd8a98) 
thrown [s\open\src\hotspot\share\prims\jni.cpp, line 1111]
Event: 30.101 Thread 0x000001ad939709c0 Exception <a 'java/lang/NoSuchMethodError'{0x0000000611cd9b58}: static Lorg/gradle/internal/build/event/types/AbstractProjectConfigurationResult;.<clinit>()V> (0x0000000611cd9b58) 
thrown [s\open\src\hotspot\share\prims\jni.cpp, line 1111]
Event: 30.102 Thread 0x000001ad939709c0 Exception <a 'java/lang/NoSuchMethodError'{0x0000000611ceb258}: static Lorg/gradle/internal/build/event/types/DefaultPluginApplicationResult;.<clinit>()V> (0x0000000611ceb258) 
thrown [s\open\src\hotspot\share\prims\jni.cpp, line 1111]
Event: 30.104 Thread 0x000001ad939709c0 Exception <a 'java/lang/NoSuchMethodError'{0x0000000611cf5f00}: static Lorg/gradle/internal/build/event/types/DefaultBinaryPluginIdentifier;.<clinit>()V> (0x0000000611cf5f00) 
thrown [s\open\src\hotspot\share\prims\jni.cpp, line 1111]
Event: 30.109 Thread 0x000001ad939709c0 Exception <a 'java/lang/NoSuchMethodError'{0x0000000611d0c5d0}: static Lorg/gradle/internal/build/event/types/DefaultScriptPluginIdentifier;.<clinit>()V> (0x0000000611d0c5d0) 
thrown [s\open\src\hotspot\share\prims\jni.cpp, line 1111]
Event: 30.454 Thread 0x000001ad4c92a9a0 Exception <a 'java/lang/NoSuchMethodError'{0x0000000611ee8878}: 'void java.lang.invoke.DirectMethodHandle$Holder.invokeStatic(java.lang.Object, java.lang.Object, java.lang.Object, java.lang.Object, java.lang.Object, java.lang.Object, java.lang.Object, java.lang.Object)'> (0x0000000611ee8878) 
thrown [s\open\src\hotspot\share\interpreter\linkResolver.cpp, line 773]

ZGC Phase Switch (0 events):
No events

VM Operations (20 events):
Event: 25.951 Executing VM operation: Cleanup
Event: 25.952 Executing VM operation: Cleanup done
Event: 26.336 Executing VM operation: G1CollectForAllocation (G1 Evacuation Pause)
Event: 26.344 Executing VM operation: G1CollectForAllocation (G1 Evacuation Pause) done
Event: 26.893 Executing VM operation: HandshakeAllThreads (Deoptimize)
Event: 26.893 Executing VM operation: HandshakeAllThreads (Deoptimize) done
Event: 27.676 Executing VM operation: G1CollectForAllocation (G1 Evacuation Pause)
Event: 27.684 Executing VM operation: G1CollectForAllocation (G1 Evacuation Pause) done
Event: 27.757 Executing VM operation: G1PauseRemark
Event: 27.775 Executing VM operation: G1PauseRemark done
Event: 27.794 Executing VM operation: G1PauseCleanup
Event: 27.796 Executing VM operation: G1PauseCleanup done
Event: 28.798 Executing VM operation: Cleanup
Event: 28.798 Executing VM operation: Cleanup done
Event: 29.239 Executing VM operation: HandshakeAllThreads (Deoptimize)
Event: 29.239 Executing VM operation: HandshakeAllThreads (Deoptimize) done
Event: 29.301 Executing VM operation: G1CollectForAllocation (G1 Evacuation Pause)
Event: 29.312 Executing VM operation: G1CollectForAllocation (G1 Evacuation Pause) done
Event: 30.323 Executing VM operation: Cleanup
Event: 30.415 Executing VM operation: Cleanup done

Events (20 events):
Event: 27.764 Thread 0x000001ad4c1b7f20 flushing nmethod 0x000001ad1fee8b10
Event: 27.764 Thread 0x000001ad4c1b7f20 flushing nmethod 0x000001ad1fef2290
Event: 27.764 Thread 0x000001ad4c1b7f20 flushing nmethod 0x000001ad1fef3710
Event: 27.764 Thread 0x000001ad4c1b7f20 flushing nmethod 0x000001ad1ff11890
Event: 27.764 Thread 0x000001ad4c1b7f20 flushing nmethod 0x000001ad1ff86c10
Event: 27.764 Thread 0x000001ad4c1b7f20 flushing nmethod 0x000001ad1ff87a90
Event: 27.764 Thread 0x000001ad4c1b7f20 flushing nmethod 0x000001ad1ffacc10
Event: 27.764 Thread 0x000001ad4c1b7f20 flushing nmethod 0x000001ad1ffbf290
Event: 27.764 Thread 0x000001ad4c1b7f20 flushing nmethod 0x000001ad20191310
Event: 27.764 Thread 0x000001ad4c1b7f20 flushing nmethod 0x000001ad20192990
Event: 27.764 Thread 0x000001ad4c1b7f20 flushing nmethod 0x000001ad20269e10
Event: 27.764 Thread 0x000001ad4c1b7f20 flushing nmethod 0x000001ad20290c90
Event: 27.764 Thread 0x000001ad4c1b7f20 flushing nmethod 0x000001ad20290f90
Event: 27.764 Thread 0x000001ad4c1b7f20 flushing nmethod 0x000001ad202ec790
Event: 27.764 Thread 0x000001ad4c1b7f20 flushing nmethod 0x000001ad2038c610
Event: 28.372 Thread 0x000001ad95752b90 Thread added: 0x000001ad95752b90
Event: 28.953 Thread 0x000001ad95752b90 Thread exited: 0x000001ad95752b90
Event: 29.618 Thread 0x000001ad95752b90 Thread added: 0x000001ad95752b90
Event: 30.063 Thread 0x000001ad95752b90 Thread exited: 0x000001ad95752b90
Event: 30.703 Thread 0x000001ad95753260 Thread added: 0x000001ad95753260


Dynamic libraries:
0x00007ff6773b0000 - 0x00007ff6773c0000 	C:\Program Files\Java\jdk-21\bin\java.exe
0x00007ffe44ab0000 - 0x00007ffe44ca8000 	C:\Windows\SYSTEM32\ntdll.dll
0x00007ffe0e6d0000 - 0x00007ffe0e6eb000 	C:\Program Files\Avast Software\Avast\aswhook.dll
0x00007ffe42bc0000 - 0x00007ffe42c82000 	C:\Windows\System32\KERNEL32.DLL
0x00007ffe422a0000 - 0x00007ffe42596000 	C:\Windows\System32\KERNELBASE.dll
0x00007ffe427b0000 - 0x00007ffe428b0000 	C:\Windows\System32\ucrtbase.dll
0x00007ffdcb890000 - 0x00007ffdcb8ab000 	C:\Program Files\Java\jdk-21\bin\VCRUNTIME140.dll
0x00007ffdf38d0000 - 0x00007ffdf38e9000 	C:\Program Files\Java\jdk-21\bin\jli.dll
0x00007ffe43410000 - 0x00007ffe434bf000 	C:\Windows\System32\ADVAPI32.dll
0x00007ffe43e50000 - 0x00007ffe43eee000 	C:\Windows\System32\msvcrt.dll
0x00007ffe43f20000 - 0x00007ffe43fbf000 	C:\Windows\System32\sechost.dll
0x00007ffe44440000 - 0x00007ffe44563000 	C:\Windows\System32\RPCRT4.dll
0x00007ffe425a0000 - 0x00007ffe425c7000 	C:\Windows\System32\bcrypt.dll
0x00007ffe434c0000 - 0x00007ffe4365d000 	C:\Windows\System32\USER32.dll
0x00007ffe425d0000 - 0x00007ffe425f2000 	C:\Windows\System32\win32u.dll
0x00007ffe43ef0000 - 0x00007ffe43f1b000 	C:\Windows\System32\GDI32.dll
0x00007ffe27e80000 - 0x00007ffe2811a000 	C:\Windows\WinSxS\amd64_microsoft.windows.common-controls_6595b64144ccf1df_6.0.19041.5794_none_60bcd33171f2783c\COMCTL32.dll
0x00007ffe42690000 - 0x00007ffe427aa000 	C:\Windows\System32\gdi32full.dll
0x00007ffe42150000 - 0x00007ffe421ed000 	C:\Windows\System32\msvcp_win.dll
0x00007ffe3d380000 - 0x00007ffe3d38a000 	C:\Windows\SYSTEM32\VERSION.dll
0x00007ffe42dc0000 - 0x00007ffe42def000 	C:\Windows\System32\IMM32.DLL
0x00007ffe115f0000 - 0x00007ffe115fc000 	C:\Program Files\Java\jdk-21\bin\vcruntime140_1.dll
0x00007ffdad410000 - 0x00007ffdad49e000 	C:\Program Files\Java\jdk-21\bin\msvcp140.dll
0x00007ffda71a0000 - 0x00007ffda7eba000 	C:\Program Files\Java\jdk-21\bin\server\jvm.dll
0x00007ffe449e0000 - 0x00007ffe44a4b000 	C:\Windows\System32\WS2_32.dll
0x00007ffe36110000 - 0x00007ffe36137000 	C:\Windows\SYSTEM32\WINMM.dll
0x00007ffe41650000 - 0x00007ffe4169b000 	C:\Windows\SYSTEM32\POWRPROF.dll
0x00007ffe41510000 - 0x00007ffe41522000 	C:\Windows\SYSTEM32\UMPDC.dll
0x00007ffe40980000 - 0x00007ffe40992000 	C:\Windows\SYSTEM32\kernel.appcore.dll
0x00007ffdf3f20000 - 0x00007ffdf3f2a000 	C:\Program Files\Java\jdk-21\bin\jimage.dll
0x00007ffe404a0000 - 0x00007ffe406a1000 	C:\Windows\SYSTEM32\DBGHELP.DLL
0x00007ffe328c0000 - 0x00007ffe328f4000 	C:\Windows\SYSTEM32\dbgcore.DLL
0x00007ffe42600000 - 0x00007ffe42682000 	C:\Windows\System32\bcryptPrimitives.dll
0x00007ffdf3c00000 - 0x00007ffdf3c0f000 	C:\Program Files\Java\jdk-21\bin\instrument.dll
0x00007ffdcb4f0000 - 0x00007ffdcb50f000 	C:\Program Files\Java\jdk-21\bin\java.dll
0x00007ffe436e0000 - 0x00007ffe43e4e000 	C:\Windows\System32\SHELL32.dll
0x00007ffe3f390000 - 0x00007ffe3fb33000 	C:\Windows\SYSTEM32\windows.storage.dll
0x00007ffe43fc0000 - 0x00007ffe44313000 	C:\Windows\System32\combase.dll
0x00007ffe41aa0000 - 0x00007ffe41acb000 	C:\Windows\SYSTEM32\Wldp.dll
0x00007ffe43190000 - 0x00007ffe4325d000 	C:\Windows\System32\OLEAUT32.dll
0x00007ffe430e0000 - 0x00007ffe4318d000 	C:\Windows\System32\SHCORE.dll
0x00007ffe42e50000 - 0x00007ffe42ea5000 	C:\Windows\System32\shlwapi.dll
0x00007ffe42080000 - 0x00007ffe420a5000 	C:\Windows\SYSTEM32\profapi.dll
0x00007ffdad330000 - 0x00007ffdad407000 	C:\Program Files\Java\jdk-21\bin\jsvml.dll
0x00007ffdbb8e0000 - 0x00007ffdbb8f8000 	C:\Program Files\Java\jdk-21\bin\zip.dll
0x00007ffdf3b00000 - 0x00007ffdf3b10000 	C:\Program Files\Java\jdk-21\bin\net.dll
0x00007ffe391e0000 - 0x00007ffe392ea000 	C:\Windows\SYSTEM32\WINHTTP.dll
0x00007ffe41880000 - 0x00007ffe418ec000 	C:\Windows\system32\mswsock.dll
0x00007ffdb9d00000 - 0x00007ffdb9d16000 	C:\Program Files\Java\jdk-21\bin\nio.dll
0x00007ffdf38c0000 - 0x00007ffdf38d0000 	C:\Program Files\Java\jdk-21\bin\verify.dll
0x00007ffe32890000 - 0x00007ffe328b7000 	C:\Users\domen\.gradle\native\c067742578af261105cb4f569cf0c3c89f3d7b1fecec35dd04571415982c5e48\windows-amd64\native-platform.dll
0x00007ffdb9bb0000 - 0x00007ffdb9cf4000 	C:\Users\domen\.gradle\native\100fb08df4bc3b14c8652ba06237920a3bd2aa13389f12d3474272988ae205f9\windows-amd64\native-platform-file-events.dll
0x00007ffe19640000 - 0x00007ffe1964a000 	C:\Program Files\Java\jdk-21\bin\management.dll
0x00007ffe19630000 - 0x00007ffe1963b000 	C:\Program Files\Java\jdk-21\bin\management_ext.dll
0x00007ffe44320000 - 0x00007ffe44328000 	C:\Windows\System32\PSAPI.DLL
0x00007ffe41df0000 - 0x00007ffe41e08000 	C:\Windows\SYSTEM32\CRYPTSP.dll
0x00007ffe41150000 - 0x00007ffe41188000 	C:\Windows\system32\rsaenh.dll
0x00007ffe42040000 - 0x00007ffe4206e000 	C:\Windows\SYSTEM32\USERENV.dll
0x00007ffe41a10000 - 0x00007ffe41a1c000 	C:\Windows\SYSTEM32\CRYPTBASE.dll
0x00007ffe41530000 - 0x00007ffe4156b000 	C:\Windows\SYSTEM32\IPHLPAPI.DLL
0x00007ffe42f20000 - 0x00007ffe42f28000 	C:\Windows\System32\NSI.dll
0x00007ffded5a0000 - 0x00007ffded5a9000 	C:\Program Files\Java\jdk-21\bin\extnet.dll
0x00007ffdc9f20000 - 0x00007ffdc9f2e000 	C:\Program Files\Java\jdk-21\bin\sunmscapi.dll
0x00007ffe42980000 - 0x00007ffe42add000 	C:\Windows\System32\CRYPT32.dll
0x00007ffe41b10000 - 0x00007ffe41b37000 	C:\Windows\SYSTEM32\ncrypt.dll
0x00007ffe41ad0000 - 0x00007ffe41b0b000 	C:\Windows\SYSTEM32\NTASN1.dll
0x00007ffe3ad70000 - 0x00007ffe3ad77000 	C:\Windows\system32\wshunix.dll
0x00007ffe20a30000 - 0x00007ffe20a47000 	C:\Windows\system32\napinsp.dll
0x00007ffe20a10000 - 0x00007ffe20a2b000 	C:\Windows\system32\pnrpnsp.dll
0x00007ffe3dd00000 - 0x00007ffe3dd1d000 	C:\Windows\system32\wshbth.dll
0x00007ffe3c610000 - 0x00007ffe3c62d000 	C:\Windows\system32\NLAapi.dll
0x00007ffe41580000 - 0x00007ffe4164a000 	C:\Windows\SYSTEM32\DNSAPI.dll
0x00007ffe20d60000 - 0x00007ffe20d72000 	C:\Windows\System32\winrnr.dll
0x00007ffe3b270000 - 0x00007ffe3b27a000 	C:\Windows\System32\rasadhlp.dll
0x00007ffe37ea0000 - 0x00007ffe37f20000 	C:\Windows\System32\fwpuclnt.dll

dbghelp: loaded successfully - version: 4.0.5 - missing functions: none
symbol engine: initialized successfully - sym options: 0x614 - pdb path: .;C:\Program Files\Java\jdk-21\bin;C:\Windows\SYSTEM32;C:\Program Files\Avast Software\Avast;C:\Windows\WinSxS\amd64_microsoft.windows.common-controls_6595b64144ccf1df_6.0.19041.5794_none_60bcd33171f2783c;C:\Program Files\Java\jdk-21\bin\server;C:\Users\domen\.gradle\native\c067742578af261105cb4f569cf0c3c89f3d7b1fecec35dd04571415982c5e48\windows-amd64;C:\Users\domen\.gradle\native\100fb08df4bc3b14c8652ba06237920a3bd2aa13389f12d3474272988ae205f9\windows-amd64

VM Arguments:
jvm_args: -XX:MaxMetaspaceSize=4G -XX:ReservedCodeCacheSize=512m -XX:+HeapDumpOnOutOfMemoryError --add-opens=java.base/java.util=ALL-UNNAMED --add-opens=java.base/java.lang=ALL-UNNAMED --add-opens=java.base/java.lang.invoke=ALL-UNNAMED --add-opens=java.prefs/java.util.prefs=ALL-UNNAMED --add-exports=jdk.compiler/com.sun.tools.javac.api=ALL-UNNAMED --add-exports=jdk.compiler/com.sun.tools.javac.util=ALL-UNNAMED --add-opens=java.base/java.nio.charset=ALL-UNNAMED --add-opens=java.base/java.net=ALL-UNNAMED --add-opens=java.base/java.util.concurrent.atomic=ALL-UNNAMED -Xmx8G -Dfile.encoding=utf8 -Duser.country=US -Duser.language=en -Duser.variant -javaagent:C:\Users\domen\.gradle\wrapper\dists\gradle-8.10.2-all\7iv73wktx1xtkvlq19urqw1wm\gradle-8.10.2\lib\agents\gradle-instrumentation-agent-8.10.2.jar 
java_command: org.gradle.launcher.daemon.bootstrap.GradleDaemon 8.10.2
java_class_path (initial): C:\Users\domen\.gradle\wrapper\dists\gradle-8.10.2-all\7iv73wktx1xtkvlq19urqw1wm\gradle-8.10.2\lib\gradle-daemon-main-8.10.2.jar
Launcher Type: SUN_STANDARD

[Global flags]
     intx CICompilerCount                          = 4                                         {product} {ergonomic}
     uint ConcGCThreads                            = 2                                         {product} {ergonomic}
     uint G1ConcRefinementThreads                  = 8                                         {product} {ergonomic}
   size_t G1HeapRegionSize                         = 4194304                                   {product} {ergonomic}
    uintx GCDrainStackTargetSize                   = 64                                        {product} {ergonomic}
     bool HeapDumpOnOutOfMemoryError               = true                                   {manageable} {command line}
   size_t InitialHeapSize                          = 402653184                                 {product} {ergonomic}
   size_t MarkStackSize                            = 4194304                                   {product} {ergonomic}
   size_t MaxHeapSize                              = 8589934592                                {product} {command line}
   size_t MaxMetaspaceSize                         = 4294967296                                {product} {command line}
   size_t MaxNewSize                               = 5150605312                                {product} {ergonomic}
   size_t MinHeapDeltaBytes                        = 4194304                                   {product} {ergonomic}
   size_t MinHeapSize                              = 8388608                                   {product} {ergonomic}
    uintx NonNMethodCodeHeapSize                   = 5839372                                {pd product} {ergonomic}
    uintx NonProfiledCodeHeapSize                  = 265515770                              {pd product} {ergonomic}
    uintx ProfiledCodeHeapSize                     = 265515770                              {pd product} {ergonomic}
    uintx ReservedCodeCacheSize                    = 536870912                              {pd product} {command line}
     bool SegmentedCodeCache                       = true                                      {product} {ergonomic}
   size_t SoftMaxHeapSize                          = 8589934592                             {manageable} {ergonomic}
     bool UseCompressedOops                        = true                           {product lp64_product} {ergonomic}
     bool UseG1GC                                  = true                                      {product} {ergonomic}
     bool UseLargePagesIndividualAllocation        = false                                  {pd product} {ergonomic}

Logging:
Log output configuration:
 #0: stdout all=warning uptime,level,tags foldmultilines=false
 #1: stderr all=off uptime,level,tags foldmultilines=false

Environment Variables:
JAVA_HOME=C:\Program Files\Java\jdk-23
PATH=c:\Users\domen\AppData\Local\Programs\cursor\resources\app\bin;C:\Program Files\Common Files\Oracle\Java\javapath;C:\Program Files (x86)\Common Files\Oracle\Java\java8path;C:\Program Files (x86)\Common Files\Oracle\Java\javapath;C:\Windows\system32;C:\Windows;C:\Windows\System32\Wbem;C:\Windows\System32\WindowsPowerShell\v1.0\;C:\Windows\System32\OpenSSH\;C:\ProgramData\chocolatey\bin;C:\Program Files\dotnet\;C:\Android;C:\Windows\System32;C:\MinGW\bin;C:\mingw64\bin;C:\Program Files\Java\jdk-21\bin;C:\Users\domen\AppData\Local\Microsoft\WindowsApps;C:\Program Files\CodeBlocks\MinGW\bin;C:\Users\domen\AppData\Local\GitHubDesktop\bin;C:\msys64\ucrt64\bin;c:\Users\domen\AppData\Local\Programs\cursor\resources\app\bin;c:\Users\domen\AppData\Local\Programs\cursor\resources\app\bin;C:\Program Files\Git\cmd;C:\Program Files (x86)\Windows Kits\10\Windows Performance Toolkit\;C:\Program Files\nodejs\;C:\Program Files\Docker\Docker\resources\bin;C:\Program Files\Java\jdk-21\bin;C:\Users\domen\AppData\Local\Microsoft\WindowsApps;C:\Users\domen\AppData\Local\Programs\Microsoft VS Code\bin;C:\Program Files\CodeBlocks\MinGW\bin;C:\Users\domen\AppData\Local\GitHubDesktop\bin;C:\msys64\ucrt64\bin;C:\src\flutter\bin;C:\tools\dart-sdk\bin;C:\Users\domen\AppData\Local\Pub\Cache\bin;C:\Program Files\Apache\Maven\apache-maven-3.9.9\bin;C:\Users\domen\AppData\Local\Muse Hub\lib;C:\Users\domen\AppData\Local\Microsoft\WinGet\Links;C:\Users\domen\AppData\Roaming\npm
USERNAME=domen
OS=Windows_NT
PROCESSOR_IDENTIFIER=AMD64 Family 23 Model 1 Stepping 1, AuthenticAMD
TMP=C:\Users\domen\AppData\Local\Temp
TEMP=C:\Users\domen\AppData\Local\Temp




Periodic native trim disabled

---------------  S Y S T E M  ---------------

OS:
 Windows 10 , 64 bit Build 19041 (10.0.19041.5794)
OS uptime: 0 days 0:10 hours
Hyper-V role detected

CPU: total 8 (initial active 8) (8 cores per cpu, 2 threads per core) family 23 model 1 stepping 1 microcode 0x0, cx8, cmov, fxsr, ht, mmx, 3dnowpref, sse, sse2, sse3, ssse3, sse4a, sse4.1, sse4.2, popcnt, lzcnt, tsc, tscinvbit, avx, avx2, aes, clmul, bmi1, bmi2, adx, sha, fma, vzeroupper, clflush, clflushopt, hv, rdtscp, f16c
Processor Information for all 8 processors :
  Max Mhz: 3200, Current Mhz: 3200, Mhz Limit: 3200

Memory: 4k page, system-wide physical 24512M (12012M free)
TotalPageFile size 39872M (AvailPageFile size 23039M)
current process WorkingSet (physical memory assigned to process): 353M, peak: 359M
current process commit charge ("private bytes"): 393M, peak: 578M

vm_info: Java HotSpot(TM) 64-Bit Server VM (21.0.6+8-LTS-188) for windows-amd64 JRE (21.0.6+8-LTS-188), built on 2024-12-03T10:50:54Z by "mach5one" with MS VC++ 17.6 (VS2022)

END.
