#
# A fatal error has been detected by the Java Runtime Environment:
#
#  EXCEPTION_ACCESS_VIOLATION (0xc0000005) at pc=0x00007ffaa185b350, pid=8128, tid=9204
#
# JRE version: OpenJDK Runtime Environment Temurin-21.0.7+6 (21.0.7+6) (build 21.0.7+6-LTS)
# Java VM: OpenJDK 64-Bit Server VM Temurin-21.0.7+6 (21.0.7+6-LTS, mixed mode, sharing, tiered, compressed oops, compressed class ptrs, parallel gc, windows-amd64)
# Problematic frame:
# V  [jvm.dll+0x67b350]
#
# No core dump will be written. Minidumps are not enabled by default on client versions of Windows
#
# If you would like to submit a bug report, please visit:
#   https://github.com/adoptium/adoptium-support/issues
#

---------------  S U M M A R Y ------------

Command Line: --add-modules=ALL-SYSTEM --add-opens=java.base/java.util=ALL-UNNAMED --add-opens=java.base/java.lang=ALL-UNNAMED --add-opens=java.base/sun.nio.fs=ALL-UNNAMED -Declipse.application=org.eclipse.jdt.ls.core.id1 -Dosgi.bundles.defaultStartLevel=4 -Declipse.product=org.eclipse.jdt.ls.core.product -Djava.import.generatesMetadataFilesAtProjectRoot=false -DDetectVMInstallationsJob.disabled=true -Dfile.encoding=utf8 -XX:+UseParallelGC -XX:GCTimeRatio=4 -XX:AdaptiveSizePolicyWeight=90 -Dsun.zip.disableMemoryMapping=true -Xmx1G -Xms100m -Xlog:disable -javaagent:c:\Users\domen\.vscode\extensions\redhat.java-1.42.0-win32-x64\lombok\lombok-1.18.36.jar -XX:+HeapDumpOnOutOfMemoryError -XX:HeapDumpPath=c:\Users\domen\AppData\Roaming\Code\User\workspaceStorage\7025abc7b0a5c563c1354d30b7485e60\redhat.java -Daether.dependencyCollector.impl=bf c:\Users\domen\.vscode\extensions\redhat.java-1.42.0-win32-x64\server\plugins\org.eclipse.equinox.launcher_1.7.0.v20250424-1814.jar -configuration c:\Users\domen\AppData\Roaming\Code\User\globalStorage\redhat.java\1.42.0\config_win -data c:\Users\domen\AppData\Roaming\Code\User\workspaceStorage\7025abc7b0a5c563c1354d30b7485e60\redhat.java\jdt_ws --pipe=\\.\pipe\lsp-4c5e1157fccffce481bbd092387dc2c0-sock

Host: AMD Ryzen 5 1400 Quad-Core Processor           , 8 cores, 23G,  Windows 10 , 64 bit Build 19041 (10.0.19041.5794)
Time: Mon Jun  2 16:37:28 2025 W. Europe Daylight Time elapsed time: 312.836741 seconds (0d 0h 5m 12s)

---------------  T H R E A D  ---------------

Current thread (0x000001da054c6480):  WorkerThread "GC Thread#1"    [id=9204, stack(0x000000c324300000,0x000000c324400000) (1024K)]

Stack: [0x000000c324300000,0x000000c324400000],  sp=0x000000c3243fe3f8,  free space=1016k
Native frames: (J=compiled Java code, j=interpreted, Vv=VM code, C=native code)
V  [jvm.dll+0x67b350]

JavaThread 0x000001da12b2fcb0 (nid = 25088) was being processed
Java frames: (J=compiled Java code, j=interpreted, Vv=VM code)
J 1441  java.io.WinNTFileSystem.canonicalize0(Ljava/lang/String;)Ljava/lang/String; java.base@21.0.7 (0 bytes) @ 0x000001da349c6487 [0x000001da349c6420+0x0000000000000067]
J 5223 c1 java.io.WinNTFileSystem.canonicalize(Ljava/lang/String;)Ljava/lang/String; java.base@21.0.7 (199 bytes) @ 0x000001da2d946ff4 [0x000001da2d944d00+0x00000000000022f4]
J 5222 c1 java.io.File.getCanonicalPath()Ljava/lang/String; java.base@21.0.7 (31 bytes) @ 0x000001da2d94442c [0x000001da2d944300+0x000000000000012c]
j  org.eclipse.aether.internal.impl.DefaultTrackingFileManager.getMutex(Ljava/io/File;)Ljava/lang/Object;+1
j  org.eclipse.aether.internal.impl.DefaultTrackingFileManager.read(Ljava/io/File;)Ljava/util/Properties;+12
j  org.eclipse.aether.internal.impl.EnhancedLocalRepositoryManager.readRepos(Ljava/io/File;)Ljava/util/Properties;+11
j  org.eclipse.aether.internal.impl.EnhancedLocalRepositoryManager.checkFind(Ljava/io/File;Lorg/eclipse/aether/repository/LocalArtifactResult;)V+15
j  org.eclipse.aether.internal.impl.EnhancedLocalRepositoryManager.find(Lorg/eclipse/aether/RepositorySystemSession;Lorg/eclipse/aether/repository/LocalArtifactRequest;)Lorg/eclipse/aether/repository/LocalArtifactResult;+63
j  org.eclipse.aether.internal.impl.DefaultArtifactResolver.resolve(Lorg/eclipse/aether/SyncContext;Lorg/eclipse/aether/SyncContext;Ljava/util/Collection;Lorg/eclipse/aether/RepositorySystemSession;Ljava/util/Collection;)Ljava/util/List;+588
j  org.eclipse.aether.internal.impl.DefaultArtifactResolver.resolveArtifacts(Lorg/eclipse/aether/RepositorySystemSession;Ljava/util/Collection;)Ljava/util/List;+127
j  org.eclipse.aether.internal.impl.DefaultArtifactResolver.resolveArtifact(Lorg/eclipse/aether/RepositorySystemSession;Lorg/eclipse/aether/resolution/ArtifactRequest;)Lorg/eclipse/aether/resolution/ArtifactResult;+20
j  org.apache.maven.repository.internal.DefaultModelResolver.resolveModel(Ljava/lang/String;Ljava/lang/String;Ljava/lang/String;)Lorg/apache/maven/model/building/ModelSource;+55
j  org.apache.maven.repository.internal.DefaultModelResolver.resolveModel(Lorg/apache/maven/model/Parent;)Lorg/apache/maven/model/building/ModelSource;+212
j  org.apache.maven.model.building.DefaultModelBuilder.readParentExternally(Lorg/apache/maven/model/Model;Lorg/apache/maven/model/building/ModelBuildingRequest;Lorg/apache/maven/model/building/DefaultModelProblemCollector;)Lorg/apache/maven/model/building/ModelData;+82
j  org.apache.maven.model.building.DefaultModelBuilder.readParent(Lorg/apache/maven/model/Model;Lorg/apache/maven/model/building/ModelSource;Lorg/apache/maven/model/building/ModelBuildingRequest;Lorg/apache/maven/model/building/DefaultModelProblemCollector;)Lorg/apache/maven/model/building/ModelData;+82
j  org.apache.maven.model.building.DefaultModelBuilder.build(Lorg/apache/maven/model/building/ModelBuildingRequest;Ljava/util/Collection;)Lorg/apache/maven/model/building/ModelBuildingResult;+573
j  org.apache.maven.model.building.DefaultModelBuilder.build(Lorg/apache/maven/model/building/ModelBuildingRequest;)Lorg/apache/maven/model/building/ModelBuildingResult;+9
j  org.apache.maven.repository.internal.DefaultArtifactDescriptorReader.loadPom(Lorg/eclipse/aether/RepositorySystemSession;Lorg/eclipse/aether/resolution/ArtifactDescriptorRequest;Lorg/eclipse/aether/resolution/ArtifactDescriptorResult;)Lorg/apache/maven/model/Model;+648
j  org.apache.maven.repository.internal.DefaultArtifactDescriptorReader.readArtifactDescriptor(Lorg/eclipse/aether/RepositorySystemSession;Lorg/eclipse/aether/resolution/ArtifactDescriptorRequest;)Lorg/eclipse/aether/resolution/ArtifactDescriptorResult;+13
j  org.eclipse.aether.internal.impl.collect.bf.BfDependencyCollector.resolveCachedArtifactDescriptor(Lorg/eclipse/aether/internal/impl/collect/DataPool;Lorg/eclipse/aether/resolution/ArtifactDescriptorRequest;Lorg/eclipse/aether/RepositorySystemSession;Lorg/eclipse/aether/internal/impl/collect/bf/DependencyProcessingContext;Lorg/eclipse/aether/internal/impl/collect/DependencyCollectorDelegate$Results;)Lorg/eclipse/aether/resolution/ArtifactDescriptorResult;+27
j  org.eclipse.aether.internal.impl.collect.bf.BfDependencyCollector.resolveDescriptorForVersion(Lorg/eclipse/aether/internal/impl/collect/bf/BfDependencyCollector$Args;Lorg/eclipse/aether/internal/impl/collect/bf/DependencyProcessingContext;Lorg/eclipse/aether/internal/impl/collect/DependencyCollectorDelegate$Results;Lorg/eclipse/aether/graph/Dependency;Lorg/eclipse/aether/version/Version;)Lorg/eclipse/aether/resolution/ArtifactDescriptorResult;+120
j  org.eclipse.aether.internal.impl.collect.bf.BfDependencyCollector.lambda$resolveArtifactDescriptorAsync$1(Lorg/eclipse/aether/internal/impl/collect/bf/BfDependencyCollector$Args;Lorg/eclipse/aether/internal/impl/collect/bf/DependencyProcessingContext;Lorg/eclipse/aether/internal/impl/collect/DependencyCollectorDelegate$Results;Lorg/eclipse/aether/graph/Dependency;Ljava/util/Map;Lorg/eclipse/aether/version/Version;)V+8
j  org.eclipse.aether.internal.impl.collect.bf.BfDependencyCollector$$Lambda+0x000001da3f9cf5e0.accept(Ljava/lang/Object;)V+28
J 8567 c1 java.util.ArrayList$ArrayListSpliterator.forEachRemaining(Ljava/util/function/Consumer;)V java.base@21.0.7 (127 bytes) @ 0x000001da2de97d0c [0x000001da2de97aa0+0x000000000000026c]
j  java.util.stream.ReferencePipeline$Head.forEach(Ljava/util/function/Consumer;)V+12 java.base@21.0.7
j  org.eclipse.aether.internal.impl.collect.bf.BfDependencyCollector.lambda$resolveArtifactDescriptorAsync$4(Lorg/eclipse/aether/internal/impl/collect/bf/BfDependencyCollector$Args;Lorg/eclipse/aether/internal/impl/collect/bf/DependencyProcessingContext;Lorg/eclipse/aether/graph/Dependency;Lorg/eclipse/aether/internal/impl/collect/DependencyCollectorDelegate$Results;)Lorg/eclipse/aether/internal/impl/collect/bf/BfDependencyCollector$DescriptorResolutionResult;+119
j  org.eclipse.aether.internal.impl.collect.bf.BfDependencyCollector$$Lambda+0x000001da3f9cdd18.call()Ljava/lang/Object;+20
j  java.util.concurrent.FutureTask.run()V+39 java.base@21.0.7
j  java.util.concurrent.ThreadPoolExecutor.runWorker(Ljava/util/concurrent/ThreadPoolExecutor$Worker;)V+92 java.base@21.0.7
j  java.util.concurrent.ThreadPoolExecutor$Worker.run()V+5 java.base@21.0.7
j  java.lang.Thread.runWith(Ljava/lang/Object;Ljava/lang/Runnable;)V+5 java.base@21.0.7
j  java.lang.Thread.run()V+19 java.base@21.0.7
v  ~StubRoutines::call_stub 0x000001da3438100d

siginfo: EXCEPTION_ACCESS_VIOLATION (0xc0000005), reading address 0x0000015a02cf7030


Registers:
RAX=0x000000c3294ff418, RBX=0x000001da00d9e080, RCX=0x0000015a02cf7008, RDX=0x000001da02cf6f2f
RSP=0x000000c3243fe3f8, RBP=0x000000c3243fe500, RSI=0x000000c3243fe6d0, RDI=0x000000c3243ffa10
R8 =0x000000c3243fe708, R9 =0x0000000000000001, R10=0x000001da34380000, R11=0x000000c3243fe578
R12=0x0000000000000000, R13=0x000001da054c6480, R14=0x000000c3243fe708, R15=0x0000000000000001
RIP=0x00007ffaa185b350, EFLAGS=0x0000000000010206

XMM[0]=0x000000c3294ff418 0x0000000000000000
XMM[1]=0x0000000000000000 0x000000c3294ff3c0
XMM[2]=0x0020002000200020 0x0020002000200020
XMM[3]=0x006f007300650072 0x002d006400640061
XMM[4]=0x0020002000200020 0x00200020000a003e
XMM[5]=0xeae2763000000000 0x0000000000000000
XMM[6]=0x0000000000000000 0x0000000000000000
XMM[7]=0x0000000000000000 0x0000000000000000
XMM[8]=0x0000000000000000 0x0000000000000000
XMM[9]=0x0000000000000000 0x0000000000000000
XMM[10]=0x0000000000000000 0x0000000000000000
XMM[11]=0x0000000000000000 0x0000000000000000
XMM[12]=0x0000000000000000 0x0000000000000000
XMM[13]=0x0000000000000000 0x0000000000000000
XMM[14]=0x0000000000000000 0x0000000000000000
XMM[15]=0x0000000000000000 0x0000000000000000
  MXCSR=0x00001fa0


Register to memory mapping:

RAX=0x000000c3294ff418 is pointing into the stack for thread: 0x000001da12b2fcb0
RBX=0x000001da00d9e080 points into unknown readable memory: 0x0000000000000000 | 00 00 00 00 00 00 00 00
RCX=0x0000015a02cf7008 is an unknown value
RDX=0x000001da02cf6f2f is pointing into metadata
RSP=0x000000c3243fe3f8 points into unknown readable memory: 0x00007ffaa14f4b0c | 0c 4b 4f a1 fa 7f 00 00
RBP=0x000000c3243fe500 points into unknown readable memory: 0x000000c300000000 | 00 00 00 00 c3 00 00 00
RSI=0x000000c3243fe6d0 points into unknown readable memory: 0x000000c3294ff3c0 | c0 f3 4f 29 c3 00 00 00
RDI=0x000000c3243ffa10 points into unknown readable memory: 0x00007ffaa1c6c3e8 | e8 c3 c6 a1 fa 7f 00 00
R8 =0x000000c3243fe708 points into unknown readable memory: 0x000000c3283fcb78 | 78 cb 3f 28 c3 00 00 00
R9 =0x0000000000000001 is an unknown value
R10=0x000001da34380000 points into unknown readable memory: 0x0000000000000006 | 06 00 00 00 00 00 00 00
R11=0x000000c3243fe578 points into unknown readable memory: 0x00007ffaa14f47cd | cd 47 4f a1 fa 7f 00 00
R12=0x0 is null
R13=0x000001da054c6480 points into unknown readable memory: 0x00007ffaa1cba8e8 | e8 a8 cb a1 fa 7f 00 00
R14=0x000000c3243fe708 points into unknown readable memory: 0x000000c3283fcb78 | 78 cb 3f 28 c3 00 00 00
R15=0x0000000000000001 is an unknown value

Top of Stack: (sp=0x000000c3243fe3f8)
0x000000c3243fe3f8:   00007ffaa14f4b0c 000000c3243fe500
0x000000c3243fe408:   000001da00d9e080 000000c3243ffa20
0x000000c3243fe418:   000000c3243fe6d0 0000000c054b0201
0x000000c3243fe428:   0000015a02cf7008 000001da054c6480
0x000000c3243fe438:   0000015a02cf7008 00007ffaa1eb8db2
0x000000c3243fe448:   0000000000000002 0000000000000948
0x000000c3243fe458:   000001da3ea9980c 000000c3000000b9
0x000000c3243fe468:   000001da3e0e44d8 00007ffaa1c03210
0x000000c3243fe478:   000000c3243fe6d0 000000c3243ffa10
0x000000c3243fe488:   0000000300000002 0000000000000003
0x000000c3243fe498:   00007ffaa1899cf7 0000000000000003
0x000000c3243fe4a8:   0000000000000000 0000000000000950
0x000000c3243fe4b8:   000001da353ee5a0 000001da08ab3204
0x000000c3243fe4c8:   000001da00000006 0000000500000003
0x000000c3243fe4d8:   0000ffff0958e700 0000000000000001
0x000000c3243fe4e8:   000000c3243ffa10 000001da3e0e44d8
0x000000c3243fe4f8:   000000040000000c 000000c300000000
0x000000c3243fe508:   0000000000000005 0000000000000000
0x000000c3243fe518:   0000000000000000 0000000000000000
0x000000c3243fe528:   000000c300000002 000009f94e8294b4
0x000000c3243fe538:   000001da353ee410 000000c3243ffa10
0x000000c3243fe548:   000001da054b0230 0000000000000000
0x000000c3243fe558:   000000c3243fe6d0 000000c3243ffa20
0x000000c3243fe568:   0000000000000001 000000c3243ffa10
0x000000c3243fe578:   00007ffaa14f47cd 000000c3243fe708
0x000000c3243fe588:   000000c3243ffa20 0000000000000000
0x000000c3243fe598:   00007ffaa13837d0 000000c3243fe690
0x000000c3243fe5a8:   00007ffa000000c2 000000c3243fe690
0x000000c3243fe5b8:   00007ffaa1383832 000000c3243fe690
0x000000c3243fe5c8:   00007ffaa14f65e4 000000c3243fe708
0x000000c3243fe5d8:   000000c3243fe6d0 000000c3243fe690
0x000000c3243fe5e8:   00007ffaa14f6508 000001da34388a06 

Instructions: (pc=0x00007ffaa185b350)
0x00007ffaa185b250:   00 00 c0 e9 03 f6 c1 01 75 07 c7 47 2c fd ff ff
0x00007ffaa185b260:   ff 48 39 77 38 74 04 48 89 77 38 48 8b 47 50 48
0x00007ffaa185b270:   85 c0 74 04 48 89 77 50 48 89 77 20 48 89 77 40
0x00007ffaa185b280:   90 48 8b 47 38 48 89 47 50 90 48 89 77 48 40 f6
0x00007ffaa185b290:   c5 01 74 11 48 8b cf e8 14 06 00 00 48 89 77 60
0x00007ffaa185b2a0:   eb 03 48 8b fe 48 8b 6c 24 40 48 8b c7 48 8b 5c
0x00007ffaa185b2b0:   24 48 48 8b 74 24 50 48 8b 7c 24 58 48 83 c4 30
0x00007ffaa185b2c0:   41 5e c3 cc cc cc cc cc cc cc cc cc cc cc cc cc
0x00007ffaa185b2d0:   4c 8b 41 18 48 8b 51 10 4d 85 c0 74 07 41 f6 40
0x00007ffaa185b2e0:   0c 01 75 0e 48 85 d2 74 0f f6 82 d0 00 00 00 01
0x00007ffaa185b2f0:   74 06 b8 00 00 00 40 c3 33 c0 4d 85 c0 74 08 41
0x00007ffaa185b300:   8b 48 0c d1 e9 eb 02 8b c8 48 85 d2 74 08 8b 82
0x00007ffaa185b310:   d0 00 00 00 d1 e8 03 c1 c3 cc cc cc cc cc cc cc
0x00007ffaa185b320:   8b 41 28 c1 e8 08 a8 01 74 08 48 85 d2 75 03 33
0x00007ffaa185b330:   c0 c3 2b 51 08 8d 42 c8 c3 cc cc cc cc cc cc cc
0x00007ffaa185b340:   48 8b 41 08 48 83 c0 38 48 63 d2 48 03 c2 c3 cc
0x00007ffaa185b350:   8b 41 28 c1 e8 08 a8 01 74 0e 48 85 d2 75 09 48
0x00007ffaa185b360:   8b 41 08 48 83 c0 38 c3 48 8b c2 c3 cc cc cc cc
0x00007ffaa185b370:   40 53 48 83 ec 30 80 3d 5d f6 60 00 00 48 8b d9
0x00007ffaa185b380:   74 08 33 c0 48 83 c4 30 5b c3 4c 89 74 24 58 48
0x00007ffaa185b390:   89 54 24 20 48 89 5c 24 28 48 85 d2 74 16 48 8b
0x00007ffaa185b3a0:   89 28 03 00 00 48 89 54 24 50 48 8d 54 24 50 e8
0x00007ffaa185b3b0:   8c e4 98 ff 48 8b 03 48 8b cb ff 50 38 48 8d 4c
0x00007ffaa185b3c0:   24 20 84 c0 74 1c 48 8b d3 e8 92 6b 00 00 48 83
0x00007ffaa185b3d0:   7b 08 00 4c 8b f0 74 12 48 8b cb e8 40 b6 c8 ff
0x00007ffaa185b3e0:   eb 08 e8 29 6b 00 00 4c 8b f0 4d 85 f6 75 10 e8
0x00007ffaa185b3f0:   8c bc bd ff 33 db c6 05 dd f5 60 00 01 eb 76 48
0x00007ffaa185b400:   8b 4c 24 20 33 c0 f0 4c 0f b1 71 18 74 5e 48 8b
0x00007ffaa185b410:   44 24 20 48 89 74 24 40 48 89 7c 24 48 48 8b 48
0x00007ffaa185b420:   08 48 8b 41 08 48 8b 48 18 49 8b 06 48 8b b1 98
0x00007ffaa185b430:   00 00 00 49 8b ce ff 50 30 49 8b 16 49 8b ce 48
0x00007ffaa185b440:   63 d8 ff 52 08 48 8b ce 0f b6 f8 e8 90 66 ba ff 


Stack slot to memory mapping:

stack at sp + 0 slots: 0x00007ffaa14f4b0c jvm.dll
stack at sp + 1 slots: 0x000000c3243fe500 points into unknown readable memory: 0x000000c300000000 | 00 00 00 00 c3 00 00 00
stack at sp + 2 slots: 0x000001da00d9e080 points into unknown readable memory: 0x0000000000000000 | 00 00 00 00 00 00 00 00
stack at sp + 3 slots: 0x000000c3243ffa20 points into unknown readable memory: 0x00007ffaa1c08c68 | 68 8c c0 a1 fa 7f 00 00
stack at sp + 4 slots: 0x000000c3243fe6d0 points into unknown readable memory: 0x000000c3294ff3c0 | c0 f3 4f 29 c3 00 00 00
stack at sp + 5 slots: 0x0000000c054b0201 is an unknown value
stack at sp + 6 slots: 0x0000015a02cf7008 is an unknown value
stack at sp + 7 slots: 0x000001da054c6480 points into unknown readable memory: 0x00007ffaa1cba8e8 | e8 a8 cb a1 fa 7f 00 00


---------------  P R O C E S S  ---------------

Threads class SMR info:
_java_thread_list=0x000001da07d42bd0, length=83, elements={
0x000001da279f8090, 0x000001da7f1b9770, 0x000001da7f1bb070, 0x000001da7f1bcbf0,
0x000001da7f1bdb00, 0x000001da7f1bf8c0, 0x000001da7f1c2420, 0x000001da7f1c3250,
0x000001da00adf790, 0x000001da29ccb1f0, 0x000001da00da6000, 0x000001da05696e90,
0x000001da058f5ee0, 0x000001da00b9af70, 0x000001da00b9b5d0, 0x000001da058a7270,
0x000001da00c03d20, 0x000001da00c681d0, 0x000001da00c68ef0, 0x000001da00c68860,
0x000001da00c69580, 0x000001da00c674b0, 0x000001da00c66790, 0x000001da00c67b40,
0x000001da088a96b0, 0x000001da088a75e0, 0x000001da088ac4a0, 0x000001da088a7c70,
0x000001da088a9d40, 0x000001da088a8300, 0x000001da088a8990, 0x000001da088a9020,
0x000001da088a6230, 0x000001da088a68c0, 0x000001da088aa3d0, 0x000001da088aaa60,
0x000001da088ab780, 0x000001da088abe10, 0x000001da088a6f50, 0x000001da072a4160,
0x000001da072a8300, 0x000001da072a4e80, 0x000001da072a3ad0, 0x000001da072a47f0,
0x000001da072a75e0, 0x000001da072a2db0, 0x000001da072a3440, 0x000001da1c690e90,
0x000001da1c6935f0, 0x000001da1c691bb0, 0x000001da1c691520, 0x000001da1c68f450,
0x000001da1c692240, 0x000001da1c68fae0, 0x000001da1c1f9120, 0x000001da1c1f1d50,
0x000001da1c690170, 0x000001da1c6928d0, 0x000001da1c693c80, 0x000001da1c68ccf0,
0x000001da1c692f60, 0x000001da1c694310, 0x000001da1c68e730, 0x000001da072a68c0,
0x000001da072a7c70, 0x000001da072a1a00, 0x000001da072a1370, 0x000001da072a2090,
0x000001da072a8990, 0x000001da1c68da10, 0x000001da1c68e0a0, 0x000001da088acb30,
0x000001da088ad1c0, 0x000001da00c66e20, 0x000001da088ad850, 0x000001da12b2bb10,
0x000001da12b2e270, 0x000001da12b2c830, 0x000001da12b2e900, 0x000001da12b309d0,
0x000001da12b2ef90, 0x000001da12b2fcb0, 0x000001da12b31060
}

Java Threads: ( => current thread )
  0x000001da279f8090 JavaThread "main"                              [_thread_blocked, id=2424, stack(0x000000c323500000,0x000000c323600000) (1024K)]
  0x000001da7f1b9770 JavaThread "Reference Handler"          daemon [_thread_blocked, id=17924, stack(0x000000c323900000,0x000000c323a00000) (1024K)]
  0x000001da7f1bb070 JavaThread "Finalizer"                  daemon [_thread_blocked, id=21736, stack(0x000000c323a00000,0x000000c323b00000) (1024K)]
  0x000001da7f1bcbf0 JavaThread "Signal Dispatcher"          daemon [_thread_blocked, id=29988, stack(0x000000c323b00000,0x000000c323c00000) (1024K)]
  0x000001da7f1bdb00 JavaThread "Attach Listener"            daemon [_thread_blocked, id=28444, stack(0x000000c323c00000,0x000000c323d00000) (1024K)]
  0x000001da7f1bf8c0 JavaThread "Service Thread"             daemon [_thread_blocked, id=24532, stack(0x000000c323d00000,0x000000c323e00000) (1024K)]
  0x000001da7f1c2420 JavaThread "Monitor Deflation Thread"   daemon [_thread_blocked, id=12856, stack(0x000000c323e00000,0x000000c323f00000) (1024K)]
  0x000001da7f1c3250 JavaThread "C2 CompilerThread0"         daemon [_thread_blocked, id=21552, stack(0x000000c323f00000,0x000000c324000000) (1024K)]
  0x000001da00adf790 JavaThread "C1 CompilerThread0"         daemon [_thread_blocked, id=2604, stack(0x000000c324000000,0x000000c324100000) (1024K)]
  0x000001da29ccb1f0 JavaThread "Common-Cleaner"             daemon [_thread_blocked, id=9912, stack(0x000000c324100000,0x000000c324200000) (1024K)]
  0x000001da00da6000 JavaThread "Notification Thread"        daemon [_thread_blocked, id=24172, stack(0x000000c324200000,0x000000c324300000) (1024K)]
  0x000001da05696e90 JavaThread "Active Thread: Equinox Container: 2defd3cf-34e5-40db-ada8-94394370d8d5"        [_thread_blocked, id=21664, stack(0x000000c324a00000,0x000000c324b00000) (1024K)]
  0x000001da058f5ee0 JavaThread "Refresh Thread: Equinox Container: 2defd3cf-34e5-40db-ada8-94394370d8d5" daemon [_thread_blocked, id=22732, stack(0x000000c324900000,0x000000c324a00000) (1024K)]
  0x000001da00b9af70 JavaThread "Framework Event Dispatcher: Equinox Container: 2defd3cf-34e5-40db-ada8-94394370d8d5" daemon [_thread_blocked, id=14316, stack(0x000000c324c00000,0x000000c324d00000) (1024K)]
  0x000001da00b9b5d0 JavaThread "Start Level: Equinox Container: 2defd3cf-34e5-40db-ada8-94394370d8d5" daemon [_thread_blocked, id=13360, stack(0x000000c324d00000,0x000000c324e00000) (1024K)]
  0x000001da058a7270 JavaThread "Bundle File Closer"         daemon [_thread_blocked, id=27032, stack(0x000000c324e00000,0x000000c324f00000) (1024K)]
  0x000001da00c03d20 JavaThread "SCR Component Actor"        daemon [_thread_blocked, id=23692, stack(0x000000c324f00000,0x000000c325000000) (1024K)]
  0x000001da00c681d0 JavaThread "Worker-JM"                         [_thread_blocked, id=13700, stack(0x000000c325100000,0x000000c325200000) (1024K)]
  0x000001da00c68ef0 JavaThread "JNA Cleaner"                daemon [_thread_blocked, id=16480, stack(0x000000c325200000,0x000000c325300000) (1024K)]
  0x000001da00c68860 JavaThread "Worker-1: Update project android"        [_thread_blocked, id=21624, stack(0x000000c325400000,0x000000c325500000) (1024K)]
  0x000001da00c69580 JavaThread "Worker-2: Initialize workspace"        [_thread_blocked, id=18724, stack(0x000000c325500000,0x000000c325600000) (1024K)]
  0x000001da00c674b0 JavaThread "Worker-3: Update project app"        [_thread_blocked, id=16704, stack(0x000000c325700000,0x000000c325800000) (1024K)]
  0x000001da00c66790 JavaThread "Worker-4"                          [_thread_blocked, id=3192, stack(0x000000c325600000,0x000000c325700000) (1024K)]
  0x000001da00c67b40 JavaThread "Java indexing"              daemon [_thread_blocked, id=10948, stack(0x000000c325000000,0x000000c325100000) (1024K)]
  0x000001da088a96b0 JavaThread "Worker-6"                          [_thread_blocked, id=16836, stack(0x000000c325a00000,0x000000c325b00000) (1024K)]
  0x000001da088a75e0 JavaThread "Thread-2"                   daemon [_thread_in_native, id=18716, stack(0x000000c325c00000,0x000000c325d00000) (1024K)]
  0x000001da088ac4a0 JavaThread "Thread-3"                   daemon [_thread_in_native, id=4300, stack(0x000000c325d00000,0x000000c325e00000) (1024K)]
  0x000001da088a7c70 JavaThread "Thread-4"                   daemon [_thread_in_native, id=12720, stack(0x000000c325e00000,0x000000c325f00000) (1024K)]
  0x000001da088a9d40 JavaThread "Thread-5"                   daemon [_thread_in_native, id=10376, stack(0x000000c325f00000,0x000000c326000000) (1024K)]
  0x000001da088a8300 JavaThread "Thread-6"                   daemon [_thread_in_native, id=21136, stack(0x000000c326000000,0x000000c326100000) (1024K)]
  0x000001da088a8990 JavaThread "Thread-7"                   daemon [_thread_in_native, id=9380, stack(0x000000c326100000,0x000000c326200000) (1024K)]
  0x000001da088a9020 JavaThread "Thread-8"                   daemon [_thread_blocked, id=6248, stack(0x000000c326200000,0x000000c326300000) (1024K)]
  0x000001da088a6230 JavaThread "Thread-9"                   daemon [_thread_in_native, id=30648, stack(0x000000c326300000,0x000000c326400000) (1024K)]
  0x000001da088a68c0 JavaThread "Thread-10"                  daemon [_thread_in_native, id=29024, stack(0x000000c326400000,0x000000c326500000) (1024K)]
  0x000001da088aa3d0 JavaThread "pool-2-thread-1"                   [_thread_blocked, id=15160, stack(0x000000c326500000,0x000000c326600000) (1024K)]
  0x000001da088aaa60 JavaThread "Timer-0"                           [_thread_blocked, id=4384, stack(0x000000c326600000,0x000000c326700000) (1024K)]
  0x000001da088ab780 JavaThread "WorkspaceEventsHandler"            [_thread_blocked, id=11316, stack(0x000000c326700000,0x000000c326800000) (1024K)]
  0x000001da088abe10 JavaThread "pool-1-thread-1"                   [_thread_blocked, id=12260, stack(0x000000c326800000,0x000000c326900000) (1024K)]
  0x000001da088a6f50 JavaThread "Timer-1"                           [_thread_blocked, id=29032, stack(0x000000c325800000,0x000000c325900000) (1024K)]
  0x000001da072a4160 JavaThread "LocalFile Deleter"          daemon [_thread_blocked, id=4360, stack(0x000000c326d00000,0x000000c326e00000) (1024K)]
  0x000001da072a8300 JavaThread "LocalFile Deleter"          daemon [_thread_blocked, id=28976, stack(0x000000c327100000,0x000000c327200000) (1024K)]
  0x000001da072a4e80 JavaThread "Timer-2"                           [_thread_blocked, id=21532, stack(0x000000c325b00000,0x000000c325c00000) (1024K)]
  0x000001da072a3ad0 JavaThread "Timer-3"                           [_thread_blocked, id=14212, stack(0x000000c323300000,0x000000c323400000) (1024K)]
  0x000001da072a47f0 JavaThread "Timer-4"                           [_thread_blocked, id=7852, stack(0x000000c326b00000,0x000000c326c00000) (1024K)]
  0x000001da072a75e0 JavaThread "Timer-5"                           [_thread_blocked, id=23644, stack(0x000000c326c00000,0x000000c326d00000) (1024K)]
  0x000001da072a2db0 JavaThread "ForkJoinPool.commonPool-worker-1" daemon [_thread_blocked, id=19196, stack(0x000000c327d00000,0x000000c327e00000) (1024K)]
  0x000001da072a3440 JavaThread "ForkJoinPool.commonPool-worker-2" daemon [_thread_blocked, id=1792, stack(0x000000c327e00000,0x000000c327f00000) (1024K)]
  0x000001da1c690e90 JavaThread "ForkJoinPool.commonPool-worker-3" daemon [_thread_blocked, id=15872, stack(0x000000c327f00000,0x000000c328000000) (1024K)]
  0x000001da1c6935f0 JavaThread "ForkJoinPool.commonPool-worker-4" daemon [_thread_blocked, id=2256, stack(0x000000c328000000,0x000000c328100000) (1024K)]
  0x000001da1c691bb0 JavaThread "ForkJoinPool.commonPool-worker-5" daemon [_thread_blocked, id=13648, stack(0x000000c328100000,0x000000c328200000) (1024K)]
  0x000001da1c691520 JavaThread "ForkJoinPool.commonPool-worker-6" daemon [_thread_blocked, id=17708, stack(0x000000c328200000,0x000000c328300000) (1024K)]
  0x000001da1c68f450 JavaThread "ForkJoinPool.commonPool-worker-7" daemon [_thread_blocked, id=18092, stack(0x000000c328300000,0x000000c328400000) (1024K)]
  0x000001da1c692240 JavaThread "Timer-6"                           [_thread_blocked, id=26448, stack(0x000000c326900000,0x000000c326a00000) (1024K)]
  0x000001da1c68fae0 JavaThread "Timer-7"                           [_thread_blocked, id=16732, stack(0x000000c325300000,0x000000c325400000) (1024K)]
  0x000001da1c1f9120 JavaThread "C2 CompilerThread1"         daemon [_thread_blocked, id=15996, stack(0x000000c326a00000,0x000000c326b00000) (1024K)]
  0x000001da1c1f1d50 JavaThread "C2 CompilerThread2"         daemon [_thread_blocked, id=7524, stack(0x000000c326e00000,0x000000c326f00000) (1024K)]
  0x000001da1c690170 JavaThread "Timer-8"                           [_thread_blocked, id=6272, stack(0x000000c326f00000,0x000000c327000000) (1024K)]
  0x000001da1c6928d0 JavaThread "Timer-9"                           [_thread_blocked, id=1452, stack(0x000000c327200000,0x000000c327300000) (1024K)]
  0x000001da1c693c80 JavaThread "SCR Component Registry"     daemon [_thread_blocked, id=25576, stack(0x000000c327400000,0x000000c327500000) (1024K)]
  0x000001da1c68ccf0 JavaThread "Timer-10"                          [_thread_blocked, id=23432, stack(0x000000c327000000,0x000000c327100000) (1024K)]
  0x000001da1c692f60 JavaThread "Timer-11"                          [_thread_blocked, id=29892, stack(0x000000c327300000,0x000000c327400000) (1024K)]
  0x000001da1c694310 JavaThread "Connection worker"                 [_thread_blocked, id=22188, stack(0x000000c327500000,0x000000c327600000) (1024K)]
  0x000001da1c68e730 JavaThread "pool-4-thread-1"                   [_thread_blocked, id=27956, stack(0x000000c327600000,0x000000c327700000) (1024K)]
  0x000001da072a68c0 JavaThread "ParallelDescriptorResolver-1-0" daemon [_thread_blocked, id=21928, stack(0x000000c325900000,0x000000c325a00000) (1024K)]
  0x000001da072a7c70 JavaThread "ParallelDescriptorResolver-1-1" daemon [_thread_blocked, id=13804, stack(0x000000c327a00000,0x000000c327b00000) (1024K)]
  0x000001da072a1a00 JavaThread "ParallelDescriptorResolver-1-2" daemon [_thread_blocked, id=28276, stack(0x000000c327b00000,0x000000c327c00000) (1024K)]
  0x000001da072a1370 JavaThread "ParallelDescriptorResolver-4-0" daemon [_thread_blocked, id=20576, stack(0x000000c327c00000,0x000000c327d00000) (1024K)]
  0x000001da072a2090 JavaThread "ParallelDescriptorResolver-4-1" daemon [_thread_blocked, id=29924, stack(0x000000c328400000,0x000000c328500000) (1024K)]
  0x000001da072a8990 JavaThread "ParallelDescriptorResolver-4-2" daemon [_thread_blocked, id=11820, stack(0x000000c328500000,0x000000c328600000) (1024K)]
  0x000001da1c68da10 JavaThread "ParallelDescriptorResolver-1-3" daemon [_thread_blocked, id=20004, stack(0x000000c328800000,0x000000c328900000) (1024K)]
  0x000001da1c68e0a0 JavaThread "ParallelDescriptorResolver-1-4" daemon [_thread_blocked, id=9616, stack(0x000000c328900000,0x000000c328a00000) (1024K)]
  0x000001da088acb30 JavaThread "ParallelDescriptorResolver-5-0" daemon [_thread_blocked, id=22956, stack(0x000000c328a00000,0x000000c328b00000) (1024K)]
  0x000001da088ad1c0 JavaThread "ParallelDescriptorResolver-5-1" daemon [_thread_blocked, id=640, stack(0x000000c328b00000,0x000000c328c00000) (1024K)]
  0x000001da00c66e20 JavaThread "ParallelDescriptorResolver-2-0" daemon [_thread_blocked, id=15904, stack(0x000000c328c00000,0x000000c328d00000) (1024K)]
  0x000001da088ad850 JavaThread "ParallelDescriptorResolver-2-1" daemon [_thread_blocked, id=12088, stack(0x000000c328d00000,0x000000c328e00000) (1024K)]
  0x000001da12b2bb10 JavaThread "ParallelDescriptorResolver-5-2" daemon [_thread_blocked, id=160, stack(0x000000c328e00000,0x000000c328f00000) (1024K)]
  0x000001da12b2e270 JavaThread "ParallelDescriptorResolver-5-3" daemon [_thread_blocked, id=26196, stack(0x000000c328f00000,0x000000c329000000) (1024K)]
  0x000001da12b2c830 JavaThread "ParallelDescriptorResolver-5-4" daemon [_thread_blocked, id=14812, stack(0x000000c329000000,0x000000c329100000) (1024K)]
  0x000001da12b2e900 JavaThread "ParallelDescriptorResolver-2-2" daemon [_thread_blocked, id=2508, stack(0x000000c329100000,0x000000c329200000) (1024K)]
  0x000001da12b309d0 JavaThread "ParallelDescriptorResolver-2-3" daemon [_thread_blocked, id=12728, stack(0x000000c329200000,0x000000c329300000) (1024K)]
  0x000001da12b2ef90 JavaThread "ParallelDescriptorResolver-2-4" daemon [_thread_blocked, id=3616, stack(0x000000c329300000,0x000000c329400000) (1024K)]
  0x000001da12b2fcb0 JavaThread "ParallelDescriptorResolver-4-3" daemon [_thread_blocked, id=25088, stack(0x000000c329400000,0x000000c329500000) (1024K)]
  0x000001da12b31060 JavaThread "ParallelDescriptorResolver-4-4" daemon [_thread_blocked, id=12232, stack(0x000000c329500000,0x000000c329600000) (1024K)]
Total: 83

Other Threads:
  0x000001da27abe7d0 VMThread "VM Thread"                           [id=5832, stack(0x000000c323800000,0x000000c323900000) (1024K)]
  0x000001da29cc9bc0 WatcherThread "VM Periodic Task Thread"        [id=20764, stack(0x000000c323700000,0x000000c323800000) (1024K)]
  0x000001da29c7be30 WorkerThread "GC Thread#0"                     [id=21352, stack(0x000000c323600000,0x000000c323700000) (1024K)]
=>0x000001da054c6480 WorkerThread "GC Thread#1"                     [id=9204, stack(0x000000c324300000,0x000000c324400000) (1024K)]
  0x000001da0517a730 WorkerThread "GC Thread#2"                     [id=11664, stack(0x000000c324400000,0x000000c324500000) (1024K)]
  0x000001da0517aad0 WorkerThread "GC Thread#3"                     [id=17856, stack(0x000000c324500000,0x000000c324600000) (1024K)]
  0x000001da0517ae70 WorkerThread "GC Thread#4"                     [id=21364, stack(0x000000c324600000,0x000000c324700000) (1024K)]
  0x000001da0517b210 WorkerThread "GC Thread#5"                     [id=18600, stack(0x000000c324700000,0x000000c324800000) (1024K)]
  0x000001da0540bfe0 WorkerThread "GC Thread#6"                     [id=22704, stack(0x000000c324800000,0x000000c324900000) (1024K)]
  0x000001da05871990 WorkerThread "GC Thread#7"                     [id=12012, stack(0x000000c324b00000,0x000000c324c00000) (1024K)]
Total: 10

Threads with active compile tasks:
C2 CompilerThread0  312971 13609       4       org.codehaus.plexus.util.xml.pull.MXParser::nextImpl (1203 bytes)
C1 CompilerThread0  312971 13672   !   3       org.eclipse.aether.util.version.GenericVersion$Tokenizer::toItem (285 bytes)
C2 CompilerThread1  312971 13676       4       java.util.regex.Matcher::reset (128 bytes)
C2 CompilerThread2  312972 13582   !   4       org.codehaus.plexus.interpolation.StringSearchInterpolator::interpolate (668 bytes)
Total: 4

VM state: at safepoint (normal execution)

VM Mutex/Monitor currently owned by a thread:  ([mutex/lock_event])
[0x00007ffaa1e8e308] Threads_lock - owner thread: 0x000001da27abe7d0
[0x00007ffaa1e8e408] Heap_lock - owner thread: 0x000001da12b2c830

Heap address: 0x00000000c0000000, size: 1024 MB, Compressed Oops mode: 32-bit

CDS archive(s) mapped at: [0x000001da3e000000-0x000001da3eba0000-0x000001da3eba0000), size 12189696, SharedBaseAddress: 0x000001da3e000000, ArchiveRelocationMode: 1.
Compressed class space mapped at: 0x000001da3f000000-0x000001da7f000000, reserved size: 1073741824
Narrow klass base: 0x000001da3e000000, Narrow klass shift: 0, Narrow klass range: 0x100000000

GC Precious Log:
 CardTable entry size: 512
 CPUs: 8 total, 8 available
 Memory: 24512M
 Large Page Support: Disabled
 NUMA Support: Disabled
 Compressed Oops: Enabled (32-bit)
 Alignments: Space 512K, Generation 512K, Heap 2M
 Heap Min Capacity: 100M
 Heap Initial Capacity: 100M
 Heap Max Capacity: 1G
 Pre-touch: Disabled
 Parallel Workers: 8

Heap:
 PSYoungGen      total 4096K, used 3728K [0x00000000eab00000, 0x00000000eb000000, 0x0000000100000000)
  eden space 3072K, 99% used [0x00000000eab00000,0x00000000eadffff8,0x00000000eae00000)
  from space 1024K, 64% used [0x00000000eae00000,0x00000000eaea4010,0x00000000eaf00000)
  to   space 1024K, 65% used [0x00000000eaf00000,0x00000000eafa8010,0x00000000eb000000)
 ParOldGen       total 654848K, used 654770K [0x00000000c0000000, 0x00000000e7f80000, 0x00000000eab00000)
  object space 654848K, 99% used [0x00000000c0000000,0x00000000e7f6cb50,0x00000000e7f80000)
 Metaspace       used 78838K, committed 80512K, reserved 1179648K
  class space    used 9348K, committed 10112K, reserved 1048576K

Card table byte_map: [0x000001da29630000,0x000001da29840000] _byte_map_base: 0x000001da29030000

Marking Bits: (ParMarkBitMap*) 0x00007ffaa1e931f0
 Begin Bits: [0x000001da3be50000, 0x000001da3ce50000)
 End Bits:   [0x000001da3ce50000, 0x000001da3de50000)

Polling page: 0x000001da29420000

Metaspace:

Usage:
  Non-class:     67.86 MB used.
      Class:      9.13 MB used.
       Both:     76.99 MB used.

Virtual space:
  Non-class space:      128.00 MB reserved,      68.75 MB ( 54%) committed,  2 nodes.
      Class space:        1.00 GB reserved,       9.88 MB ( <1%) committed,  1 nodes.
             Both:        1.12 GB reserved,      78.62 MB (  7%) committed. 

Chunk freelists:
   Non-Class:  10.63 MB
       Class:  6.12 MB
        Both:  16.76 MB

MaxMetaspaceSize: unlimited
CompressedClassSpaceSize: 1.00 GB
Initial GC threshold: 21.00 MB
Current GC threshold: 118.06 MB
CDS: on
 - commit_granule_bytes: 65536.
 - commit_granule_words: 8192.
 - virtual_space_node_default_size: 8388608.
 - enlarge_chunks_in_place: 1.
 - use_allocation_guard: 0.


Internal statistics:

num_allocs_failed_limit: 11.
num_arena_births: 1618.
num_arena_deaths: 14.
num_vsnodes_births: 3.
num_vsnodes_deaths: 0.
num_space_committed: 1258.
num_space_uncommitted: 0.
num_chunks_returned_to_freelist: 25.
num_chunks_taken_from_freelist: 5291.
num_chunk_merges: 14.
num_chunk_splits: 3336.
num_chunks_enlarged: 1924.
num_inconsistent_stats: 0.

CodeHeap 'non-profiled nmethods': size=120000Kb used=11710Kb max_used=11710Kb free=108290Kb
 bounds [0x000001da34920000, 0x000001da35490000, 0x000001da3be50000]
CodeHeap 'profiled nmethods': size=120000Kb used=22948Kb max_used=22948Kb free=97051Kb
 bounds [0x000001da2ce50000, 0x000001da2e4c0000, 0x000001da34380000]
CodeHeap 'non-nmethods': size=5760Kb used=1437Kb max_used=1500Kb free=4323Kb
 bounds [0x000001da34380000, 0x000001da345f0000, 0x000001da34920000]
 total_blobs=12094 nmethods=11345 adapters=654
 compilation: enabled
              stopped_count=0, restarted_count=0
 full_count=0

Compilation events (20 events):
Event: 312.790 Thread 0x000001da00adf790 13659       1       org.apache.maven.model.DistributionManagement::setSnapshotRepository (6 bytes)
Event: 312.790 Thread 0x000001da00adf790 nmethod 13659 0x000001da3548dc10 code [0x000001da3548dda0, 0x000001da3548de80]
Event: 312.790 Thread 0x000001da00adf790 13662       1       org.eclipse.aether.repository.RemoteRepository::getHost (5 bytes)
Event: 312.791 Thread 0x000001da1c1f9120 nmethod 13642 0x000001da3548df10 code [0x000001da3548e0e0, 0x000001da3548e450]
Event: 312.791 Thread 0x000001da00adf790 nmethod 13662 0x000001da3548e710 code [0x000001da3548e8a0, 0x000001da3548e968]
Event: 312.791 Thread 0x000001da00adf790 13660       1       org.apache.maven.model.IssueManagement::setUrl (6 bytes)
Event: 312.791 Thread 0x000001da1c1f9120 13661       4       java.util.HashMap::get (19 bytes)
Event: 312.791 Thread 0x000001da00adf790 nmethod 13660 0x000001da3548ea10 code [0x000001da3548eba0, 0x000001da3548ec80]
Event: 312.791 Thread 0x000001da00adf790 13666       1       org.eclipse.aether.repository.RemoteRepository::getProtocol (5 bytes)
Event: 312.791 Thread 0x000001da00adf790 nmethod 13666 0x000001da3548ed10 code [0x000001da3548eea0, 0x000001da3548ef68]
Event: 312.794 Thread 0x000001da00adf790 13668       3       org.apache.maven.model.merge.ModelMerger::mergeBuildBase_Resources (26 bytes)
Event: 312.813 Thread 0x000001da00adf790 nmethod 13668 0x000001da2e4b6890 code [0x000001da2e4b6ac0, 0x000001da2e4b74b0]
Event: 312.813 Thread 0x000001da00adf790 13673       3       org.codehaus.plexus.util.xml.pull.MXParser::findFragment (86 bytes)
Event: 312.814 Thread 0x000001da00adf790 nmethod 13673 0x000001da2e4b7890 code [0x000001da2e4b7a60, 0x000001da2e4b7dc8]
Event: 312.814 Thread 0x000001da00adf790 13671       3       org.eclipse.aether.util.version.GenericVersion$Item::<init> (15 bytes)
Event: 312.814 Thread 0x000001da00adf790 nmethod 13671 0x000001da2e4b7f10 code [0x000001da2e4b80c0, 0x000001da2e4b8248]
Event: 312.814 Thread 0x000001da00adf790 13672   !   3       org.eclipse.aether.util.version.GenericVersion$Tokenizer::toItem (285 bytes)
Event: 312.815 Thread 0x000001da1c1f9120 nmethod 13661 0x000001da3548f010 code [0x000001da3548f1e0, 0x000001da3548f558]
Event: 312.815 Thread 0x000001da1c1f9120 13676       4       java.util.regex.Matcher::reset (128 bytes)
Event: 312.816 Thread 0x000001da00adf790 nmethod 13672 0x000001da2e4b8310 code [0x000001da2e4b8740, 0x000001da2e4ba570]

GC Heap History (20 events):
Event: 312.397 GC heap after
{Heap after GC invocations=1443 (full 4):
 PSYoungGen      total 4096K, used 704K [0x00000000eab00000, 0x00000000eb080000, 0x0000000100000000)
  eden space 3072K, 0% used [0x00000000eab00000,0x00000000eab00000,0x00000000eae00000)
  from space 1024K, 68% used [0x00000000eaf80000,0x00000000eb030000,0x00000000eb080000)
  to   space 1024K, 0% used [0x00000000eae00000,0x00000000eae00000,0x00000000eaf00000)
 ParOldGen       total 650240K, used 649742K [0x00000000c0000000, 0x00000000e7b00000, 0x00000000eab00000)
  object space 650240K, 99% used [0x00000000c0000000,0x00000000e7a83880,0x00000000e7b00000)
 Metaspace       used 78627K, committed 80320K, reserved 1179648K
  class space    used 9338K, committed 10112K, reserved 1048576K
}
Event: 312.437 GC heap before
{Heap before GC invocations=1444 (full 4):
 PSYoungGen      total 4096K, used 3776K [0x00000000eab00000, 0x00000000eb080000, 0x0000000100000000)
  eden space 3072K, 100% used [0x00000000eab00000,0x00000000eae00000,0x00000000eae00000)
  from space 1024K, 68% used [0x00000000eaf80000,0x00000000eb030000,0x00000000eb080000)
  to   space 1024K, 0% used [0x00000000eae00000,0x00000000eae00000,0x00000000eaf00000)
 ParOldGen       total 650240K, used 649742K [0x00000000c0000000, 0x00000000e7b00000, 0x00000000eab00000)
  object space 650240K, 99% used [0x00000000c0000000,0x00000000e7a83880,0x00000000e7b00000)
 Metaspace       used 78656K, committed 80320K, reserved 1179648K
  class space    used 9338K, committed 10112K, reserved 1048576K
}
Event: 312.441 GC heap after
{Heap after GC invocations=1444 (full 4):
 PSYoungGen      total 4096K, used 768K [0x00000000eab00000, 0x00000000eb000000, 0x0000000100000000)
  eden space 3072K, 0% used [0x00000000eab00000,0x00000000eab00000,0x00000000eae00000)
  from space 1024K, 75% used [0x00000000eae00000,0x00000000eaec0000,0x00000000eaf00000)
  to   space 1024K, 0% used [0x00000000eaf00000,0x00000000eaf00000,0x00000000eb000000)
 ParOldGen       total 650240K, used 650230K [0x00000000c0000000, 0x00000000e7b00000, 0x00000000eab00000)
  object space 650240K, 99% used [0x00000000c0000000,0x00000000e7afd8c0,0x00000000e7b00000)
 Metaspace       used 78656K, committed 80320K, reserved 1179648K
  class space    used 9338K, committed 10112K, reserved 1048576K
}
Event: 312.487 GC heap before
{Heap before GC invocations=1445 (full 4):
 PSYoungGen      total 4096K, used 3840K [0x00000000eab00000, 0x00000000eb000000, 0x0000000100000000)
  eden space 3072K, 100% used [0x00000000eab00000,0x00000000eae00000,0x00000000eae00000)
  from space 1024K, 75% used [0x00000000eae00000,0x00000000eaec0000,0x00000000eaf00000)
  to   space 1024K, 0% used [0x00000000eaf00000,0x00000000eaf00000,0x00000000eb000000)
 ParOldGen       total 650240K, used 650230K [0x00000000c0000000, 0x00000000e7b00000, 0x00000000eab00000)
  object space 650240K, 99% used [0x00000000c0000000,0x00000000e7afd8c0,0x00000000e7b00000)
 Metaspace       used 78712K, committed 80384K, reserved 1179648K
  class space    used 9338K, committed 10112K, reserved 1048576K
}
Event: 312.490 GC heap after
{Heap after GC invocations=1445 (full 4):
 PSYoungGen      total 4096K, used 800K [0x00000000eab00000, 0x00000000eb000000, 0x0000000100000000)
  eden space 3072K, 0% used [0x00000000eab00000,0x00000000eab00000,0x00000000eae00000)
  from space 1024K, 78% used [0x00000000eaf00000,0x00000000eafc8000,0x00000000eb000000)
  to   space 1024K, 0% used [0x00000000eae00000,0x00000000eae00000,0x00000000eaf00000)
 ParOldGen       total 651264K, used 650850K [0x00000000c0000000, 0x00000000e7c00000, 0x00000000eab00000)
  object space 651264K, 99% used [0x00000000c0000000,0x00000000e7b98900,0x00000000e7c00000)
 Metaspace       used 78712K, committed 80384K, reserved 1179648K
  class space    used 9338K, committed 10112K, reserved 1048576K
}
Event: 312.552 GC heap before
{Heap before GC invocations=1446 (full 4):
 PSYoungGen      total 4096K, used 3872K [0x00000000eab00000, 0x00000000eb000000, 0x0000000100000000)
  eden space 3072K, 100% used [0x00000000eab00000,0x00000000eae00000,0x00000000eae00000)
  from space 1024K, 78% used [0x00000000eaf00000,0x00000000eafc8000,0x00000000eb000000)
  to   space 1024K, 0% used [0x00000000eae00000,0x00000000eae00000,0x00000000eaf00000)
 ParOldGen       total 651264K, used 650850K [0x00000000c0000000, 0x00000000e7c00000, 0x00000000eab00000)
  object space 651264K, 99% used [0x00000000c0000000,0x00000000e7b98900,0x00000000e7c00000)
 Metaspace       used 78760K, committed 80448K, reserved 1179648K
  class space    used 9342K, committed 10112K, reserved 1048576K
}
Event: 312.555 GC heap after
{Heap after GC invocations=1446 (full 4):
 PSYoungGen      total 4096K, used 768K [0x00000000eab00000, 0x00000000eb000000, 0x0000000100000000)
  eden space 3072K, 0% used [0x00000000eab00000,0x00000000eab00000,0x00000000eae00000)
  from space 1024K, 75% used [0x00000000eae00000,0x00000000eaec0040,0x00000000eaf00000)
  to   space 1024K, 0% used [0x00000000eaf00000,0x00000000eaf00000,0x00000000eb000000)
 ParOldGen       total 651776K, used 651466K [0x00000000c0000000, 0x00000000e7c80000, 0x00000000eab00000)
  object space 651776K, 99% used [0x00000000c0000000,0x00000000e7c32930,0x00000000e7c80000)
 Metaspace       used 78760K, committed 80448K, reserved 1179648K
  class space    used 9342K, committed 10112K, reserved 1048576K
}
Event: 312.574 GC heap before
{Heap before GC invocations=1447 (full 4):
 PSYoungGen      total 4096K, used 3840K [0x00000000eab00000, 0x00000000eb000000, 0x0000000100000000)
  eden space 3072K, 99% used [0x00000000eab00000,0x00000000eadfffe0,0x00000000eae00000)
  from space 1024K, 75% used [0x00000000eae00000,0x00000000eaec0040,0x00000000eaf00000)
  to   space 1024K, 0% used [0x00000000eaf00000,0x00000000eaf00000,0x00000000eb000000)
 ParOldGen       total 651776K, used 651466K [0x00000000c0000000, 0x00000000e7c80000, 0x00000000eab00000)
  object space 651776K, 99% used [0x00000000c0000000,0x00000000e7c32930,0x00000000e7c80000)
 Metaspace       used 78772K, committed 80512K, reserved 1179648K
  class space    used 9344K, committed 10112K, reserved 1048576K
}
Event: 312.579 GC heap after
{Heap after GC invocations=1447 (full 4):
 PSYoungGen      total 4096K, used 912K [0x00000000eab00000, 0x00000000eb000000, 0x0000000100000000)
  eden space 3072K, 0% used [0x00000000eab00000,0x00000000eab00000,0x00000000eae00000)
  from space 1024K, 89% used [0x00000000eaf00000,0x00000000eafe4030,0x00000000eb000000)
  to   space 1024K, 0% used [0x00000000eae00000,0x00000000eae00000,0x00000000eaf00000)
 ParOldGen       total 652288K, used 651914K [0x00000000c0000000, 0x00000000e7d00000, 0x00000000eab00000)
  object space 652288K, 99% used [0x00000000c0000000,0x00000000e7ca2990,0x00000000e7d00000)
 Metaspace       used 78772K, committed 80512K, reserved 1179648K
  class space    used 9344K, committed 10112K, reserved 1048576K
}
Event: 312.597 GC heap before
{Heap before GC invocations=1448 (full 4):
 PSYoungGen      total 4096K, used 3984K [0x00000000eab00000, 0x00000000eb000000, 0x0000000100000000)
  eden space 3072K, 99% used [0x00000000eab00000,0x00000000eadfffd0,0x00000000eae00000)
  from space 1024K, 89% used [0x00000000eaf00000,0x00000000eafe4030,0x00000000eb000000)
  to   space 1024K, 0% used [0x00000000eae00000,0x00000000eae00000,0x00000000eaf00000)
 ParOldGen       total 652288K, used 651914K [0x00000000c0000000, 0x00000000e7d00000, 0x00000000eab00000)
  object space 652288K, 99% used [0x00000000c0000000,0x00000000e7ca2990,0x00000000e7d00000)
 Metaspace       used 78787K, committed 80512K, reserved 1179648K
  class space    used 9345K, committed 10112K, reserved 1048576K
}
Event: 312.601 GC heap after
{Heap after GC invocations=1448 (full 4):
 PSYoungGen      total 4096K, used 704K [0x00000000eab00000, 0x00000000eb000000, 0x0000000100000000)
  eden space 3072K, 0% used [0x00000000eab00000,0x00000000eab00000,0x00000000eae00000)
  from space 1024K, 68% used [0x00000000eae00000,0x00000000eaeb0000,0x00000000eaf00000)
  to   space 1024K, 0% used [0x00000000eaf00000,0x00000000eaf00000,0x00000000eb000000)
 ParOldGen       total 652800K, used 652382K [0x00000000c0000000, 0x00000000e7d80000, 0x00000000eab00000)
  object space 652800K, 99% used [0x00000000c0000000,0x00000000e7d179b0,0x00000000e7d80000)
 Metaspace       used 78787K, committed 80512K, reserved 1179648K
  class space    used 9345K, committed 10112K, reserved 1048576K
}
Event: 312.617 GC heap before
{Heap before GC invocations=1449 (full 4):
 PSYoungGen      total 4096K, used 3776K [0x00000000eab00000, 0x00000000eb000000, 0x0000000100000000)
  eden space 3072K, 100% used [0x00000000eab00000,0x00000000eae00000,0x00000000eae00000)
  from space 1024K, 68% used [0x00000000eae00000,0x00000000eaeb0000,0x00000000eaf00000)
  to   space 1024K, 0% used [0x00000000eaf00000,0x00000000eaf00000,0x00000000eb000000)
 ParOldGen       total 652800K, used 652382K [0x00000000c0000000, 0x00000000e7d80000, 0x00000000eab00000)
  object space 652800K, 99% used [0x00000000c0000000,0x00000000e7d179b0,0x00000000e7d80000)
 Metaspace       used 78790K, committed 80512K, reserved 1179648K
  class space    used 9345K, committed 10112K, reserved 1048576K
}
Event: 312.622 GC heap after
{Heap after GC invocations=1449 (full 4):
 PSYoungGen      total 4096K, used 736K [0x00000000eab00000, 0x00000000eb000000, 0x0000000100000000)
  eden space 3072K, 0% used [0x00000000eab00000,0x00000000eab00000,0x00000000eae00000)
  from space 1024K, 71% used [0x00000000eaf00000,0x00000000eafb8000,0x00000000eb000000)
  to   space 1024K, 0% used [0x00000000eae00000,0x00000000eae00000,0x00000000eaf00000)
 ParOldGen       total 653312K, used 653034K [0x00000000c0000000, 0x00000000e7e00000, 0x00000000eab00000)
  object space 653312K, 99% used [0x00000000c0000000,0x00000000e7dbaa20,0x00000000e7e00000)
 Metaspace       used 78790K, committed 80512K, reserved 1179648K
  class space    used 9345K, committed 10112K, reserved 1048576K
}
Event: 312.719 GC heap before
{Heap before GC invocations=1450 (full 4):
 PSYoungGen      total 4096K, used 3806K [0x00000000eab00000, 0x00000000eb000000, 0x0000000100000000)
  eden space 3072K, 99% used [0x00000000eab00000,0x00000000eadffb10,0x00000000eae00000)
  from space 1024K, 71% used [0x00000000eaf00000,0x00000000eafb8000,0x00000000eb000000)
  to   space 1024K, 0% used [0x00000000eae00000,0x00000000eae00000,0x00000000eaf00000)
 ParOldGen       total 653312K, used 653034K [0x00000000c0000000, 0x00000000e7e00000, 0x00000000eab00000)
  object space 653312K, 99% used [0x00000000c0000000,0x00000000e7dbaa20,0x00000000e7e00000)
 Metaspace       used 78815K, committed 80512K, reserved 1179648K
  class space    used 9347K, committed 10112K, reserved 1048576K
}
Event: 312.724 GC heap after
{Heap after GC invocations=1450 (full 4):
 PSYoungGen      total 4096K, used 880K [0x00000000eab00000, 0x00000000eb000000, 0x0000000100000000)
  eden space 3072K, 0% used [0x00000000eab00000,0x00000000eab00000,0x00000000eae00000)
  from space 1024K, 85% used [0x00000000eae00000,0x00000000eaedc090,0x00000000eaf00000)
  to   space 1024K, 0% used [0x00000000eaf00000,0x00000000eaf00000,0x00000000eb000000)
 ParOldGen       total 653824K, used 653450K [0x00000000c0000000, 0x00000000e7e80000, 0x00000000eab00000)
  object space 653824K, 99% used [0x00000000c0000000,0x00000000e7e22a20,0x00000000e7e80000)
 Metaspace       used 78815K, committed 80512K, reserved 1179648K
  class space    used 9347K, committed 10112K, reserved 1048576K
}
Event: 312.748 GC heap before
{Heap before GC invocations=1451 (full 4):
 PSYoungGen      total 4096K, used 3952K [0x00000000eab00000, 0x00000000eb000000, 0x0000000100000000)
  eden space 3072K, 100% used [0x00000000eab00000,0x00000000eae00000,0x00000000eae00000)
  from space 1024K, 85% used [0x00000000eae00000,0x00000000eaedc090,0x00000000eaf00000)
  to   space 1024K, 0% used [0x00000000eaf00000,0x00000000eaf00000,0x00000000eb000000)
 ParOldGen       total 653824K, used 653450K [0x00000000c0000000, 0x00000000e7e80000, 0x00000000eab00000)
  object space 653824K, 99% used [0x00000000c0000000,0x00000000e7e22a20,0x00000000e7e80000)
 Metaspace       used 78824K, committed 80512K, reserved 1179648K
  class space    used 9347K, committed 10112K, reserved 1048576K
}
Event: 312.753 GC heap after
{Heap after GC invocations=1451 (full 4):
 PSYoungGen      total 4096K, used 768K [0x00000000eab00000, 0x00000000eb000000, 0x0000000100000000)
  eden space 3072K, 0% used [0x00000000eab00000,0x00000000eab00000,0x00000000eae00000)
  from space 1024K, 75% used [0x00000000eaf00000,0x00000000eafc0020,0x00000000eb000000)
  to   space 1024K, 0% used [0x00000000eae00000,0x00000000eae00000,0x00000000eaf00000)
 ParOldGen       total 654336K, used 653882K [0x00000000c0000000, 0x00000000e7f00000, 0x00000000eab00000)
  object space 654336K, 99% used [0x00000000c0000000,0x00000000e7e8eac0,0x00000000e7f00000)
 Metaspace       used 78824K, committed 80512K, reserved 1179648K
  class space    used 9347K, committed 10112K, reserved 1048576K
}
Event: 312.777 GC heap before
{Heap before GC invocations=1452 (full 4):
 PSYoungGen      total 4096K, used 3840K [0x00000000eab00000, 0x00000000eb000000, 0x0000000100000000)
  eden space 3072K, 99% used [0x00000000eab00000,0x00000000eadffff0,0x00000000eae00000)
  from space 1024K, 75% used [0x00000000eaf00000,0x00000000eafc0020,0x00000000eb000000)
  to   space 1024K, 0% used [0x00000000eae00000,0x00000000eae00000,0x00000000eaf00000)
 ParOldGen       total 654336K, used 653882K [0x00000000c0000000, 0x00000000e7f00000, 0x00000000eab00000)
  object space 654336K, 99% used [0x00000000c0000000,0x00000000e7e8eac0,0x00000000e7f00000)
 Metaspace       used 78831K, committed 80512K, reserved 1179648K
  class space    used 9347K, committed 10112K, reserved 1048576K
}
Event: 312.782 GC heap after
{Heap after GC invocations=1452 (full 4):
 PSYoungGen      total 4096K, used 656K [0x00000000eab00000, 0x00000000eb000000, 0x0000000100000000)
  eden space 3072K, 0% used [0x00000000eab00000,0x00000000eab00000,0x00000000eae00000)
  from space 1024K, 64% used [0x00000000eae00000,0x00000000eaea4010,0x00000000eaf00000)
  to   space 1024K, 0% used [0x00000000eaf00000,0x00000000eaf00000,0x00000000eb000000)
 ParOldGen       total 654336K, used 654318K [0x00000000c0000000, 0x00000000e7f00000, 0x00000000eab00000)
  object space 654336K, 99% used [0x00000000c0000000,0x00000000e7efbb10,0x00000000e7f00000)
 Metaspace       used 78831K, committed 80512K, reserved 1179648K
  class space    used 9347K, committed 10112K, reserved 1048576K
}
Event: 312.816 GC heap before
{Heap before GC invocations=1453 (full 4):
 PSYoungGen      total 4096K, used 3728K [0x00000000eab00000, 0x00000000eb000000, 0x0000000100000000)
  eden space 3072K, 99% used [0x00000000eab00000,0x00000000eadffff8,0x00000000eae00000)
  from space 1024K, 64% used [0x00000000eae00000,0x00000000eaea4010,0x00000000eaf00000)
  to   space 1024K, 0% used [0x00000000eaf00000,0x00000000eaf00000,0x00000000eb000000)
 ParOldGen       total 654336K, used 654318K [0x00000000c0000000, 0x00000000e7f00000, 0x00000000eab00000)
  object space 654336K, 99% used [0x00000000c0000000,0x00000000e7efbb10,0x00000000e7f00000)
 Metaspace       used 78838K, committed 80512K, reserved 1179648K
  class space    used 9348K, committed 10112K, reserved 1048576K
}

Dll operation events (15 events):
Event: 0.021 Loaded shared library c:\Users\domen\.vscode\extensions\redhat.java-1.42.0-win32-x64\jre\21.0.7-win32-x86_64\bin\java.dll
Event: 0.270 Loaded shared library c:\Users\domen\.vscode\extensions\redhat.java-1.42.0-win32-x64\jre\21.0.7-win32-x86_64\bin\zip.dll
Event: 0.348 Loaded shared library C:\Users\domen\.vscode\extensions\redhat.java-1.42.0-win32-x64\jre\21.0.7-win32-x86_64\bin\instrument.dll
Event: 0.370 Loaded shared library C:\Users\domen\.vscode\extensions\redhat.java-1.42.0-win32-x64\jre\21.0.7-win32-x86_64\bin\net.dll
Event: 0.384 Loaded shared library C:\Users\domen\.vscode\extensions\redhat.java-1.42.0-win32-x64\jre\21.0.7-win32-x86_64\bin\nio.dll
Event: 0.410 Loaded shared library C:\Users\domen\.vscode\extensions\redhat.java-1.42.0-win32-x64\jre\21.0.7-win32-x86_64\bin\zip.dll
Event: 0.459 Loaded shared library C:\Users\domen\.vscode\extensions\redhat.java-1.42.0-win32-x64\jre\21.0.7-win32-x86_64\bin\jimage.dll
Event: 0.752 Loaded shared library c:\Users\domen\.vscode\extensions\redhat.java-1.42.0-win32-x64\jre\21.0.7-win32-x86_64\bin\verify.dll
Event: 9.972 Loaded shared library C:\Users\domen\AppData\Roaming\Code\User\globalStorage\redhat.java\1.42.0\config_win\org.eclipse.equinox.launcher\org.eclipse.equinox.launcher.win32.win32.x86_64_1.2.1300.v20250331-1702\eclipse_11911.dll
Event: 35.509 Loaded shared library C:\Users\domen\AppData\Local\Temp\jna-95766891\jna15746497350301626043.dll
Event: 92.593 Loaded shared library C:\Users\domen\.gradle\native\c067742578af261105cb4f569cf0c3c89f3d7b1fecec35dd04571415982c5e48\windows-amd64\native-platform.dll
Event: 121.517 Loaded shared library C:\Users\domen\.vscode\extensions\redhat.java-1.42.0-win32-x64\jre\21.0.7-win32-x86_64\bin\management.dll
Event: 121.522 Loaded shared library C:\Users\domen\.vscode\extensions\redhat.java-1.42.0-win32-x64\jre\21.0.7-win32-x86_64\bin\management_ext.dll
Event: 134.829 Loaded shared library C:\Users\domen\.vscode\extensions\redhat.java-1.42.0-win32-x64\jre\21.0.7-win32-x86_64\bin\extnet.dll
Event: 140.817 Loaded shared library C:\Users\domen\.vscode\extensions\redhat.java-1.42.0-win32-x64\jre\21.0.7-win32-x86_64\bin\sunmscapi.dll

Deoptimization events (20 events):
Event: 312.772 Thread 0x000001da1c68da10 DEOPT PACKING pc=0x000001da2e4766d0 sp=0x000000c3288fde50
Event: 312.772 Thread 0x000001da1c68da10 DEOPT UNPACKING pc=0x000001da343d4242 sp=0x000000c3288fd398 mode 0
Event: 312.796 Thread 0x000001da1c68da10 DEOPT PACKING pc=0x000001da2e4766d0 sp=0x000000c3288fdf30
Event: 312.796 Thread 0x000001da1c68da10 DEOPT UNPACKING pc=0x000001da343d4242 sp=0x000000c3288fd478 mode 0
Event: 312.809 Thread 0x000001da1c68da10 DEOPT PACKING pc=0x000001da2e4766d0 sp=0x000000c3288fde50
Event: 312.809 Thread 0x000001da1c68da10 DEOPT UNPACKING pc=0x000001da343d4242 sp=0x000000c3288fd398 mode 0
Event: 312.811 Thread 0x000001da088acb30 Uncommon trap: trap_request=0xffffffde fr.pc=0x000001da34ba655c relative=0x000000000000027c
Event: 312.811 Thread 0x000001da12b2e270 DEOPT PACKING pc=0x000001da2e4766d0 sp=0x000000c328ffe4c0
Event: 312.811 Thread 0x000001da12b2e270 DEOPT UNPACKING pc=0x000001da343d4242 sp=0x000000c328ffda08 mode 0
Event: 312.812 Thread 0x000001da088acb30 Uncommon trap: reason=class_check action=maybe_recompile pc=0x000001da34ba655c method=java.util.Collections$UnmodifiableMap.getOrDefault(Ljava/lang/Object;Ljava/lang/Object;)Ljava/lang/Object; @ 6 c2
Event: 312.812 Thread 0x000001da12b309d0 DEOPT PACKING pc=0x000001da2e4766d0 sp=0x000000c3292fe580
Event: 312.812 Thread 0x000001da12b309d0 DEOPT UNPACKING pc=0x000001da343d4242 sp=0x000000c3292fdac8 mode 0
Event: 312.812 Thread 0x000001da1c68da10 DEOPT PACKING pc=0x000001da2e4766d0 sp=0x000000c3288fde90
Event: 312.812 Thread 0x000001da1c68da10 DEOPT UNPACKING pc=0x000001da343d4242 sp=0x000000c3288fd3d8 mode 0
Event: 312.812 Thread 0x000001da088acb30 DEOPT PACKING pc=0x000001da34ba655c sp=0x000000c328afe610
Event: 312.815 Thread 0x000001da12b2c830 DEOPT PACKING pc=0x000001da2e4766d0 sp=0x000000c3290fe310
Event: 312.815 Thread 0x000001da12b2c830 DEOPT UNPACKING pc=0x000001da343d4242 sp=0x000000c3290fd858 mode 0
Event: 312.816 Thread 0x000001da12b2e270 DEOPT PACKING pc=0x000001da2e4766d0 sp=0x000000c328ffe490
Event: 312.816 Thread 0x000001da12b2e270 DEOPT UNPACKING pc=0x000001da343d4242 sp=0x000000c328ffd9d8 mode 0
Event: 312.816 Thread 0x000001da088acb30 DEOPT UNPACKING pc=0x000001da343d3aa2 sp=0x000000c328afe5b0 mode 2

Classes loaded (20 events):
Event: 308.980 Loading class java/io/ObjectInputStream$Caches$1
Event: 308.980 Loading class java/io/ObjectInputStream$Caches$1 done
Event: 309.702 Loading class sun/reflect/generics/tree/IntSignature
Event: 309.703 Loading class sun/reflect/generics/tree/IntSignature done
Event: 310.181 Loading class java/util/stream/Nodes$CollectorTask$OfRef
Event: 310.181 Loading class java/util/stream/Nodes$CollectorTask
Event: 310.182 Loading class java/util/stream/Nodes$CollectorTask done
Event: 310.182 Loading class java/util/stream/Nodes$CollectorTask$OfRef done
Event: 310.182 Loading class java/util/function/LongFunction
Event: 310.182 Loading class java/util/function/LongFunction done
Event: 310.183 Loading class java/util/stream/Nodes$ConcNode
Event: 310.183 Loading class java/util/stream/Nodes$AbstractConcNode
Event: 310.183 Loading class java/util/stream/Nodes$AbstractConcNode done
Event: 310.183 Loading class java/util/stream/Nodes$ConcNode done
Event: 310.425 Loading class java/lang/Throwable$WrappedPrintWriter
Event: 310.425 Loading class java/lang/Throwable$PrintStreamOrWriter
Event: 310.425 Loading class java/lang/Throwable$PrintStreamOrWriter done
Event: 310.425 Loading class java/lang/Throwable$WrappedPrintWriter done
Event: 312.507 Loading class sun/nio/cs/ISO_8859_1$Decoder
Event: 312.529 Loading class sun/nio/cs/ISO_8859_1$Decoder done

Classes unloaded (7 events):
Event: 38.432 Thread 0x000001da27abe7d0 Unloading class 0x000001da3f1a4400 'java/lang/invoke/LambdaForm$MH+0x000001da3f1a4400'
Event: 38.432 Thread 0x000001da27abe7d0 Unloading class 0x000001da3f1a4000 'java/lang/invoke/LambdaForm$MH+0x000001da3f1a4000'
Event: 38.432 Thread 0x000001da27abe7d0 Unloading class 0x000001da3f1a3c00 'java/lang/invoke/LambdaForm$MH+0x000001da3f1a3c00'
Event: 38.432 Thread 0x000001da27abe7d0 Unloading class 0x000001da3f1a3800 'java/lang/invoke/LambdaForm$MH+0x000001da3f1a3800'
Event: 38.432 Thread 0x000001da27abe7d0 Unloading class 0x000001da3f1a3400 'java/lang/invoke/LambdaForm$BMH+0x000001da3f1a3400'
Event: 38.432 Thread 0x000001da27abe7d0 Unloading class 0x000001da3f1a3000 'java/lang/invoke/LambdaForm$DMH+0x000001da3f1a3000'
Event: 38.432 Thread 0x000001da27abe7d0 Unloading class 0x000001da3f1a1c00 'java/lang/invoke/LambdaForm$DMH+0x000001da3f1a1c00'

Classes redefined (0 events):
No events

Internal exceptions (20 events):
Event: 310.507 Thread 0x000001da1c68f450 Exception <a 'sun/nio/fs/WindowsException'{0x00000000ead407d8}> (0x00000000ead407d8) 
thrown [s\src\hotspot\share\prims\jni.cpp, line 520]
Event: 310.508 Thread 0x000001da1c68f450 Exception <a 'sun/nio/fs/WindowsException'{0x00000000ead43dd0}> (0x00000000ead43dd0) 
thrown [s\src\hotspot\share\prims\jni.cpp, line 520]
Event: 310.509 Thread 0x000001da1c68f450 Exception <a 'sun/nio/fs/WindowsException'{0x00000000ead48c68}> (0x00000000ead48c68) 
thrown [s\src\hotspot\share\prims\jni.cpp, line 520]
Event: 310.509 Thread 0x000001da1c68f450 Exception <a 'sun/nio/fs/WindowsException'{0x00000000ead4b748}> (0x00000000ead4b748) 
thrown [s\src\hotspot\share\prims\jni.cpp, line 520]
Event: 310.528 Thread 0x000001da072a3440 Exception <a 'sun/nio/fs/WindowsException'{0x00000000eae7b090}> (0x00000000eae7b090) 
thrown [s\src\hotspot\share\prims\jni.cpp, line 520]
Event: 310.528 Thread 0x000001da072a3440 Exception <a 'sun/nio/fs/WindowsException'{0x00000000eae7b990}> (0x00000000eae7b990) 
thrown [s\src\hotspot\share\prims\jni.cpp, line 520]
Event: 310.529 Thread 0x000001da072a3440 Exception <a 'sun/nio/fs/WindowsException'{0x00000000eae7c920}> (0x00000000eae7c920) 
thrown [s\src\hotspot\share\prims\jni.cpp, line 520]
Event: 310.529 Thread 0x000001da072a3440 Exception <a 'sun/nio/fs/WindowsException'{0x00000000eae7d200}> (0x00000000eae7d200) 
thrown [s\src\hotspot\share\prims\jni.cpp, line 520]
Event: 310.530 Thread 0x000001da072a3440 Exception <a 'sun/nio/fs/WindowsException'{0x00000000eae7ebe8}> (0x00000000eae7ebe8) 
thrown [s\src\hotspot\share\prims\jni.cpp, line 520]
Event: 310.530 Thread 0x000001da072a3440 Exception <a 'sun/nio/fs/WindowsException'{0x00000000eae88480}> (0x00000000eae88480) 
thrown [s\src\hotspot\share\prims\jni.cpp, line 520]
Event: 310.687 Thread 0x000001da1c694310 Implicit null exception at 0x000001da35049b80 to 0x000001da3504d59c
Event: 310.729 Thread 0x000001da072a3440 Exception <a 'java/lang/NoSuchMethodError'{0x00000000eadd6a38}: 'void java.lang.invoke.DirectMethodHandle$Holder.invokeStatic(java.lang.Object, java.lang.Object, java.lang.Object, int)'> (0x00000000eadd6a38) 
thrown [s\src\hotspot\share\interpreter\linkResolver.cpp, line 773]
Event: 310.754 Thread 0x000001da1c690e90 Exception <a 'java/lang/NoSuchMethodError'{0x00000000eae9bd30}: 'void java.lang.invoke.DirectMethodHandle$Holder.invokeVirtual(java.lang.Object, java.lang.Object, int)'> (0x00000000eae9bd30) 
thrown [s\src\hotspot\share\interpreter\linkResolver.cpp, line 773]
Event: 310.985 Thread 0x000001da1c691520 Exception <a 'sun/nio/fs/WindowsException'{0x00000000eae5b448}> (0x00000000eae5b448) 
thrown [s\src\hotspot\share\prims\jni.cpp, line 520]
Event: 310.986 Thread 0x000001da1c691520 Exception <a 'sun/nio/fs/WindowsException'{0x00000000eae5bf90}> (0x00000000eae5bf90) 
thrown [s\src\hotspot\share\prims\jni.cpp, line 520]
Event: 310.989 Thread 0x000001da1c68f450 Exception <a 'java/lang/NoSuchMethodError'{0x00000000eae77aa0}: 'void java.lang.invoke.DirectMethodHandle$Holder.invokeInterface(java.lang.Object, java.lang.Object)'> (0x00000000eae77aa0) 
thrown [s\src\hotspot\share\interpreter\linkResolver.cpp, line 773]
Event: 312.535 Thread 0x000001da1c6935f0 Implicit null exception at 0x000001da34ad692a to 0x000001da34ad6ad4
Event: 312.535 Thread 0x000001da1c6935f0 Implicit null exception at 0x000001da34ad61a3 to 0x000001da34ad6348
Event: 312.771 Thread 0x000001da1c6935f0 Exception <a 'sun/nio/fs/WindowsException'{0x00000000eadc24e8}> (0x00000000eadc24e8) 
thrown [s\src\hotspot\share\prims\jni.cpp, line 520]
Event: 312.771 Thread 0x000001da1c6935f0 Exception <a 'sun/nio/fs/WindowsException'{0x00000000eadc3010}> (0x00000000eadc3010) 
thrown [s\src\hotspot\share\prims\jni.cpp, line 520]

ZGC Phase Switch (0 events):
No events

VM Operations (20 events):
Event: 312.397 Executing VM operation: ParallelGCFailedAllocation (Allocation Failure) done
Event: 312.437 Executing VM operation: ParallelGCFailedAllocation (Allocation Failure)
Event: 312.441 Executing VM operation: ParallelGCFailedAllocation (Allocation Failure) done
Event: 312.469 Executing VM operation: ParallelGCFailedAllocation (Allocation Failure)
Event: 312.490 Executing VM operation: ParallelGCFailedAllocation (Allocation Failure) done
Event: 312.547 Executing VM operation: ParallelGCFailedAllocation (Allocation Failure)
Event: 312.555 Executing VM operation: ParallelGCFailedAllocation (Allocation Failure) done
Event: 312.573 Executing VM operation: ParallelGCFailedAllocation (Allocation Failure)
Event: 312.579 Executing VM operation: ParallelGCFailedAllocation (Allocation Failure) done
Event: 312.597 Executing VM operation: ParallelGCFailedAllocation (Allocation Failure)
Event: 312.601 Executing VM operation: ParallelGCFailedAllocation (Allocation Failure) done
Event: 312.614 Executing VM operation: ParallelGCFailedAllocation (Allocation Failure)
Event: 312.622 Executing VM operation: ParallelGCFailedAllocation (Allocation Failure) done
Event: 312.693 Executing VM operation: ParallelGCFailedAllocation (Allocation Failure)
Event: 312.725 Executing VM operation: ParallelGCFailedAllocation (Allocation Failure) done
Event: 312.744 Executing VM operation: ParallelGCFailedAllocation (Allocation Failure)
Event: 312.753 Executing VM operation: ParallelGCFailedAllocation (Allocation Failure) done
Event: 312.772 Executing VM operation: ParallelGCFailedAllocation (Allocation Failure)
Event: 312.782 Executing VM operation: ParallelGCFailedAllocation (Allocation Failure) done
Event: 312.816 Executing VM operation: ParallelGCFailedAllocation (Allocation Failure)

Memory protections (0 events):
No events

Nmethod flushes (20 events):
Event: 142.368 Thread 0x000001da27abe7d0 flushing  nmethod 0x000001da2e1fcf10
Event: 142.368 Thread 0x000001da27abe7d0 flushing  nmethod 0x000001da2e1ffe10
Event: 142.368 Thread 0x000001da27abe7d0 flushing  nmethod 0x000001da2e203d10
Event: 142.368 Thread 0x000001da27abe7d0 flushing  nmethod 0x000001da2e204f90
Event: 142.368 Thread 0x000001da27abe7d0 flushing  nmethod 0x000001da2e205990
Event: 142.368 Thread 0x000001da27abe7d0 flushing  nmethod 0x000001da2e20a810
Event: 142.368 Thread 0x000001da27abe7d0 flushing  nmethod 0x000001da2e20ac10
Event: 142.368 Thread 0x000001da27abe7d0 flushing  nmethod 0x000001da2e20ba90
Event: 142.368 Thread 0x000001da27abe7d0 flushing  nmethod 0x000001da2e20cd10
Event: 142.368 Thread 0x000001da27abe7d0 flushing  nmethod 0x000001da2e20e610
Event: 142.368 Thread 0x000001da27abe7d0 flushing  nmethod 0x000001da2e215490
Event: 142.368 Thread 0x000001da27abe7d0 flushing  nmethod 0x000001da2e21b410
Event: 142.368 Thread 0x000001da27abe7d0 flushing  nmethod 0x000001da2e21bb10
Event: 142.368 Thread 0x000001da27abe7d0 flushing  nmethod 0x000001da2e21c410
Event: 142.368 Thread 0x000001da27abe7d0 flushing  nmethod 0x000001da2e21fe10
Event: 142.368 Thread 0x000001da27abe7d0 flushing  nmethod 0x000001da2e22e290
Event: 142.368 Thread 0x000001da27abe7d0 flushing  nmethod 0x000001da2e23e710
Event: 142.368 Thread 0x000001da27abe7d0 flushing  nmethod 0x000001da2e240110
Event: 142.368 Thread 0x000001da27abe7d0 flushing  nmethod 0x000001da2e241210
Event: 142.368 Thread 0x000001da27abe7d0 flushing  nmethod 0x000001da2e268090

Events (20 events):
Event: 311.219 Thread 0x000001da072a3440 Thread added: 0x000001da00c66e20
Event: 311.230 Thread 0x000001da072a3440 Thread added: 0x000001da088ad850
Event: 311.233 Thread 0x000001da1c690e90 Thread added: 0x000001da12b2bb10
Event: 311.236 Thread 0x000001da1c690e90 Thread added: 0x000001da12b2e270
Event: 311.239 Thread 0x000001da1c690e90 Thread added: 0x000001da12b2c830
Event: 311.260 Thread 0x000001da072a3440 Thread added: 0x000001da12b2e900
Event: 311.265 Thread 0x000001da072a3440 Thread added: 0x000001da12b309d0
Event: 311.282 Thread 0x000001da072a3440 Thread added: 0x000001da12b2ef90
Event: 312.327 Thread 0x000001da1c691bb0 Thread added: 0x000001da12b2fcb0
Event: 312.330 Thread 0x000001da1c691bb0 Thread added: 0x000001da12b31060
Event: 312.371 Thread 0x000001da1c6935f0 Thread added: 0x000001da12b2cec0
Event: 312.458 Thread 0x000001da1c68f450 Thread added: 0x000001da12b32410
Event: 312.461 Thread 0x000001da1c68f450 Thread added: 0x000001da12b32aa0
Event: 312.529 Thread 0x000001da1c690800 Thread exited: 0x000001da1c690800
Event: 312.539 Thread 0x000001da12b2cec0 Thread exited: 0x000001da12b2cec0
Event: 312.539 Thread 0x000001da1c68d380 Thread exited: 0x000001da1c68d380
Event: 312.794 Thread 0x000001da12b32410 Thread exited: 0x000001da12b32410
Event: 312.794 Thread 0x000001da072a5ba0 Thread exited: 0x000001da072a5ba0
Event: 312.794 Thread 0x000001da072a6230 Thread exited: 0x000001da072a6230
Event: 312.794 Thread 0x000001da12b32aa0 Thread exited: 0x000001da12b32aa0


Dynamic libraries:
0x00007ff713180000 - 0x00007ff71318e000 	c:\Users\domen\.vscode\extensions\redhat.java-1.42.0-win32-x64\jre\21.0.7-win32-x86_64\bin\java.exe
0x00007ffb628b0000 - 0x00007ffb62aa8000 	C:\Windows\SYSTEM32\ntdll.dll
0x00007ffb32b20000 - 0x00007ffb32b3b000 	C:\Program Files\Avast Software\Avast\aswhook.dll
0x00007ffb61de0000 - 0x00007ffb61ea2000 	C:\Windows\System32\KERNEL32.DLL
0x00007ffb60010000 - 0x00007ffb60306000 	C:\Windows\System32\KERNELBASE.dll
0x00007ffb60490000 - 0x00007ffb60590000 	C:\Windows\System32\ucrtbase.dll
0x00007ffb3dde0000 - 0x00007ffb3ddf8000 	c:\Users\domen\.vscode\extensions\redhat.java-1.42.0-win32-x64\jre\21.0.7-win32-x86_64\bin\jli.dll
0x00007ffb621f0000 - 0x00007ffb6238d000 	C:\Windows\System32\USER32.dll
0x00007ffb5ffe0000 - 0x00007ffb60002000 	C:\Windows\System32\win32u.dll
0x00007ffb62070000 - 0x00007ffb6209b000 	C:\Windows\System32\GDI32.dll
0x00007ffb60590000 - 0x00007ffb606aa000 	C:\Windows\System32\gdi32full.dll
0x00007ffb60310000 - 0x00007ffb603ad000 	C:\Windows\System32\msvcp_win.dll
0x00007ffb3d850000 - 0x00007ffb3d86e000 	c:\Users\domen\.vscode\extensions\redhat.java-1.42.0-win32-x64\jre\21.0.7-win32-x86_64\bin\VCRUNTIME140.dll
0x00007ffb43220000 - 0x00007ffb434ba000 	C:\Windows\WinSxS\amd64_microsoft.windows.common-controls_6595b64144ccf1df_6.0.19041.5794_none_60bcd33171f2783c\COMCTL32.dll
0x00007ffb60ba0000 - 0x00007ffb60c3e000 	C:\Windows\System32\msvcrt.dll
0x00007ffb60940000 - 0x00007ffb6096f000 	C:\Windows\System32\IMM32.DLL
0x00007ffb57b90000 - 0x00007ffb57b9c000 	c:\Users\domen\.vscode\extensions\redhat.java-1.42.0-win32-x64\jre\21.0.7-win32-x86_64\bin\vcruntime140_1.dll
0x00007ffad6100000 - 0x00007ffad618d000 	c:\Users\domen\.vscode\extensions\redhat.java-1.42.0-win32-x64\jre\21.0.7-win32-x86_64\bin\msvcp140.dll
0x00007ffaa11e0000 - 0x00007ffaa1f70000 	c:\Users\domen\.vscode\extensions\redhat.java-1.42.0-win32-x64\jre\21.0.7-win32-x86_64\bin\server\jvm.dll
0x00007ffb61ab0000 - 0x00007ffb61b5f000 	C:\Windows\System32\ADVAPI32.dll
0x00007ffb62150000 - 0x00007ffb621ef000 	C:\Windows\System32\sechost.dll
0x00007ffb61980000 - 0x00007ffb61aa3000 	C:\Windows\System32\RPCRT4.dll
0x00007ffb603b0000 - 0x00007ffb603d7000 	C:\Windows\System32\bcrypt.dll
0x00007ffb62390000 - 0x00007ffb623fb000 	C:\Windows\System32\WS2_32.dll
0x00007ffb5f4a0000 - 0x00007ffb5f4eb000 	C:\Windows\SYSTEM32\POWRPROF.dll
0x00007ffb54700000 - 0x00007ffb54727000 	C:\Windows\SYSTEM32\WINMM.dll
0x00007ffb5bec0000 - 0x00007ffb5beca000 	C:\Windows\SYSTEM32\VERSION.dll
0x00007ffb5f310000 - 0x00007ffb5f322000 	C:\Windows\SYSTEM32\UMPDC.dll
0x00007ffb5dcd0000 - 0x00007ffb5dce2000 	C:\Windows\SYSTEM32\kernel.appcore.dll
0x00007ffb512b0000 - 0x00007ffb512ba000 	c:\Users\domen\.vscode\extensions\redhat.java-1.42.0-win32-x64\jre\21.0.7-win32-x86_64\bin\jimage.dll
0x00007ffb59140000 - 0x00007ffb59341000 	C:\Windows\SYSTEM32\DBGHELP.DLL
0x00007ffb4ec20000 - 0x00007ffb4ec54000 	C:\Windows\SYSTEM32\dbgcore.DLL
0x00007ffb5ff50000 - 0x00007ffb5ffd2000 	C:\Windows\System32\bcryptPrimitives.dll
0x00007ffb449c0000 - 0x00007ffb449cf000 	c:\Users\domen\.vscode\extensions\redhat.java-1.42.0-win32-x64\jre\21.0.7-win32-x86_64\bin\instrument.dll
0x00007ffb325f0000 - 0x00007ffb3260f000 	c:\Users\domen\.vscode\extensions\redhat.java-1.42.0-win32-x64\jre\21.0.7-win32-x86_64\bin\java.dll
0x00007ffb60de0000 - 0x00007ffb6154e000 	C:\Windows\System32\SHELL32.dll
0x00007ffb5dfb0000 - 0x00007ffb5e753000 	C:\Windows\SYSTEM32\windows.storage.dll
0x00007ffb61620000 - 0x00007ffb61973000 	C:\Windows\System32\combase.dll
0x00007ffb5f8a0000 - 0x00007ffb5f8cb000 	C:\Windows\SYSTEM32\Wldp.dll
0x00007ffb61550000 - 0x00007ffb6161d000 	C:\Windows\System32\OLEAUT32.dll
0x00007ffb61bd0000 - 0x00007ffb61c7d000 	C:\Windows\System32\SHCORE.dll
0x00007ffb61b70000 - 0x00007ffb61bc5000 	C:\Windows\System32\shlwapi.dll
0x00007ffb5fe80000 - 0x00007ffb5fea5000 	C:\Windows\SYSTEM32\profapi.dll
0x00007ffb25440000 - 0x00007ffb25458000 	c:\Users\domen\.vscode\extensions\redhat.java-1.42.0-win32-x64\jre\21.0.7-win32-x86_64\bin\zip.dll
0x00007ffb510d0000 - 0x00007ffb510e0000 	C:\Users\domen\.vscode\extensions\redhat.java-1.42.0-win32-x64\jre\21.0.7-win32-x86_64\bin\net.dll
0x00007ffb57250000 - 0x00007ffb5735a000 	C:\Windows\SYSTEM32\WINHTTP.dll
0x00007ffb5f680000 - 0x00007ffb5f6ec000 	C:\Windows\system32\mswsock.dll
0x00007ffb202c0000 - 0x00007ffb202d6000 	C:\Users\domen\.vscode\extensions\redhat.java-1.42.0-win32-x64\jre\21.0.7-win32-x86_64\bin\nio.dll
0x00007ffb42040000 - 0x00007ffb42050000 	c:\Users\domen\.vscode\extensions\redhat.java-1.42.0-win32-x64\jre\21.0.7-win32-x86_64\bin\verify.dll
0x00007ffb0ee50000 - 0x00007ffb0ee95000 	C:\Users\domen\AppData\Roaming\Code\User\globalStorage\redhat.java\1.42.0\config_win\org.eclipse.equinox.launcher\org.eclipse.equinox.launcher.win32.win32.x86_64_1.2.1300.v20250331-1702\eclipse_11911.dll
0x00007ffb60c50000 - 0x00007ffb60d7b000 	C:\Windows\System32\ole32.dll
0x00007ffb5fc00000 - 0x00007ffb5fc18000 	C:\Windows\SYSTEM32\CRYPTSP.dll
0x00007ffb5ef50000 - 0x00007ffb5ef88000 	C:\Windows\system32\rsaenh.dll
0x00007ffb5fe40000 - 0x00007ffb5fe6e000 	C:\Windows\SYSTEM32\USERENV.dll
0x00007ffb5f810000 - 0x00007ffb5f81c000 	C:\Windows\SYSTEM32\CRYPTBASE.dll
0x00007ffb5f330000 - 0x00007ffb5f36b000 	C:\Windows\SYSTEM32\IPHLPAPI.DLL
0x00007ffb61b60000 - 0x00007ffb61b68000 	C:\Windows\System32\NSI.dll
0x00007ffae62e0000 - 0x00007ffae6329000 	C:\Users\domen\AppData\Local\Temp\jna-95766891\jna15746497350301626043.dll
0x00007ffb61eb0000 - 0x00007ffb61eb8000 	C:\Windows\System32\PSAPI.DLL
0x00007ffb58880000 - 0x00007ffb58897000 	C:\Windows\SYSTEM32\dhcpcsvc6.DLL
0x00007ffb58790000 - 0x00007ffb587ad000 	C:\Windows\SYSTEM32\dhcpcsvc.DLL
0x00007ffb4cfa0000 - 0x00007ffb4cfc7000 	C:\Users\domen\.gradle\native\c067742578af261105cb4f569cf0c3c89f3d7b1fecec35dd04571415982c5e48\windows-amd64\native-platform.dll
0x00007ffb4d6b0000 - 0x00007ffb4d6ba000 	C:\Users\domen\.vscode\extensions\redhat.java-1.42.0-win32-x64\jre\21.0.7-win32-x86_64\bin\management.dll
0x00007ffb4cf50000 - 0x00007ffb4cf5b000 	C:\Users\domen\.vscode\extensions\redhat.java-1.42.0-win32-x64\jre\21.0.7-win32-x86_64\bin\management_ext.dll
0x00007ffb42e10000 - 0x00007ffb42e19000 	C:\Users\domen\.vscode\extensions\redhat.java-1.42.0-win32-x64\jre\21.0.7-win32-x86_64\bin\extnet.dll
0x00007ffb42e20000 - 0x00007ffb42e2e000 	C:\Users\domen\.vscode\extensions\redhat.java-1.42.0-win32-x64\jre\21.0.7-win32-x86_64\bin\sunmscapi.dll
0x00007ffb60780000 - 0x00007ffb608dd000 	C:\Windows\System32\CRYPT32.dll
0x00007ffb5f910000 - 0x00007ffb5f937000 	C:\Windows\SYSTEM32\ncrypt.dll
0x00007ffb5f8d0000 - 0x00007ffb5f90b000 	C:\Windows\SYSTEM32\NTASN1.dll
0x00007ffb5d1f0000 - 0x00007ffb5d1f7000 	C:\Windows\system32\wshunix.dll

dbghelp: loaded successfully - version: 4.0.5 - missing functions: none
symbol engine: initialized successfully - sym options: 0x614 - pdb path: .;c:\Users\domen\.vscode\extensions\redhat.java-1.42.0-win32-x64\jre\21.0.7-win32-x86_64\bin;C:\Windows\SYSTEM32;C:\Program Files\Avast Software\Avast;C:\Windows\WinSxS\amd64_microsoft.windows.common-controls_6595b64144ccf1df_6.0.19041.5794_none_60bcd33171f2783c;c:\Users\domen\.vscode\extensions\redhat.java-1.42.0-win32-x64\jre\21.0.7-win32-x86_64\bin\server;C:\Users\domen\AppData\Roaming\Code\User\globalStorage\redhat.java\1.42.0\config_win\org.eclipse.equinox.launcher\org.eclipse.equinox.launcher.win32.win32.x86_64_1.2.1300.v20250331-1702;C:\Users\domen\AppData\Local\Temp\jna-95766891;C:\Users\domen\.gradle\native\c067742578af261105cb4f569cf0c3c89f3d7b1fecec35dd04571415982c5e48\windows-amd64

VM Arguments:
jvm_args: --add-modules=ALL-SYSTEM --add-opens=java.base/java.util=ALL-UNNAMED --add-opens=java.base/java.lang=ALL-UNNAMED --add-opens=java.base/sun.nio.fs=ALL-UNNAMED -Declipse.application=org.eclipse.jdt.ls.core.id1 -Dosgi.bundles.defaultStartLevel=4 -Declipse.product=org.eclipse.jdt.ls.core.product -Djava.import.generatesMetadataFilesAtProjectRoot=false -DDetectVMInstallationsJob.disabled=true -Dfile.encoding=utf8 -XX:+UseParallelGC -XX:GCTimeRatio=4 -XX:AdaptiveSizePolicyWeight=90 -Dsun.zip.disableMemoryMapping=true -Xmx1G -Xms100m -Xlog:disable -javaagent:c:\Users\domen\.vscode\extensions\redhat.java-1.42.0-win32-x64\lombok\lombok-1.18.36.jar -XX:+HeapDumpOnOutOfMemoryError -XX:HeapDumpPath=c:\Users\domen\AppData\Roaming\Code\User\workspaceStorage\7025abc7b0a5c563c1354d30b7485e60\redhat.java -Daether.dependencyCollector.impl=bf 
java_command: c:\Users\domen\.vscode\extensions\redhat.java-1.42.0-win32-x64\server\plugins\org.eclipse.equinox.launcher_1.7.0.v20250424-1814.jar -configuration c:\Users\domen\AppData\Roaming\Code\User\globalStorage\redhat.java\1.42.0\config_win -data c:\Users\domen\AppData\Roaming\Code\User\workspaceStorage\7025abc7b0a5c563c1354d30b7485e60\redhat.java\jdt_ws --pipe=\\.\pipe\lsp-4c5e1157fccffce481bbd092387dc2c0-sock
java_class_path (initial): c:\Users\domen\.vscode\extensions\redhat.java-1.42.0-win32-x64\server\plugins\org.eclipse.equinox.launcher_1.7.0.v20250424-1814.jar
Launcher Type: SUN_STANDARD

[Global flags]
    uintx AdaptiveSizePolicyWeight                 = 90                                        {product} {command line}
     intx CICompilerCount                          = 4                                         {product} {ergonomic}
    uintx GCTimeRatio                              = 4                                         {product} {command line}
     bool HeapDumpOnOutOfMemoryError               = true                                   {manageable} {command line}
    ccstr HeapDumpPath                             = c:\Users\domen\AppData\Roaming\Code\User\workspaceStorage\7025abc7b0a5c563c1354d30b7485e60\redhat.java         {manageable} {command line}
   size_t InitialHeapSize                          = 104857600                                 {product} {command line}
   size_t MaxHeapSize                              = 1073741824                                {product} {command line}
   size_t MaxNewSize                               = 357564416                                 {product} {ergonomic}
   size_t MinHeapDeltaBytes                        = 524288                                    {product} {ergonomic}
   size_t MinHeapSize                              = 104857600                                 {product} {command line}
   size_t NewSize                                  = 34603008                                  {product} {ergonomic}
    uintx NonNMethodCodeHeapSize                   = 5839372                                {pd product} {ergonomic}
    uintx NonProfiledCodeHeapSize                  = 122909434                              {pd product} {ergonomic}
   size_t OldSize                                  = 70254592                                  {product} {ergonomic}
    uintx ProfiledCodeHeapSize                     = 122909434                              {pd product} {ergonomic}
    uintx ReservedCodeCacheSize                    = 251658240                              {pd product} {ergonomic}
     bool SegmentedCodeCache                       = true                                      {product} {ergonomic}
   size_t SoftMaxHeapSize                          = 1073741824                             {manageable} {ergonomic}
     bool UseCompressedOops                        = true                           {product lp64_product} {ergonomic}
     bool UseLargePagesIndividualAllocation        = false                                  {pd product} {ergonomic}
     bool UseParallelGC                            = true                                      {product} {command line}

Logging:
Log output configuration:
 #0: stdout all=off uptime,level,tags foldmultilines=false
 #1: stderr all=off uptime,level,tags foldmultilines=false

Environment Variables:
JAVA_HOME=C:\Program Files\Java\jdk-23
PATH=c:\Users\domen\AppData\Local\Programs\cursor\resources\app\bin;C:\Program Files\Common Files\Oracle\Java\javapath;C:\Program Files (x86)\Common Files\Oracle\Java\java8path;C:\Program Files (x86)\Common Files\Oracle\Java\javapath;C:\Windows\system32;C:\Windows;C:\Windows\System32\Wbem;C:\Windows\System32\WindowsPowerShell\v1.0\;C:\Windows\System32\OpenSSH\;C:\ProgramData\chocolatey\bin;C:\Program Files\dotnet\;C:\Android;C:\Windows\System32;C:\MinGW\bin;C:\mingw64\bin;C:\Program Files\Java\jdk-21\bin;C:\Users\domen\AppData\Local\Microsoft\WindowsApps;C:\Program Files\CodeBlocks\MinGW\bin;C:\Users\domen\AppData\Local\GitHubDesktop\bin;C:\msys64\ucrt64\bin;c:\Users\domen\AppData\Local\Programs\cursor\resources\app\bin;c:\Users\domen\AppData\Local\Programs\cursor\resources\app\bin;C:\Program Files\Git\cmd;C:\Program Files (x86)\Windows Kits\10\Windows Performance Toolkit\;C:\Program Files\nodejs\;C:\Program Files\Docker\Docker\resources\bin;C:\Program Files\Java\jdk-21\bin;C:\Users\domen\AppData\Local\Microsoft\WindowsApps;C:\Users\domen\AppData\Local\Programs\Microsoft VS Code\bin;C:\Program Files\CodeBlocks\MinGW\bin;C:\Users\domen\AppData\Local\GitHubDesktop\bin;C:\msys64\ucrt64\bin;C:\src\flutter\bin;C:\tools\dart-sdk\bin;C:\Users\domen\AppData\Local\Pub\Cache\bin;C:\Program Files\Apache\Maven\apache-maven-3.9.9\bin;C:\Users\domen\AppData\Local\Muse Hub\lib;C:\Users\domen\AppData\Local\Microsoft\WinGet\Links;C:\Users\domen\AppData\Roaming\npm
USERNAME=domen
OS=Windows_NT
PROCESSOR_IDENTIFIER=AMD64 Family 23 Model 1 Stepping 1, AuthenticAMD
TMP=C:\Users\domen\AppData\Local\Temp
TEMP=C:\Users\domen\AppData\Local\Temp




Periodic native trim disabled

---------------  S Y S T E M  ---------------

OS:
 Windows 10 , 64 bit Build 19041 (10.0.19041.5794)
OS uptime: 0 days 21:28 hours
Hyper-V role detected

CPU: total 8 (initial active 8) (8 cores per cpu, 2 threads per core) family 23 model 1 stepping 1 microcode 0x0, cx8, cmov, fxsr, ht, mmx, 3dnowpref, sse, sse2, sse3, ssse3, sse4a, sse4.1, sse4.2, popcnt, lzcnt, tsc, tscinvbit, avx, avx2, aes, clmul, bmi1, bmi2, adx, sha, fma, vzeroupper, clflush, clflushopt, hv, rdtscp, f16c
Processor Information for the first 8 processors :
  Max Mhz: 3200, Current Mhz: 3200, Mhz Limit: 3200

Memory: 4k page, system-wide physical 24512M (5743M free)
TotalPageFile size 41920M (AvailPageFile size 14482M)
current process WorkingSet (physical memory assigned to process): 1193M, peak: 1193M
current process commit charge ("private bytes"): 957M, peak: 967M

vm_info: OpenJDK 64-Bit Server VM (21.0.7+6-LTS) for windows-amd64 JRE (21.0.7+6-LTS), built on 2025-04-15T00:00:00Z by "admin" with MS VC++ 17.7 (VS2022)

END.
